[2025-12-08T21:08:08.631+0000] {manager.py:487} INFO - Processing files using up to 2 processes at a time 
[2025-12-08T21:08:08.631+0000] {manager.py:488} INFO - Process each file at most once every 30 seconds
[2025-12-08T21:08:08.631+0000] {manager.py:489} INFO - Checking for new files in /opt/airflow/dags every 10 seconds
[2025-12-08T21:08:08.632+0000] {manager.py:755} INFO - Searching for files in /opt/airflow/dags
[2025-12-08T21:08:08.633+0000] {manager.py:758} INFO - There are 0 files in /opt/airflow/dags
[2025-12-08T21:08:18.722+0000] {manager.py:755} INFO - Searching for files in /opt/airflow/dags
[2025-12-08T21:08:18.723+0000] {manager.py:758} INFO - There are 0 files in /opt/airflow/dags
[2025-12-08T21:08:28.773+0000] {manager.py:755} INFO - Searching for files in /opt/airflow/dags
[2025-12-08T21:08:28.773+0000] {manager.py:758} INFO - There are 0 files in /opt/airflow/dags
[2025-12-08T21:08:38.811+0000] {manager.py:755} INFO - Searching for files in /opt/airflow/dags
[2025-12-08T21:08:38.812+0000] {manager.py:758} INFO - There are 0 files in /opt/airflow/dags
[2025-12-08T21:08:48.854+0000] {manager.py:755} INFO - Searching for files in /opt/airflow/dags
[2025-12-08T21:08:48.855+0000] {manager.py:758} INFO - There are 0 files in /opt/airflow/dags
[2025-12-08T21:08:58.894+0000] {manager.py:755} INFO - Searching for files in /opt/airflow/dags
[2025-12-08T21:08:58.894+0000] {manager.py:758} INFO - There are 0 files in /opt/airflow/dags
[2025-12-08T21:09:08.933+0000] {manager.py:755} INFO - Searching for files in /opt/airflow/dags
[2025-12-08T21:09:08.934+0000] {manager.py:758} INFO - There are 0 files in /opt/airflow/dags
[2025-12-08T21:09:18.970+0000] {manager.py:755} INFO - Searching for files in /opt/airflow/dags
[2025-12-08T21:09:18.971+0000] {manager.py:758} INFO - There are 0 files in /opt/airflow/dags
[2025-12-08T21:09:29.005+0000] {manager.py:755} INFO - Searching for files in /opt/airflow/dags
[2025-12-08T21:09:29.005+0000] {manager.py:758} INFO - There are 0 files in /opt/airflow/dags
[2025-12-08T21:09:39.039+0000] {manager.py:755} INFO - Searching for files in /opt/airflow/dags
[2025-12-08T21:09:39.040+0000] {manager.py:758} INFO - There are 0 files in /opt/airflow/dags
[2025-12-08T21:09:49.076+0000] {manager.py:755} INFO - Searching for files in /opt/airflow/dags
[2025-12-08T21:09:49.077+0000] {manager.py:758} INFO - There are 0 files in /opt/airflow/dags
[2025-12-08T21:09:59.111+0000] {manager.py:755} INFO - Searching for files in /opt/airflow/dags
[2025-12-08T21:09:59.111+0000] {manager.py:758} INFO - There are 0 files in /opt/airflow/dags
[2025-12-08T21:10:09.149+0000] {manager.py:755} INFO - Searching for files in /opt/airflow/dags
[2025-12-08T21:10:09.149+0000] {manager.py:758} INFO - There are 0 files in /opt/airflow/dags
[2025-12-08T21:10:19.184+0000] {manager.py:755} INFO - Searching for files in /opt/airflow/dags
[2025-12-08T21:10:19.184+0000] {manager.py:758} INFO - There are 0 files in /opt/airflow/dags
[2025-12-08T21:10:29.222+0000] {manager.py:755} INFO - Searching for files in /opt/airflow/dags
[2025-12-08T21:10:29.222+0000] {manager.py:758} INFO - There are 0 files in /opt/airflow/dags
[2025-12-08T21:10:39.259+0000] {manager.py:755} INFO - Searching for files in /opt/airflow/dags
[2025-12-08T21:10:39.259+0000] {manager.py:758} INFO - There are 0 files in /opt/airflow/dags
[2025-12-08T21:10:49.292+0000] {manager.py:755} INFO - Searching for files in /opt/airflow/dags
[2025-12-08T21:10:49.292+0000] {manager.py:758} INFO - There are 0 files in /opt/airflow/dags
[2025-12-08T21:10:59.325+0000] {manager.py:755} INFO - Searching for files in /opt/airflow/dags
[2025-12-08T21:10:59.326+0000] {manager.py:758} INFO - There are 0 files in /opt/airflow/dags
[2025-12-08T21:11:09.364+0000] {manager.py:755} INFO - Searching for files in /opt/airflow/dags
[2025-12-08T21:11:09.364+0000] {manager.py:758} INFO - There are 0 files in /opt/airflow/dags
[2025-12-08T21:11:19.397+0000] {manager.py:755} INFO - Searching for files in /opt/airflow/dags
[2025-12-08T21:11:19.397+0000] {manager.py:758} INFO - There are 0 files in /opt/airflow/dags
[2025-12-08T21:11:29.429+0000] {manager.py:755} INFO - Searching for files in /opt/airflow/dags
[2025-12-08T21:11:29.429+0000] {manager.py:758} INFO - There are 0 files in /opt/airflow/dags
[2025-12-08T21:11:39.470+0000] {manager.py:755} INFO - Searching for files in /opt/airflow/dags
[2025-12-08T21:11:39.470+0000] {manager.py:758} INFO - There are 0 files in /opt/airflow/dags
[2025-12-08T21:11:49.507+0000] {manager.py:755} INFO - Searching for files in /opt/airflow/dags
[2025-12-08T21:11:49.507+0000] {manager.py:758} INFO - There are 0 files in /opt/airflow/dags
[2025-12-08T21:11:59.542+0000] {manager.py:755} INFO - Searching for files in /opt/airflow/dags
[2025-12-08T21:11:59.542+0000] {manager.py:758} INFO - There are 0 files in /opt/airflow/dags
[2025-12-08T21:12:09.582+0000] {manager.py:755} INFO - Searching for files in /opt/airflow/dags
[2025-12-08T21:12:09.582+0000] {manager.py:758} INFO - There are 0 files in /opt/airflow/dags
[2025-12-08T21:12:19.618+0000] {manager.py:755} INFO - Searching for files in /opt/airflow/dags
[2025-12-08T21:12:19.619+0000] {manager.py:758} INFO - There are 0 files in /opt/airflow/dags
[2025-12-08T21:12:29.655+0000] {manager.py:755} INFO - Searching for files in /opt/airflow/dags
[2025-12-08T21:12:29.656+0000] {manager.py:758} INFO - There are 0 files in /opt/airflow/dags
[2025-12-08T21:12:39.692+0000] {manager.py:755} INFO - Searching for files in /opt/airflow/dags
[2025-12-08T21:12:39.693+0000] {manager.py:758} INFO - There are 0 files in /opt/airflow/dags
[2025-12-08T21:12:49.733+0000] {manager.py:755} INFO - Searching for files in /opt/airflow/dags
[2025-12-08T21:12:49.733+0000] {manager.py:758} INFO - There are 0 files in /opt/airflow/dags
[2025-12-08T21:12:59.795+0000] {manager.py:755} INFO - Searching for files in /opt/airflow/dags
[2025-12-08T21:12:59.796+0000] {manager.py:758} INFO - There are 0 files in /opt/airflow/dags
[2025-12-08T21:13:03.051+0000] {manager.py:469} INFO - Exiting gracefully upon receiving signal 15
[2025-12-09T09:18:00.708+0000] {manager.py:487} INFO - Processing files using up to 2 processes at a time 
[2025-12-09T09:18:00.716+0000] {manager.py:488} INFO - Process each file at most once every 30 seconds
[2025-12-09T09:18:00.716+0000] {manager.py:489} INFO - Checking for new files in /opt/airflow/dags every 10 seconds
[2025-12-09T09:18:00.717+0000] {manager.py:755} INFO - Searching for files in /opt/airflow/dags
[2025-12-09T09:18:00.718+0000] {manager.py:758} INFO - There are 0 files in /opt/airflow/dags
[2025-12-09T09:18:10.043+0000] {manager.py:469} INFO - Exiting gracefully upon receiving signal 15
[2025-12-09T09:18:48.659+0000] {manager.py:487} INFO - Processing files using up to 2 processes at a time 
[2025-12-09T09:18:48.666+0000] {manager.py:488} INFO - Process each file at most once every 30 seconds
[2025-12-09T09:18:48.666+0000] {manager.py:489} INFO - Checking for new files in /opt/airflow/dags every 10 seconds
[2025-12-09T09:18:48.667+0000] {manager.py:755} INFO - Searching for files in /opt/airflow/dags
[2025-12-09T09:18:48.668+0000] {manager.py:758} INFO - There are 0 files in /opt/airflow/dags
[2025-12-09T09:18:58.738+0000] {manager.py:755} INFO - Searching for files in /opt/airflow/dags
[2025-12-09T09:18:58.738+0000] {manager.py:758} INFO - There are 0 files in /opt/airflow/dags
[2025-12-09T09:19:08.774+0000] {manager.py:755} INFO - Searching for files in /opt/airflow/dags
[2025-12-09T09:19:08.775+0000] {manager.py:758} INFO - There are 0 files in /opt/airflow/dags
[2025-12-09T09:19:18.809+0000] {manager.py:755} INFO - Searching for files in /opt/airflow/dags
[2025-12-09T09:19:18.809+0000] {manager.py:758} INFO - There are 0 files in /opt/airflow/dags
[2025-12-09T09:19:28.845+0000] {manager.py:755} INFO - Searching for files in /opt/airflow/dags
[2025-12-09T09:19:28.845+0000] {manager.py:758} INFO - There are 0 files in /opt/airflow/dags
[2025-12-09T09:19:38.884+0000] {manager.py:755} INFO - Searching for files in /opt/airflow/dags
[2025-12-09T09:19:38.884+0000] {manager.py:758} INFO - There are 0 files in /opt/airflow/dags
[2025-12-09T09:19:48.922+0000] {manager.py:755} INFO - Searching for files in /opt/airflow/dags
[2025-12-09T09:19:48.922+0000] {manager.py:758} INFO - There are 0 files in /opt/airflow/dags
[2025-12-09T09:19:58.957+0000] {manager.py:755} INFO - Searching for files in /opt/airflow/dags
[2025-12-09T09:19:58.957+0000] {manager.py:758} INFO - There are 0 files in /opt/airflow/dags
[2025-12-09T09:20:08.991+0000] {manager.py:755} INFO - Searching for files in /opt/airflow/dags
[2025-12-09T09:20:08.992+0000] {manager.py:758} INFO - There are 0 files in /opt/airflow/dags
[2025-12-09T09:20:19.027+0000] {manager.py:755} INFO - Searching for files in /opt/airflow/dags
[2025-12-09T09:20:19.027+0000] {manager.py:758} INFO - There are 0 files in /opt/airflow/dags
[2025-12-09T09:20:29.066+0000] {manager.py:755} INFO - Searching for files in /opt/airflow/dags
[2025-12-09T09:20:29.067+0000] {manager.py:758} INFO - There are 0 files in /opt/airflow/dags
[2025-12-09T09:20:39.102+0000] {manager.py:755} INFO - Searching for files in /opt/airflow/dags
[2025-12-09T09:20:39.103+0000] {manager.py:758} INFO - There are 0 files in /opt/airflow/dags
[2025-12-09T09:20:49.140+0000] {manager.py:755} INFO - Searching for files in /opt/airflow/dags
[2025-12-09T09:20:49.140+0000] {manager.py:758} INFO - There are 0 files in /opt/airflow/dags
[2025-12-09T09:20:59.175+0000] {manager.py:755} INFO - Searching for files in /opt/airflow/dags
[2025-12-09T09:20:59.176+0000] {manager.py:758} INFO - There are 0 files in /opt/airflow/dags
[2025-12-09T09:21:09.213+0000] {manager.py:755} INFO - Searching for files in /opt/airflow/dags
[2025-12-09T09:21:09.213+0000] {manager.py:758} INFO - There are 0 files in /opt/airflow/dags
[2025-12-09T09:21:19.247+0000] {manager.py:755} INFO - Searching for files in /opt/airflow/dags
[2025-12-09T09:21:19.248+0000] {manager.py:758} INFO - There are 0 files in /opt/airflow/dags
[2025-12-09T09:21:29.285+0000] {manager.py:755} INFO - Searching for files in /opt/airflow/dags
[2025-12-09T09:21:29.285+0000] {manager.py:758} INFO - There are 0 files in /opt/airflow/dags
[2025-12-09T09:21:39.321+0000] {manager.py:755} INFO - Searching for files in /opt/airflow/dags
[2025-12-09T09:21:39.321+0000] {manager.py:758} INFO - There are 0 files in /opt/airflow/dags
[2025-12-09T09:21:49.355+0000] {manager.py:755} INFO - Searching for files in /opt/airflow/dags
[2025-12-09T09:21:49.356+0000] {manager.py:758} INFO - There are 0 files in /opt/airflow/dags
[2025-12-09T09:21:59.394+0000] {manager.py:755} INFO - Searching for files in /opt/airflow/dags
[2025-12-09T09:21:59.394+0000] {manager.py:758} INFO - There are 0 files in /opt/airflow/dags
[2025-12-09T09:22:09.432+0000] {manager.py:755} INFO - Searching for files in /opt/airflow/dags
[2025-12-09T09:22:09.433+0000] {manager.py:758} INFO - There are 0 files in /opt/airflow/dags
[2025-12-09T09:22:19.468+0000] {manager.py:755} INFO - Searching for files in /opt/airflow/dags
[2025-12-09T09:22:19.469+0000] {manager.py:758} INFO - There are 0 files in /opt/airflow/dags
[2025-12-09T09:22:29.504+0000] {manager.py:755} INFO - Searching for files in /opt/airflow/dags
[2025-12-09T09:22:29.504+0000] {manager.py:758} INFO - There are 0 files in /opt/airflow/dags
[2025-12-09T09:22:39.542+0000] {manager.py:755} INFO - Searching for files in /opt/airflow/dags
[2025-12-09T09:22:39.542+0000] {manager.py:758} INFO - There are 0 files in /opt/airflow/dags
[2025-12-09T09:22:49.577+0000] {manager.py:755} INFO - Searching for files in /opt/airflow/dags
[2025-12-09T09:22:49.578+0000] {manager.py:758} INFO - There are 0 files in /opt/airflow/dags
[2025-12-09T09:22:59.612+0000] {manager.py:755} INFO - Searching for files in /opt/airflow/dags
[2025-12-09T09:22:59.613+0000] {manager.py:758} INFO - There are 0 files in /opt/airflow/dags
[2025-12-09T09:23:09.644+0000] {manager.py:755} INFO - Searching for files in /opt/airflow/dags
[2025-12-09T09:23:09.645+0000] {manager.py:758} INFO - There are 0 files in /opt/airflow/dags
[2025-12-09T09:23:19.679+0000] {manager.py:755} INFO - Searching for files in /opt/airflow/dags
[2025-12-09T09:23:19.679+0000] {manager.py:758} INFO - There are 0 files in /opt/airflow/dags
[2025-12-09T09:23:29.715+0000] {manager.py:755} INFO - Searching for files in /opt/airflow/dags
[2025-12-09T09:23:29.716+0000] {manager.py:758} INFO - There are 0 files in /opt/airflow/dags
[2025-12-09T09:23:39.748+0000] {manager.py:755} INFO - Searching for files in /opt/airflow/dags
[2025-12-09T09:23:39.749+0000] {manager.py:758} INFO - There are 0 files in /opt/airflow/dags
[2025-12-09T09:23:49.784+0000] {manager.py:755} INFO - Searching for files in /opt/airflow/dags
[2025-12-09T09:23:49.785+0000] {manager.py:758} INFO - There are 0 files in /opt/airflow/dags
[2025-12-09T09:23:59.823+0000] {manager.py:755} INFO - Searching for files in /opt/airflow/dags
[2025-12-09T09:23:59.824+0000] {manager.py:758} INFO - There are 0 files in /opt/airflow/dags
[2025-12-09T09:24:09.861+0000] {manager.py:755} INFO - Searching for files in /opt/airflow/dags
[2025-12-09T09:24:09.862+0000] {manager.py:758} INFO - There are 0 files in /opt/airflow/dags
[2025-12-09T09:24:19.898+0000] {manager.py:755} INFO - Searching for files in /opt/airflow/dags
[2025-12-09T09:24:19.898+0000] {manager.py:758} INFO - There are 0 files in /opt/airflow/dags
[2025-12-09T09:24:29.935+0000] {manager.py:755} INFO - Searching for files in /opt/airflow/dags
[2025-12-09T09:24:29.936+0000] {manager.py:758} INFO - There are 0 files in /opt/airflow/dags
[2025-12-09T09:24:39.970+0000] {manager.py:755} INFO - Searching for files in /opt/airflow/dags
[2025-12-09T09:24:39.971+0000] {manager.py:758} INFO - There are 0 files in /opt/airflow/dags
[2025-12-09T09:24:50.008+0000] {manager.py:755} INFO - Searching for files in /opt/airflow/dags
[2025-12-09T09:24:50.008+0000] {manager.py:758} INFO - There are 0 files in /opt/airflow/dags
[2025-12-09T09:25:00.042+0000] {manager.py:755} INFO - Searching for files in /opt/airflow/dags
[2025-12-09T09:25:00.043+0000] {manager.py:758} INFO - There are 0 files in /opt/airflow/dags
[2025-12-09T09:25:10.080+0000] {manager.py:755} INFO - Searching for files in /opt/airflow/dags
[2025-12-09T09:25:10.080+0000] {manager.py:758} INFO - There are 0 files in /opt/airflow/dags
[2025-12-09T09:25:20.113+0000] {manager.py:755} INFO - Searching for files in /opt/airflow/dags
[2025-12-09T09:25:20.113+0000] {manager.py:758} INFO - There are 0 files in /opt/airflow/dags
[2025-12-09T09:25:30.150+0000] {manager.py:755} INFO - Searching for files in /opt/airflow/dags
[2025-12-09T09:25:30.151+0000] {manager.py:758} INFO - There are 0 files in /opt/airflow/dags
[2025-12-09T09:25:40.191+0000] {manager.py:755} INFO - Searching for files in /opt/airflow/dags
[2025-12-09T09:25:40.191+0000] {manager.py:758} INFO - There are 0 files in /opt/airflow/dags
[2025-12-09T09:25:50.229+0000] {manager.py:755} INFO - Searching for files in /opt/airflow/dags
[2025-12-09T09:25:50.229+0000] {manager.py:758} INFO - There are 0 files in /opt/airflow/dags
[2025-12-09T09:26:00.267+0000] {manager.py:755} INFO - Searching for files in /opt/airflow/dags
[2025-12-09T09:26:00.267+0000] {manager.py:758} INFO - There are 0 files in /opt/airflow/dags
[2025-12-09T09:26:10.307+0000] {manager.py:755} INFO - Searching for files in /opt/airflow/dags
[2025-12-09T09:26:10.307+0000] {manager.py:758} INFO - There are 0 files in /opt/airflow/dags
[2025-12-09T09:26:14.800+0000] {manager.py:469} INFO - Exiting gracefully upon receiving signal 15
[2025-12-09T09:27:02.571+0000] {manager.py:487} INFO - Processing files using up to 2 processes at a time 
[2025-12-09T09:27:02.578+0000] {manager.py:488} INFO - Process each file at most once every 30 seconds
[2025-12-09T09:27:02.579+0000] {manager.py:489} INFO - Checking for new files in /opt/airflow/dags every 10 seconds
[2025-12-09T09:27:02.580+0000] {manager.py:755} INFO - Searching for files in /opt/airflow/dags
[2025-12-09T09:27:02.581+0000] {manager.py:758} INFO - There are 0 files in /opt/airflow/dags
[2025-12-09T09:27:12.663+0000] {manager.py:755} INFO - Searching for files in /opt/airflow/dags
[2025-12-09T09:27:12.663+0000] {manager.py:758} INFO - There are 0 files in /opt/airflow/dags
[2025-12-09T09:27:22.709+0000] {manager.py:755} INFO - Searching for files in /opt/airflow/dags
[2025-12-09T09:27:22.709+0000] {manager.py:758} INFO - There are 0 files in /opt/airflow/dags
[2025-12-09T09:27:32.747+0000] {manager.py:755} INFO - Searching for files in /opt/airflow/dags
[2025-12-09T09:27:32.748+0000] {manager.py:758} INFO - There are 0 files in /opt/airflow/dags
[2025-12-09T09:27:42.788+0000] {manager.py:755} INFO - Searching for files in /opt/airflow/dags
[2025-12-09T09:27:42.788+0000] {manager.py:758} INFO - There are 0 files in /opt/airflow/dags
[2025-12-09T09:27:52.831+0000] {manager.py:755} INFO - Searching for files in /opt/airflow/dags
[2025-12-09T09:27:52.832+0000] {manager.py:758} INFO - There are 0 files in /opt/airflow/dags
[2025-12-09T09:28:02.870+0000] {manager.py:755} INFO - Searching for files in /opt/airflow/dags
[2025-12-09T09:28:02.871+0000] {manager.py:758} INFO - There are 0 files in /opt/airflow/dags
[2025-12-09T09:28:12.916+0000] {manager.py:755} INFO - Searching for files in /opt/airflow/dags
[2025-12-09T09:28:12.917+0000] {manager.py:758} INFO - There are 0 files in /opt/airflow/dags
[2025-12-09T09:28:22.971+0000] {manager.py:755} INFO - Searching for files in /opt/airflow/dags
[2025-12-09T09:28:22.972+0000] {manager.py:758} INFO - There are 0 files in /opt/airflow/dags
[2025-12-09T09:28:33.005+0000] {manager.py:755} INFO - Searching for files in /opt/airflow/dags
[2025-12-09T09:28:33.006+0000] {manager.py:758} INFO - There are 0 files in /opt/airflow/dags
[2025-12-09T09:28:43.043+0000] {manager.py:755} INFO - Searching for files in /opt/airflow/dags
[2025-12-09T09:28:43.043+0000] {manager.py:758} INFO - There are 0 files in /opt/airflow/dags
[2025-12-09T09:28:53.080+0000] {manager.py:755} INFO - Searching for files in /opt/airflow/dags
[2025-12-09T09:28:53.081+0000] {manager.py:758} INFO - There are 0 files in /opt/airflow/dags
[2025-12-09T09:29:03.117+0000] {manager.py:755} INFO - Searching for files in /opt/airflow/dags
[2025-12-09T09:29:03.118+0000] {manager.py:758} INFO - There are 0 files in /opt/airflow/dags
[2025-12-09T09:29:13.158+0000] {manager.py:755} INFO - Searching for files in /opt/airflow/dags
[2025-12-09T09:29:13.158+0000] {manager.py:758} INFO - There are 0 files in /opt/airflow/dags
[2025-12-09T09:29:23.193+0000] {manager.py:755} INFO - Searching for files in /opt/airflow/dags
[2025-12-09T09:29:23.194+0000] {manager.py:758} INFO - There are 0 files in /opt/airflow/dags
[2025-12-09T09:29:33.248+0000] {manager.py:755} INFO - Searching for files in /opt/airflow/dags
[2025-12-09T09:29:33.249+0000] {manager.py:758} INFO - There are 0 files in /opt/airflow/dags
[2025-12-09T09:29:37.962+0000] {manager.py:469} INFO - Exiting gracefully upon receiving signal 15
[2025-12-09T09:33:27.759+0000] {manager.py:487} INFO - Processing files using up to 2 processes at a time 
[2025-12-09T09:33:27.760+0000] {manager.py:488} INFO - Process each file at most once every 30 seconds
[2025-12-09T09:33:27.760+0000] {manager.py:489} INFO - Checking for new files in /opt/airflow/dags every 10 seconds
[2025-12-09T09:33:27.760+0000] {manager.py:755} INFO - Searching for files in /opt/airflow/dags
[2025-12-09T09:33:27.761+0000] {manager.py:758} INFO - There are 0 files in /opt/airflow/dags
[2025-12-09T09:33:37.834+0000] {manager.py:755} INFO - Searching for files in /opt/airflow/dags
[2025-12-09T09:33:37.834+0000] {manager.py:758} INFO - There are 0 files in /opt/airflow/dags
[2025-12-09T09:33:47.872+0000] {manager.py:755} INFO - Searching for files in /opt/airflow/dags
[2025-12-09T09:33:47.873+0000] {manager.py:758} INFO - There are 0 files in /opt/airflow/dags
[2025-12-09T09:33:57.912+0000] {manager.py:755} INFO - Searching for files in /opt/airflow/dags
[2025-12-09T09:33:57.912+0000] {manager.py:758} INFO - There are 0 files in /opt/airflow/dags
[2025-12-09T09:34:07.943+0000] {manager.py:755} INFO - Searching for files in /opt/airflow/dags
[2025-12-09T09:34:07.944+0000] {manager.py:758} INFO - There are 0 files in /opt/airflow/dags
[2025-12-09T09:34:17.979+0000] {manager.py:755} INFO - Searching for files in /opt/airflow/dags
[2025-12-09T09:34:17.979+0000] {manager.py:758} INFO - There are 0 files in /opt/airflow/dags
[2025-12-09T09:34:28.014+0000] {manager.py:755} INFO - Searching for files in /opt/airflow/dags
[2025-12-09T09:34:28.015+0000] {manager.py:758} INFO - There are 0 files in /opt/airflow/dags
[2025-12-09T09:34:38.055+0000] {manager.py:755} INFO - Searching for files in /opt/airflow/dags
[2025-12-09T09:34:38.056+0000] {manager.py:758} INFO - There are 0 files in /opt/airflow/dags
[2025-12-09T09:34:48.093+0000] {manager.py:755} INFO - Searching for files in /opt/airflow/dags
[2025-12-09T09:34:48.094+0000] {manager.py:758} INFO - There are 0 files in /opt/airflow/dags
[2025-12-09T09:34:58.130+0000] {manager.py:755} INFO - Searching for files in /opt/airflow/dags
[2025-12-09T09:34:58.131+0000] {manager.py:758} INFO - There are 0 files in /opt/airflow/dags
[2025-12-09T09:35:08.166+0000] {manager.py:755} INFO - Searching for files in /opt/airflow/dags
[2025-12-09T09:35:08.167+0000] {manager.py:758} INFO - There are 0 files in /opt/airflow/dags
[2025-12-09T09:35:18.199+0000] {manager.py:755} INFO - Searching for files in /opt/airflow/dags
[2025-12-09T09:35:18.200+0000] {manager.py:758} INFO - There are 0 files in /opt/airflow/dags
[2025-12-09T09:35:28.238+0000] {manager.py:755} INFO - Searching for files in /opt/airflow/dags
[2025-12-09T09:35:28.239+0000] {manager.py:758} INFO - There are 0 files in /opt/airflow/dags
[2025-12-09T09:35:38.273+0000] {manager.py:755} INFO - Searching for files in /opt/airflow/dags
[2025-12-09T09:35:38.273+0000] {manager.py:758} INFO - There are 0 files in /opt/airflow/dags
[2025-12-09T09:35:48.309+0000] {manager.py:755} INFO - Searching for files in /opt/airflow/dags
[2025-12-09T09:35:48.310+0000] {manager.py:758} INFO - There are 0 files in /opt/airflow/dags
[2025-12-09T09:35:58.354+0000] {manager.py:755} INFO - Searching for files in /opt/airflow/dags
[2025-12-09T09:35:58.355+0000] {manager.py:758} INFO - There are 0 files in /opt/airflow/dags
[2025-12-09T09:36:08.401+0000] {manager.py:755} INFO - Searching for files in /opt/airflow/dags
[2025-12-09T09:36:08.402+0000] {manager.py:758} INFO - There are 0 files in /opt/airflow/dags
[2025-12-09T09:36:18.442+0000] {manager.py:755} INFO - Searching for files in /opt/airflow/dags
[2025-12-09T09:36:18.443+0000] {manager.py:758} INFO - There are 0 files in /opt/airflow/dags
[2025-12-09T09:36:28.483+0000] {manager.py:755} INFO - Searching for files in /opt/airflow/dags
[2025-12-09T09:36:28.483+0000] {manager.py:758} INFO - There are 0 files in /opt/airflow/dags
[2025-12-09T09:36:38.525+0000] {manager.py:755} INFO - Searching for files in /opt/airflow/dags
[2025-12-09T09:36:38.525+0000] {manager.py:758} INFO - There are 0 files in /opt/airflow/dags
[2025-12-09T09:36:48.571+0000] {manager.py:755} INFO - Searching for files in /opt/airflow/dags
[2025-12-09T09:36:48.571+0000] {manager.py:758} INFO - There are 0 files in /opt/airflow/dags
[2025-12-09T09:36:58.609+0000] {manager.py:755} INFO - Searching for files in /opt/airflow/dags
[2025-12-09T09:36:58.610+0000] {manager.py:758} INFO - There are 1 files in /opt/airflow/dags
[2025-12-09T09:36:58.622+0000] {manager.py:887} INFO - 
================================================================================
DAG File Processing Stats

File Path                                                PID  Runtime      # DAGs    # Errors  Last Runtime    Last Run
-----------------------------------------------------  -----  ---------  --------  ----------  --------------  ----------
/opt/airflow/dags/d714e607e62c40578f7691f8b22fb1fc.py    104  0.00s             0           0
================================================================================
[2025-12-09T09:37:08.657+0000] {manager.py:755} INFO - Searching for files in /opt/airflow/dags
[2025-12-09T09:37:08.658+0000] {manager.py:758} INFO - There are 1 files in /opt/airflow/dags
[2025-12-09T09:37:18.692+0000] {manager.py:755} INFO - Searching for files in /opt/airflow/dags
[2025-12-09T09:37:18.693+0000] {manager.py:758} INFO - There are 1 files in /opt/airflow/dags
[2025-12-09T09:37:28.727+0000] {manager.py:755} INFO - Searching for files in /opt/airflow/dags
[2025-12-09T09:37:28.728+0000] {manager.py:758} INFO - There are 1 files in /opt/airflow/dags
[2025-12-09T09:37:28.730+0000] {manager.py:887} INFO - 
================================================================================
DAG File Processing Stats

File Path                                              PID    Runtime      # DAGs    # Errors  Last Runtime    Last Run
-----------------------------------------------------  -----  ---------  --------  ----------  --------------  -------------------
/opt/airflow/dags/d714e607e62c40578f7691f8b22fb1fc.py                           1           0  1.42s           2025-12-09T09:37:00
================================================================================
[2025-12-09T09:37:39.165+0000] {manager.py:755} INFO - Searching for files in /opt/airflow/dags
[2025-12-09T09:37:39.166+0000] {manager.py:758} INFO - There are 1 files in /opt/airflow/dags
[2025-12-09T09:37:49.203+0000] {manager.py:755} INFO - Searching for files in /opt/airflow/dags
[2025-12-09T09:37:49.204+0000] {manager.py:758} INFO - There are 1 files in /opt/airflow/dags
[2025-12-09T09:37:59.240+0000] {manager.py:755} INFO - Searching for files in /opt/airflow/dags
[2025-12-09T09:37:59.241+0000] {manager.py:758} INFO - There are 1 files in /opt/airflow/dags
[2025-12-09T09:37:59.246+0000] {manager.py:887} INFO - 
================================================================================
DAG File Processing Stats

File Path                                              PID    Runtime      # DAGs    # Errors  Last Runtime    Last Run
-----------------------------------------------------  -----  ---------  --------  ----------  --------------  -------------------
/opt/airflow/dags/d714e607e62c40578f7691f8b22fb1fc.py                           1           0  1.45s           2025-12-09T09:37:31
================================================================================
[2025-12-09T09:38:09.703+0000] {manager.py:755} INFO - Searching for files in /opt/airflow/dags
[2025-12-09T09:38:09.704+0000] {manager.py:758} INFO - There are 1 files in /opt/airflow/dags
[2025-12-09T09:38:19.740+0000] {manager.py:755} INFO - Searching for files in /opt/airflow/dags
[2025-12-09T09:38:19.741+0000] {manager.py:758} INFO - There are 1 files in /opt/airflow/dags
[2025-12-09T09:38:29.778+0000] {manager.py:755} INFO - Searching for files in /opt/airflow/dags
[2025-12-09T09:38:29.779+0000] {manager.py:758} INFO - There are 1 files in /opt/airflow/dags
[2025-12-09T09:38:29.784+0000] {manager.py:887} INFO - 
================================================================================
DAG File Processing Stats

File Path                                              PID    Runtime      # DAGs    # Errors  Last Runtime    Last Run
-----------------------------------------------------  -----  ---------  --------  ----------  --------------  -------------------
/opt/airflow/dags/d714e607e62c40578f7691f8b22fb1fc.py                           1           0  1.30s           2025-12-09T09:38:02
================================================================================
[2025-12-09T09:38:40.085+0000] {manager.py:755} INFO - Searching for files in /opt/airflow/dags
[2025-12-09T09:38:40.086+0000] {manager.py:758} INFO - There are 1 files in /opt/airflow/dags
[2025-12-09T09:38:50.135+0000] {manager.py:755} INFO - Searching for files in /opt/airflow/dags
[2025-12-09T09:38:50.136+0000] {manager.py:758} INFO - There are 1 files in /opt/airflow/dags
[2025-12-09T09:39:00.184+0000] {manager.py:755} INFO - Searching for files in /opt/airflow/dags
[2025-12-09T09:39:00.185+0000] {manager.py:758} INFO - There are 1 files in /opt/airflow/dags
[2025-12-09T09:39:00.191+0000] {manager.py:887} INFO - 
================================================================================
DAG File Processing Stats

File Path                                              PID    Runtime      # DAGs    # Errors  Last Runtime    Last Run
-----------------------------------------------------  -----  ---------  --------  ----------  --------------  -------------------
/opt/airflow/dags/d714e607e62c40578f7691f8b22fb1fc.py                           1           0  1.09s           2025-12-09T09:38:34
================================================================================
[2025-12-09T09:39:10.281+0000] {manager.py:755} INFO - Searching for files in /opt/airflow/dags
[2025-12-09T09:39:10.283+0000] {manager.py:758} INFO - There are 1 files in /opt/airflow/dags
[2025-12-09T09:39:20.324+0000] {manager.py:755} INFO - Searching for files in /opt/airflow/dags
[2025-12-09T09:39:20.325+0000] {manager.py:758} INFO - There are 1 files in /opt/airflow/dags
[2025-12-09T09:39:30.370+0000] {manager.py:755} INFO - Searching for files in /opt/airflow/dags
[2025-12-09T09:39:30.371+0000] {manager.py:758} INFO - There are 1 files in /opt/airflow/dags
[2025-12-09T09:39:30.381+0000] {manager.py:887} INFO - 
================================================================================
DAG File Processing Stats

File Path                                              PID    Runtime      # DAGs    # Errors  Last Runtime    Last Run
-----------------------------------------------------  -----  ---------  --------  ----------  --------------  -------------------
/opt/airflow/dags/d714e607e62c40578f7691f8b22fb1fc.py                           1           0  1.76s           2025-12-09T09:39:05
================================================================================
[2025-12-09T09:39:40.421+0000] {manager.py:755} INFO - Searching for files in /opt/airflow/dags
[2025-12-09T09:39:40.423+0000] {manager.py:758} INFO - There are 1 files in /opt/airflow/dags
[2025-12-09T09:39:50.472+0000] {manager.py:755} INFO - Searching for files in /opt/airflow/dags
[2025-12-09T09:39:50.473+0000] {manager.py:758} INFO - There are 1 files in /opt/airflow/dags
[2025-12-09T09:40:00.520+0000] {manager.py:755} INFO - Searching for files in /opt/airflow/dags
[2025-12-09T09:40:00.521+0000] {manager.py:758} INFO - There are 0 files in /opt/airflow/dags
[2025-12-09T09:40:10.581+0000] {manager.py:755} INFO - Searching for files in /opt/airflow/dags
[2025-12-09T09:40:10.581+0000] {manager.py:758} INFO - There are 0 files in /opt/airflow/dags
[2025-12-09T09:40:20.615+0000] {manager.py:755} INFO - Searching for files in /opt/airflow/dags
[2025-12-09T09:40:20.615+0000] {manager.py:758} INFO - There are 0 files in /opt/airflow/dags
[2025-12-09T09:40:30.649+0000] {manager.py:755} INFO - Searching for files in /opt/airflow/dags
[2025-12-09T09:40:30.650+0000] {manager.py:758} INFO - There are 0 files in /opt/airflow/dags
[2025-12-09T09:40:40.683+0000] {manager.py:755} INFO - Searching for files in /opt/airflow/dags
[2025-12-09T09:40:40.683+0000] {manager.py:758} INFO - There are 0 files in /opt/airflow/dags
[2025-12-09T09:40:50.728+0000] {manager.py:755} INFO - Searching for files in /opt/airflow/dags
[2025-12-09T09:40:50.728+0000] {manager.py:758} INFO - There are 0 files in /opt/airflow/dags
[2025-12-09T09:41:00.764+0000] {manager.py:755} INFO - Searching for files in /opt/airflow/dags
[2025-12-09T09:41:00.765+0000] {manager.py:758} INFO - There are 0 files in /opt/airflow/dags
[2025-12-09T09:41:10.799+0000] {manager.py:755} INFO - Searching for files in /opt/airflow/dags
[2025-12-09T09:41:10.800+0000] {manager.py:758} INFO - There are 0 files in /opt/airflow/dags
[2025-12-09T09:41:20.836+0000] {manager.py:755} INFO - Searching for files in /opt/airflow/dags
[2025-12-09T09:41:20.836+0000] {manager.py:758} INFO - There are 0 files in /opt/airflow/dags
[2025-12-09T09:41:30.871+0000] {manager.py:755} INFO - Searching for files in /opt/airflow/dags
[2025-12-09T09:41:30.871+0000] {manager.py:758} INFO - There are 0 files in /opt/airflow/dags
[2025-12-09T09:41:40.911+0000] {manager.py:755} INFO - Searching for files in /opt/airflow/dags
[2025-12-09T09:41:40.911+0000] {manager.py:758} INFO - There are 0 files in /opt/airflow/dags
[2025-12-09T09:41:50.955+0000] {manager.py:755} INFO - Searching for files in /opt/airflow/dags
[2025-12-09T09:41:50.956+0000] {manager.py:758} INFO - There are 0 files in /opt/airflow/dags
[2025-12-09T09:42:01.008+0000] {manager.py:755} INFO - Searching for files in /opt/airflow/dags
[2025-12-09T09:42:01.010+0000] {manager.py:758} INFO - There are 0 files in /opt/airflow/dags
[2025-12-09T09:42:11.059+0000] {manager.py:755} INFO - Searching for files in /opt/airflow/dags
[2025-12-09T09:42:11.060+0000] {manager.py:758} INFO - There are 0 files in /opt/airflow/dags
[2025-12-09T09:42:21.103+0000] {manager.py:755} INFO - Searching for files in /opt/airflow/dags
[2025-12-09T09:42:21.104+0000] {manager.py:758} INFO - There are 0 files in /opt/airflow/dags
[2025-12-09T09:42:31.141+0000] {manager.py:755} INFO - Searching for files in /opt/airflow/dags
[2025-12-09T09:42:31.142+0000] {manager.py:758} INFO - There are 0 files in /opt/airflow/dags
[2025-12-09T09:42:41.184+0000] {manager.py:755} INFO - Searching for files in /opt/airflow/dags
[2025-12-09T09:42:41.185+0000] {manager.py:758} INFO - There are 0 files in /opt/airflow/dags
[2025-12-09T09:42:51.228+0000] {manager.py:755} INFO - Searching for files in /opt/airflow/dags
[2025-12-09T09:42:51.228+0000] {manager.py:758} INFO - There are 0 files in /opt/airflow/dags
[2025-12-09T09:43:01.285+0000] {manager.py:755} INFO - Searching for files in /opt/airflow/dags
[2025-12-09T09:43:01.286+0000] {manager.py:758} INFO - There are 0 files in /opt/airflow/dags
[2025-12-09T09:43:11.330+0000] {manager.py:755} INFO - Searching for files in /opt/airflow/dags
[2025-12-09T09:43:11.331+0000] {manager.py:758} INFO - There are 0 files in /opt/airflow/dags
[2025-12-09T09:43:21.382+0000] {manager.py:755} INFO - Searching for files in /opt/airflow/dags
[2025-12-09T09:43:21.383+0000] {manager.py:758} INFO - There are 0 files in /opt/airflow/dags
[2025-12-09T09:43:31.442+0000] {manager.py:755} INFO - Searching for files in /opt/airflow/dags
[2025-12-09T09:43:31.443+0000] {manager.py:758} INFO - There are 0 files in /opt/airflow/dags
[2025-12-09T09:43:41.504+0000] {manager.py:755} INFO - Searching for files in /opt/airflow/dags
[2025-12-09T09:43:41.505+0000] {manager.py:758} INFO - There are 0 files in /opt/airflow/dags
[2025-12-09T09:43:51.551+0000] {manager.py:755} INFO - Searching for files in /opt/airflow/dags
[2025-12-09T09:43:51.553+0000] {manager.py:758} INFO - There are 0 files in /opt/airflow/dags
[2025-12-09T09:44:01.617+0000] {manager.py:755} INFO - Searching for files in /opt/airflow/dags
[2025-12-09T09:44:01.618+0000] {manager.py:758} INFO - There are 0 files in /opt/airflow/dags
[2025-12-09T09:44:11.663+0000] {manager.py:755} INFO - Searching for files in /opt/airflow/dags
[2025-12-09T09:44:11.664+0000] {manager.py:758} INFO - There are 0 files in /opt/airflow/dags
[2025-12-09T09:44:21.726+0000] {manager.py:755} INFO - Searching for files in /opt/airflow/dags
[2025-12-09T09:44:21.726+0000] {manager.py:758} INFO - There are 0 files in /opt/airflow/dags
[2025-12-09T09:44:31.777+0000] {manager.py:755} INFO - Searching for files in /opt/airflow/dags
[2025-12-09T09:44:31.777+0000] {manager.py:758} INFO - There are 0 files in /opt/airflow/dags
[2025-12-09T09:44:33.989+0000] {manager.py:469} INFO - Exiting gracefully upon receiving signal 15
[2025-12-09T09:45:55.351+0000] {manager.py:487} INFO - Processing files using up to 2 processes at a time 
[2025-12-09T09:45:55.352+0000] {manager.py:488} INFO - Process each file at most once every 30 seconds
[2025-12-09T09:45:55.352+0000] {manager.py:489} INFO - Checking for new files in /opt/airflow/dags every 10 seconds
[2025-12-09T09:45:55.353+0000] {manager.py:755} INFO - Searching for files in /opt/airflow/dags
[2025-12-09T09:45:55.354+0000] {manager.py:758} INFO - There are 0 files in /opt/airflow/dags
[2025-12-09T09:46:05.487+0000] {manager.py:755} INFO - Searching for files in /opt/airflow/dags
[2025-12-09T09:46:05.487+0000] {manager.py:758} INFO - There are 0 files in /opt/airflow/dags
[2025-12-09T09:46:15.524+0000] {manager.py:755} INFO - Searching for files in /opt/airflow/dags
[2025-12-09T09:46:15.525+0000] {manager.py:758} INFO - There are 0 files in /opt/airflow/dags
[2025-12-09T09:46:17.698+0000] {manager.py:469} INFO - Exiting gracefully upon receiving signal 15
[2025-12-09T09:48:40.145+0000] {manager.py:487} INFO - Processing files using up to 2 processes at a time 
[2025-12-09T09:48:40.146+0000] {manager.py:488} INFO - Process each file at most once every 30 seconds
[2025-12-09T09:48:40.147+0000] {manager.py:489} INFO - Checking for new files in /opt/airflow/dags every 10 seconds
[2025-12-09T09:48:40.147+0000] {manager.py:755} INFO - Searching for files in /opt/airflow/dags
[2025-12-09T09:48:40.149+0000] {manager.py:758} INFO - There are 0 files in /opt/airflow/dags
[2025-12-09T09:48:50.231+0000] {manager.py:755} INFO - Searching for files in /opt/airflow/dags
[2025-12-09T09:48:50.232+0000] {manager.py:758} INFO - There are 0 files in /opt/airflow/dags
[2025-12-09T09:49:00.270+0000] {manager.py:755} INFO - Searching for files in /opt/airflow/dags
[2025-12-09T09:49:00.270+0000] {manager.py:758} INFO - There are 0 files in /opt/airflow/dags
[2025-12-09T09:49:10.307+0000] {manager.py:755} INFO - Searching for files in /opt/airflow/dags
[2025-12-09T09:49:10.307+0000] {manager.py:758} INFO - There are 0 files in /opt/airflow/dags
[2025-12-09T09:49:20.347+0000] {manager.py:755} INFO - Searching for files in /opt/airflow/dags
[2025-12-09T09:49:20.347+0000] {manager.py:758} INFO - There are 0 files in /opt/airflow/dags
[2025-12-09T09:49:30.393+0000] {manager.py:755} INFO - Searching for files in /opt/airflow/dags
[2025-12-09T09:49:30.394+0000] {manager.py:758} INFO - There are 0 files in /opt/airflow/dags
[2025-12-09T09:49:40.432+0000] {manager.py:755} INFO - Searching for files in /opt/airflow/dags
[2025-12-09T09:49:40.432+0000] {manager.py:758} INFO - There are 0 files in /opt/airflow/dags
[2025-12-09T09:49:50.470+0000] {manager.py:755} INFO - Searching for files in /opt/airflow/dags
[2025-12-09T09:49:50.470+0000] {manager.py:758} INFO - There are 0 files in /opt/airflow/dags
[2025-12-09T09:50:00.505+0000] {manager.py:755} INFO - Searching for files in /opt/airflow/dags
[2025-12-09T09:50:00.506+0000] {manager.py:758} INFO - There are 0 files in /opt/airflow/dags
[2025-12-09T09:50:10.545+0000] {manager.py:755} INFO - Searching for files in /opt/airflow/dags
[2025-12-09T09:50:10.545+0000] {manager.py:758} INFO - There are 0 files in /opt/airflow/dags
[2025-12-09T09:50:20.580+0000] {manager.py:755} INFO - Searching for files in /opt/airflow/dags
[2025-12-09T09:50:20.581+0000] {manager.py:758} INFO - There are 0 files in /opt/airflow/dags
[2025-12-09T09:50:30.616+0000] {manager.py:755} INFO - Searching for files in /opt/airflow/dags
[2025-12-09T09:50:30.617+0000] {manager.py:758} INFO - There are 1 files in /opt/airflow/dags
[2025-12-09T09:50:40.660+0000] {manager.py:755} INFO - Searching for files in /opt/airflow/dags
[2025-12-09T09:50:40.661+0000] {manager.py:758} INFO - There are 1 files in /opt/airflow/dags
[2025-12-09T09:50:40.667+0000] {manager.py:887} INFO - 
================================================================================
DAG File Processing Stats

File Path                                              PID    Runtime      # DAGs    # Errors  Last Runtime    Last Run
-----------------------------------------------------  -----  ---------  --------  ----------  --------------  -------------------
/opt/airflow/dags/dde392c099cf4123b076d7e2d46a404d.py                           1           0  1.62s           2025-12-09T09:50:32
================================================================================
[2025-12-09T09:50:50.698+0000] {manager.py:755} INFO - Searching for files in /opt/airflow/dags
[2025-12-09T09:50:50.699+0000] {manager.py:758} INFO - There are 1 files in /opt/airflow/dags
[2025-12-09T09:51:00.732+0000] {manager.py:755} INFO - Searching for files in /opt/airflow/dags
[2025-12-09T09:51:00.732+0000] {manager.py:758} INFO - There are 1 files in /opt/airflow/dags
[2025-12-09T09:51:11.365+0000] {manager.py:755} INFO - Searching for files in /opt/airflow/dags
[2025-12-09T09:51:11.366+0000] {manager.py:758} INFO - There are 1 files in /opt/airflow/dags
[2025-12-09T09:51:11.375+0000] {manager.py:887} INFO - 
================================================================================
DAG File Processing Stats

File Path                                              PID    Runtime      # DAGs    # Errors  Last Runtime    Last Run
-----------------------------------------------------  -----  ---------  --------  ----------  --------------  -------------------
/opt/airflow/dags/dde392c099cf4123b076d7e2d46a404d.py                           1           0  1.27s           2025-12-09T09:51:03
================================================================================
[2025-12-09T09:51:21.410+0000] {manager.py:755} INFO - Searching for files in /opt/airflow/dags
[2025-12-09T09:51:21.411+0000] {manager.py:758} INFO - There are 1 files in /opt/airflow/dags
[2025-12-09T09:51:31.452+0000] {manager.py:755} INFO - Searching for files in /opt/airflow/dags
[2025-12-09T09:51:31.453+0000] {manager.py:758} INFO - There are 1 files in /opt/airflow/dags
[2025-12-09T09:51:41.519+0000] {manager.py:755} INFO - Searching for files in /opt/airflow/dags
[2025-12-09T09:51:41.520+0000] {manager.py:758} INFO - There are 1 files in /opt/airflow/dags
[2025-12-09T09:51:41.526+0000] {manager.py:887} INFO - 
================================================================================
DAG File Processing Stats

File Path                                              PID    Runtime      # DAGs    # Errors  Last Runtime    Last Run
-----------------------------------------------------  -----  ---------  --------  ----------  --------------  -------------------
/opt/airflow/dags/dde392c099cf4123b076d7e2d46a404d.py                           1           0  1.93s           2025-12-09T09:51:35
================================================================================
[2025-12-09T09:51:51.572+0000] {manager.py:755} INFO - Searching for files in /opt/airflow/dags
[2025-12-09T09:51:51.572+0000] {manager.py:758} INFO - There are 1 files in /opt/airflow/dags
[2025-12-09T09:52:01.613+0000] {manager.py:755} INFO - Searching for files in /opt/airflow/dags
[2025-12-09T09:52:01.613+0000] {manager.py:758} INFO - There are 1 files in /opt/airflow/dags
[2025-12-09T09:52:11.763+0000] {manager.py:755} INFO - Searching for files in /opt/airflow/dags
[2025-12-09T09:52:11.764+0000] {manager.py:758} INFO - There are 1 files in /opt/airflow/dags
[2025-12-09T09:52:11.769+0000] {manager.py:887} INFO - 
================================================================================
DAG File Processing Stats

File Path                                              PID    Runtime      # DAGs    # Errors  Last Runtime    Last Run
-----------------------------------------------------  -----  ---------  --------  ----------  --------------  -------------------
/opt/airflow/dags/dde392c099cf4123b076d7e2d46a404d.py                           1           0  1.36s           2025-12-09T09:52:06
================================================================================
[2025-12-09T09:52:21.804+0000] {manager.py:755} INFO - Searching for files in /opt/airflow/dags
[2025-12-09T09:52:21.805+0000] {manager.py:758} INFO - There are 1 files in /opt/airflow/dags
[2025-12-09T09:52:31.856+0000] {manager.py:755} INFO - Searching for files in /opt/airflow/dags
[2025-12-09T09:52:31.857+0000] {manager.py:758} INFO - There are 1 files in /opt/airflow/dags
[2025-12-09T09:52:42.142+0000] {manager.py:755} INFO - Searching for files in /opt/airflow/dags
[2025-12-09T09:52:42.143+0000] {manager.py:758} INFO - There are 1 files in /opt/airflow/dags
[2025-12-09T09:52:42.152+0000] {manager.py:887} INFO - 
================================================================================
DAG File Processing Stats

File Path                                              PID    Runtime      # DAGs    # Errors  Last Runtime    Last Run
-----------------------------------------------------  -----  ---------  --------  ----------  --------------  -------------------
/opt/airflow/dags/dde392c099cf4123b076d7e2d46a404d.py                           1           0  2.37s           2025-12-09T09:52:39
================================================================================
[2025-12-09T09:52:52.197+0000] {manager.py:755} INFO - Searching for files in /opt/airflow/dags
[2025-12-09T09:52:52.198+0000] {manager.py:758} INFO - There are 1 files in /opt/airflow/dags
[2025-12-09T09:53:02.248+0000] {manager.py:755} INFO - Searching for files in /opt/airflow/dags
[2025-12-09T09:53:02.249+0000] {manager.py:758} INFO - There are 1 files in /opt/airflow/dags
[2025-12-09T09:53:12.309+0000] {manager.py:755} INFO - Searching for files in /opt/airflow/dags
[2025-12-09T09:53:12.311+0000] {manager.py:758} INFO - There are 1 files in /opt/airflow/dags
[2025-12-09T09:53:12.327+0000] {manager.py:887} INFO - 
================================================================================
DAG File Processing Stats

File Path                                                PID  Runtime      # DAGs    # Errors  Last Runtime    Last Run
-----------------------------------------------------  -----  ---------  --------  ----------  --------------  -------------------
/opt/airflow/dags/dde392c099cf4123b076d7e2d46a404d.py    123  2.71s             1           0  2.37s           2025-12-09T09:52:39
================================================================================
[2025-12-09T09:53:22.375+0000] {manager.py:755} INFO - Searching for files in /opt/airflow/dags
[2025-12-09T09:53:22.378+0000] {manager.py:758} INFO - There are 1 files in /opt/airflow/dags
[2025-12-09T09:53:32.435+0000] {manager.py:755} INFO - Searching for files in /opt/airflow/dags
[2025-12-09T09:53:32.436+0000] {manager.py:758} INFO - There are 1 files in /opt/airflow/dags
[2025-12-09T09:53:42.491+0000] {manager.py:755} INFO - Searching for files in /opt/airflow/dags
[2025-12-09T09:53:42.492+0000] {manager.py:758} INFO - There are 1 files in /opt/airflow/dags
[2025-12-09T09:53:42.506+0000] {manager.py:887} INFO - 
================================================================================
DAG File Processing Stats

File Path                                              PID    Runtime      # DAGs    # Errors  Last Runtime    Last Run
-----------------------------------------------------  -----  ---------  --------  ----------  --------------  -------------------
/opt/airflow/dags/dde392c099cf4123b076d7e2d46a404d.py                           1           0  2.95s           2025-12-09T09:53:12
================================================================================
[2025-12-09T09:53:52.746+0000] {manager.py:755} INFO - Searching for files in /opt/airflow/dags
[2025-12-09T09:53:52.748+0000] {manager.py:758} INFO - There are 1 files in /opt/airflow/dags
[2025-12-09T09:54:02.801+0000] {manager.py:755} INFO - Searching for files in /opt/airflow/dags
[2025-12-09T09:54:02.804+0000] {manager.py:758} INFO - There are 1 files in /opt/airflow/dags
[2025-12-09T09:54:12.852+0000] {manager.py:755} INFO - Searching for files in /opt/airflow/dags
[2025-12-09T09:54:12.854+0000] {manager.py:758} INFO - There are 1 files in /opt/airflow/dags
[2025-12-09T09:54:12.863+0000] {manager.py:887} INFO - 
================================================================================
DAG File Processing Stats

File Path                                              PID    Runtime      # DAGs    # Errors  Last Runtime    Last Run
-----------------------------------------------------  -----  ---------  --------  ----------  --------------  -------------------
/opt/airflow/dags/dde392c099cf4123b076d7e2d46a404d.py                           1           0  3.68s           2025-12-09T09:53:46
================================================================================
[2025-12-09T09:54:22.915+0000] {manager.py:755} INFO - Searching for files in /opt/airflow/dags
[2025-12-09T09:54:22.916+0000] {manager.py:758} INFO - There are 1 files in /opt/airflow/dags
[2025-12-09T09:54:32.952+0000] {manager.py:755} INFO - Searching for files in /opt/airflow/dags
[2025-12-09T09:54:32.953+0000] {manager.py:758} INFO - There are 1 files in /opt/airflow/dags
[2025-12-09T09:54:42.998+0000] {manager.py:755} INFO - Searching for files in /opt/airflow/dags
[2025-12-09T09:54:42.998+0000] {manager.py:758} INFO - There are 1 files in /opt/airflow/dags
[2025-12-09T09:54:43.008+0000] {manager.py:887} INFO - 
================================================================================
DAG File Processing Stats

File Path                                              PID    Runtime      # DAGs    # Errors  Last Runtime    Last Run
-----------------------------------------------------  -----  ---------  --------  ----------  --------------  -------------------
/opt/airflow/dags/dde392c099cf4123b076d7e2d46a404d.py                           1           0  2.74s           2025-12-09T09:54:19
================================================================================
[2025-12-09T09:54:53.049+0000] {manager.py:755} INFO - Searching for files in /opt/airflow/dags
[2025-12-09T09:54:53.050+0000] {manager.py:758} INFO - There are 1 files in /opt/airflow/dags
[2025-12-09T09:55:03.103+0000] {manager.py:755} INFO - Searching for files in /opt/airflow/dags
[2025-12-09T09:55:03.104+0000] {manager.py:758} INFO - There are 1 files in /opt/airflow/dags
[2025-12-09T09:55:13.143+0000] {manager.py:755} INFO - Searching for files in /opt/airflow/dags
[2025-12-09T09:55:13.144+0000] {manager.py:758} INFO - There are 1 files in /opt/airflow/dags
[2025-12-09T09:55:13.149+0000] {manager.py:887} INFO - 
================================================================================
DAG File Processing Stats

File Path                                              PID    Runtime      # DAGs    # Errors  Last Runtime    Last Run
-----------------------------------------------------  -----  ---------  --------  ----------  --------------  -------------------
/opt/airflow/dags/dde392c099cf4123b076d7e2d46a404d.py                           1           0  1.76s           2025-12-09T09:54:51
================================================================================
[2025-12-09T09:55:23.211+0000] {manager.py:755} INFO - Searching for files in /opt/airflow/dags
[2025-12-09T09:55:23.212+0000] {manager.py:758} INFO - There are 1 files in /opt/airflow/dags
[2025-12-09T09:55:28.475+0000] {manager.py:1137} WARNING - Skipping processing of missing file: /opt/airflow/dags/dde392c099cf4123b076d7e2d46a404d.py
[2025-12-09T09:55:33.250+0000] {manager.py:755} INFO - Searching for files in /opt/airflow/dags
[2025-12-09T09:55:33.251+0000] {manager.py:758} INFO - There are 0 files in /opt/airflow/dags
[2025-12-09T09:55:43.298+0000] {manager.py:755} INFO - Searching for files in /opt/airflow/dags
[2025-12-09T09:55:43.299+0000] {manager.py:758} INFO - There are 0 files in /opt/airflow/dags
[2025-12-09T09:55:53.332+0000] {manager.py:755} INFO - Searching for files in /opt/airflow/dags
[2025-12-09T09:55:53.332+0000] {manager.py:758} INFO - There are 0 files in /opt/airflow/dags
[2025-12-09T09:56:03.369+0000] {manager.py:755} INFO - Searching for files in /opt/airflow/dags
[2025-12-09T09:56:03.369+0000] {manager.py:758} INFO - There are 0 files in /opt/airflow/dags
[2025-12-09T09:56:13.403+0000] {manager.py:755} INFO - Searching for files in /opt/airflow/dags
[2025-12-09T09:56:13.403+0000] {manager.py:758} INFO - There are 0 files in /opt/airflow/dags
[2025-12-09T09:56:23.438+0000] {manager.py:755} INFO - Searching for files in /opt/airflow/dags
[2025-12-09T09:56:23.438+0000] {manager.py:758} INFO - There are 0 files in /opt/airflow/dags
[2025-12-09T09:56:33.474+0000] {manager.py:755} INFO - Searching for files in /opt/airflow/dags
[2025-12-09T09:56:33.474+0000] {manager.py:758} INFO - There are 0 files in /opt/airflow/dags
[2025-12-09T09:56:43.509+0000] {manager.py:755} INFO - Searching for files in /opt/airflow/dags
[2025-12-09T09:56:43.510+0000] {manager.py:758} INFO - There are 0 files in /opt/airflow/dags
[2025-12-09T09:56:53.545+0000] {manager.py:755} INFO - Searching for files in /opt/airflow/dags
[2025-12-09T09:56:53.546+0000] {manager.py:758} INFO - There are 0 files in /opt/airflow/dags
[2025-12-09T09:57:03.583+0000] {manager.py:755} INFO - Searching for files in /opt/airflow/dags
[2025-12-09T09:57:03.584+0000] {manager.py:758} INFO - There are 0 files in /opt/airflow/dags
[2025-12-09T09:57:13.626+0000] {manager.py:755} INFO - Searching for files in /opt/airflow/dags
[2025-12-09T09:57:13.626+0000] {manager.py:758} INFO - There are 0 files in /opt/airflow/dags
[2025-12-09T09:57:23.663+0000] {manager.py:755} INFO - Searching for files in /opt/airflow/dags
[2025-12-09T09:57:23.664+0000] {manager.py:758} INFO - There are 0 files in /opt/airflow/dags
[2025-12-09T09:57:33.701+0000] {manager.py:755} INFO - Searching for files in /opt/airflow/dags
[2025-12-09T09:57:33.702+0000] {manager.py:758} INFO - There are 0 files in /opt/airflow/dags
[2025-12-09T09:57:43.739+0000] {manager.py:755} INFO - Searching for files in /opt/airflow/dags
[2025-12-09T09:57:43.740+0000] {manager.py:758} INFO - There are 0 files in /opt/airflow/dags
[2025-12-09T09:57:53.775+0000] {manager.py:755} INFO - Searching for files in /opt/airflow/dags
[2025-12-09T09:57:53.776+0000] {manager.py:758} INFO - There are 0 files in /opt/airflow/dags
[2025-12-09T09:58:03.811+0000] {manager.py:755} INFO - Searching for files in /opt/airflow/dags
[2025-12-09T09:58:03.812+0000] {manager.py:758} INFO - There are 1 files in /opt/airflow/dags
[2025-12-09T09:58:13.746+0000] {manager.py:887} INFO - 
================================================================================
DAG File Processing Stats

File Path                                              PID    Runtime      # DAGs    # Errors  Last Runtime    Last Run
-----------------------------------------------------  -----  ---------  --------  ----------  --------------  -------------------
/opt/airflow/dags/a33b9598a8c642b7b3bd8c85a966ecf1.py                           1           0  1.90s           2025-12-09T09:58:05
================================================================================
[2025-12-09T09:58:13.939+0000] {manager.py:755} INFO - Searching for files in /opt/airflow/dags
[2025-12-09T09:58:13.941+0000] {manager.py:758} INFO - There are 1 files in /opt/airflow/dags
[2025-12-09T09:58:24.000+0000] {manager.py:755} INFO - Searching for files in /opt/airflow/dags
[2025-12-09T09:58:24.001+0000] {manager.py:758} INFO - There are 1 files in /opt/airflow/dags
[2025-12-09T09:58:34.040+0000] {manager.py:755} INFO - Searching for files in /opt/airflow/dags
[2025-12-09T09:58:34.041+0000] {manager.py:758} INFO - There are 1 files in /opt/airflow/dags
[2025-12-09T09:58:44.081+0000] {manager.py:755} INFO - Searching for files in /opt/airflow/dags
[2025-12-09T09:58:44.082+0000] {manager.py:758} INFO - There are 1 files in /opt/airflow/dags
[2025-12-09T09:58:44.087+0000] {manager.py:887} INFO - 
================================================================================
DAG File Processing Stats

File Path                                              PID    Runtime      # DAGs    # Errors  Last Runtime    Last Run
-----------------------------------------------------  -----  ---------  --------  ----------  --------------  -------------------
/opt/airflow/dags/a33b9598a8c642b7b3bd8c85a966ecf1.py                           1           0  1.75s           2025-12-09T09:58:37
================================================================================
[2025-12-09T09:58:54.114+0000] {manager.py:755} INFO - Searching for files in /opt/airflow/dags
[2025-12-09T09:58:54.115+0000] {manager.py:758} INFO - There are 1 files in /opt/airflow/dags
[2025-12-09T09:59:04.151+0000] {manager.py:755} INFO - Searching for files in /opt/airflow/dags
[2025-12-09T09:59:04.152+0000] {manager.py:758} INFO - There are 1 files in /opt/airflow/dags
[2025-12-09T09:59:14.699+0000] {manager.py:755} INFO - Searching for files in /opt/airflow/dags
[2025-12-09T09:59:14.700+0000] {manager.py:758} INFO - There are 1 files in /opt/airflow/dags
[2025-12-09T09:59:14.705+0000] {manager.py:887} INFO - 
================================================================================
DAG File Processing Stats

File Path                                              PID    Runtime      # DAGs    # Errors  Last Runtime    Last Run
-----------------------------------------------------  -----  ---------  --------  ----------  --------------  -------------------
/opt/airflow/dags/a33b9598a8c642b7b3bd8c85a966ecf1.py                           1           0  1.24s           2025-12-09T09:59:08
================================================================================
[2025-12-09T09:59:24.738+0000] {manager.py:755} INFO - Searching for files in /opt/airflow/dags
[2025-12-09T09:59:24.739+0000] {manager.py:758} INFO - There are 1 files in /opt/airflow/dags
[2025-12-09T09:59:34.776+0000] {manager.py:755} INFO - Searching for files in /opt/airflow/dags
[2025-12-09T09:59:34.777+0000] {manager.py:758} INFO - There are 1 files in /opt/airflow/dags
[2025-12-09T09:59:45.029+0000] {manager.py:755} INFO - Searching for files in /opt/airflow/dags
[2025-12-09T09:59:45.030+0000] {manager.py:758} INFO - There are 1 files in /opt/airflow/dags
[2025-12-09T09:59:45.033+0000] {manager.py:887} INFO - 
================================================================================
DAG File Processing Stats

File Path                                              PID    Runtime      # DAGs    # Errors  Last Runtime    Last Run
-----------------------------------------------------  -----  ---------  --------  ----------  --------------  -------------------
/opt/airflow/dags/a33b9598a8c642b7b3bd8c85a966ecf1.py                           1           0  1.30s           2025-12-09T09:59:40
================================================================================
[2025-12-09T09:59:55.064+0000] {manager.py:755} INFO - Searching for files in /opt/airflow/dags
[2025-12-09T09:59:55.065+0000] {manager.py:758} INFO - There are 1 files in /opt/airflow/dags
[2025-12-09T10:00:05.102+0000] {manager.py:755} INFO - Searching for files in /opt/airflow/dags
[2025-12-09T10:00:05.103+0000] {manager.py:758} INFO - There are 1 files in /opt/airflow/dags
[2025-12-09T10:00:15.412+0000] {manager.py:755} INFO - Searching for files in /opt/airflow/dags
[2025-12-09T10:00:15.413+0000] {manager.py:758} INFO - There are 1 files in /opt/airflow/dags
[2025-12-09T10:00:15.418+0000] {manager.py:887} INFO - 
================================================================================
DAG File Processing Stats

File Path                                              PID    Runtime      # DAGs    # Errors  Last Runtime    Last Run
-----------------------------------------------------  -----  ---------  --------  ----------  --------------  -------------------
/opt/airflow/dags/a33b9598a8c642b7b3bd8c85a966ecf1.py                           1           0  1.28s           2025-12-09T10:00:11
================================================================================
[2025-12-09T10:00:25.455+0000] {manager.py:755} INFO - Searching for files in /opt/airflow/dags
[2025-12-09T10:00:25.455+0000] {manager.py:758} INFO - There are 1 files in /opt/airflow/dags
[2025-12-09T10:00:35.497+0000] {manager.py:755} INFO - Searching for files in /opt/airflow/dags
[2025-12-09T10:00:35.498+0000] {manager.py:758} INFO - There are 1 files in /opt/airflow/dags
[2025-12-09T10:00:45.549+0000] {manager.py:755} INFO - Searching for files in /opt/airflow/dags
[2025-12-09T10:00:45.551+0000] {manager.py:758} INFO - There are 1 files in /opt/airflow/dags
[2025-12-09T10:00:45.559+0000] {manager.py:887} INFO - 
================================================================================
DAG File Processing Stats

File Path                                              PID    Runtime      # DAGs    # Errors  Last Runtime    Last Run
-----------------------------------------------------  -----  ---------  --------  ----------  --------------  -------------------
/opt/airflow/dags/a33b9598a8c642b7b3bd8c85a966ecf1.py                           1           0  1.98s           2025-12-09T10:00:43
================================================================================
[2025-12-09T10:00:55.596+0000] {manager.py:755} INFO - Searching for files in /opt/airflow/dags
[2025-12-09T10:00:55.597+0000] {manager.py:758} INFO - There are 1 files in /opt/airflow/dags
[2025-12-09T10:01:05.637+0000] {manager.py:755} INFO - Searching for files in /opt/airflow/dags
[2025-12-09T10:01:05.638+0000] {manager.py:758} INFO - There are 1 files in /opt/airflow/dags
[2025-12-09T10:01:15.684+0000] {manager.py:755} INFO - Searching for files in /opt/airflow/dags
[2025-12-09T10:01:15.685+0000] {manager.py:758} INFO - There are 1 files in /opt/airflow/dags
[2025-12-09T10:01:15.700+0000] {manager.py:887} INFO - 
================================================================================
DAG File Processing Stats

File Path                                                PID  Runtime      # DAGs    # Errors  Last Runtime    Last Run
-----------------------------------------------------  -----  ---------  --------  ----------  --------------  -------------------
/opt/airflow/dags/a33b9598a8c642b7b3bd8c85a966ecf1.py    255  1.83s             1           0  1.98s           2025-12-09T10:00:43
================================================================================
[2025-12-09T10:01:25.735+0000] {manager.py:755} INFO - Searching for files in /opt/airflow/dags
[2025-12-09T10:01:25.737+0000] {manager.py:758} INFO - There are 1 files in /opt/airflow/dags
[2025-12-09T10:01:35.786+0000] {manager.py:755} INFO - Searching for files in /opt/airflow/dags
[2025-12-09T10:01:35.787+0000] {manager.py:758} INFO - There are 1 files in /opt/airflow/dags
[2025-12-09T10:01:45.844+0000] {manager.py:755} INFO - Searching for files in /opt/airflow/dags
[2025-12-09T10:01:45.846+0000] {manager.py:758} INFO - There are 1 files in /opt/airflow/dags
[2025-12-09T10:01:45.867+0000] {manager.py:887} INFO - 
================================================================================
DAG File Processing Stats

File Path                                                PID  Runtime      # DAGs    # Errors  Last Runtime    Last Run
-----------------------------------------------------  -----  ---------  --------  ----------  --------------  -------------------
/opt/airflow/dags/a33b9598a8c642b7b3bd8c85a966ecf1.py    270  0.01s             1           0  1.95s           2025-12-09T10:01:15
================================================================================
[2025-12-09T10:01:55.990+0000] {manager.py:755} INFO - Searching for files in /opt/airflow/dags
[2025-12-09T10:01:55.991+0000] {manager.py:758} INFO - There are 1 files in /opt/airflow/dags
[2025-12-09T10:02:06.046+0000] {manager.py:755} INFO - Searching for files in /opt/airflow/dags
[2025-12-09T10:02:06.047+0000] {manager.py:758} INFO - There are 1 files in /opt/airflow/dags
[2025-12-09T10:02:16.101+0000] {manager.py:755} INFO - Searching for files in /opt/airflow/dags
[2025-12-09T10:02:16.102+0000] {manager.py:758} INFO - There are 1 files in /opt/airflow/dags
[2025-12-09T10:02:16.115+0000] {manager.py:887} INFO - 
================================================================================
DAG File Processing Stats

File Path                                              PID    Runtime      # DAGs    # Errors  Last Runtime    Last Run
-----------------------------------------------------  -----  ---------  --------  ----------  --------------  -------------------
/opt/airflow/dags/a33b9598a8c642b7b3bd8c85a966ecf1.py                           1           0  2.19s           2025-12-09T10:01:48
================================================================================
[2025-12-09T10:02:26.219+0000] {manager.py:755} INFO - Searching for files in /opt/airflow/dags
[2025-12-09T10:02:26.220+0000] {manager.py:758} INFO - There are 1 files in /opt/airflow/dags
[2025-12-09T10:02:36.278+0000] {manager.py:755} INFO - Searching for files in /opt/airflow/dags
[2025-12-09T10:02:36.280+0000] {manager.py:758} INFO - There are 1 files in /opt/airflow/dags
[2025-12-09T10:02:46.336+0000] {manager.py:755} INFO - Searching for files in /opt/airflow/dags
[2025-12-09T10:02:46.341+0000] {manager.py:758} INFO - There are 1 files in /opt/airflow/dags
[2025-12-09T10:02:46.355+0000] {manager.py:887} INFO - 
================================================================================
DAG File Processing Stats

File Path                                              PID    Runtime      # DAGs    # Errors  Last Runtime    Last Run
-----------------------------------------------------  -----  ---------  --------  ----------  --------------  -------------------
/opt/airflow/dags/a33b9598a8c642b7b3bd8c85a966ecf1.py                           1           0  2.70s           2025-12-09T10:02:20
================================================================================
[2025-12-09T10:02:57.009+0000] {manager.py:755} INFO - Searching for files in /opt/airflow/dags
[2025-12-09T10:02:57.011+0000] {manager.py:758} INFO - There are 1 files in /opt/airflow/dags
[2025-12-09T10:03:07.067+0000] {manager.py:755} INFO - Searching for files in /opt/airflow/dags
[2025-12-09T10:03:07.068+0000] {manager.py:758} INFO - There are 1 files in /opt/airflow/dags
[2025-12-09T10:03:16.399+0000] {manager.py:887} INFO - 
================================================================================
DAG File Processing Stats

File Path                                              PID    Runtime      # DAGs    # Errors  Last Runtime    Last Run
-----------------------------------------------------  -----  ---------  --------  ----------  --------------  -------------------
/opt/airflow/dags/a33b9598a8c642b7b3bd8c85a966ecf1.py                           1           0  5.32s           2025-12-09T10:02:56
================================================================================
[2025-12-09T10:03:17.149+0000] {manager.py:755} INFO - Searching for files in /opt/airflow/dags
[2025-12-09T10:03:17.150+0000] {manager.py:758} INFO - There are 1 files in /opt/airflow/dags
[2025-12-09T10:03:27.277+0000] {manager.py:755} INFO - Searching for files in /opt/airflow/dags
[2025-12-09T10:03:27.287+0000] {manager.py:758} INFO - There are 1 files in /opt/airflow/dags
[2025-12-09T10:03:37.639+0000] {manager.py:755} INFO - Searching for files in /opt/airflow/dags
[2025-12-09T10:03:37.645+0000] {manager.py:758} INFO - There are 1 files in /opt/airflow/dags
[2025-12-09T10:03:46.755+0000] {manager.py:887} INFO - 
================================================================================
DAG File Processing Stats

File Path                                              PID    Runtime      # DAGs    # Errors  Last Runtime    Last Run
-----------------------------------------------------  -----  ---------  --------  ----------  --------------  -------------------
/opt/airflow/dags/a33b9598a8c642b7b3bd8c85a966ecf1.py                           1           0  5.49s           2025-12-09T10:03:31
================================================================================
[2025-12-09T10:03:47.766+0000] {manager.py:755} INFO - Searching for files in /opt/airflow/dags
[2025-12-09T10:03:47.772+0000] {manager.py:758} INFO - There are 1 files in /opt/airflow/dags
[2025-12-09T10:03:57.918+0000] {manager.py:755} INFO - Searching for files in /opt/airflow/dags
[2025-12-09T10:03:57.924+0000] {manager.py:758} INFO - There are 1 files in /opt/airflow/dags
[2025-12-09T10:04:08.040+0000] {manager.py:755} INFO - Searching for files in /opt/airflow/dags
[2025-12-09T10:04:08.043+0000] {manager.py:758} INFO - There are 1 files in /opt/airflow/dags
[2025-12-09T10:04:17.109+0000] {manager.py:887} INFO - 
================================================================================
DAG File Processing Stats

File Path                                              PID    Runtime      # DAGs    # Errors  Last Runtime    Last Run
-----------------------------------------------------  -----  ---------  --------  ----------  --------------  -------------------
/opt/airflow/dags/a33b9598a8c642b7b3bd8c85a966ecf1.py                           1           0  6.81s           2025-12-09T10:04:09
================================================================================
[2025-12-09T10:04:18.113+0000] {manager.py:755} INFO - Searching for files in /opt/airflow/dags
[2025-12-09T10:04:18.114+0000] {manager.py:758} INFO - There are 1 files in /opt/airflow/dags
[2025-12-09T10:04:28.176+0000] {manager.py:755} INFO - Searching for files in /opt/airflow/dags
[2025-12-09T10:04:28.177+0000] {manager.py:758} INFO - There are 1 files in /opt/airflow/dags
