[2025-12-09T09:55:05.448+0000] {taskinstance.py:1159} INFO - Dependencies all met for dep_context=non-requeueable deps ti=<TaskInstance: dde392c099cf4123b076d7e2d46a404d.NiftiDataL_37b84931888e454aac0ad9800b9a0106 rest-client-b3faec2f-e356-446a-80cd-88ca74d8bde7 [queued]>
[2025-12-09T09:55:05.456+0000] {taskinstance.py:1159} INFO - Dependencies all met for dep_context=requeueable deps ti=<TaskInstance: dde392c099cf4123b076d7e2d46a404d.NiftiDataL_37b84931888e454aac0ad9800b9a0106 rest-client-b3faec2f-e356-446a-80cd-88ca74d8bde7 [queued]>
[2025-12-09T09:55:05.456+0000] {taskinstance.py:1361} INFO - Starting attempt 1 of 1
[2025-12-09T09:55:05.469+0000] {taskinstance.py:1382} INFO - Executing <Task(DominoDockerOperator): NiftiDataL_37b84931888e454aac0ad9800b9a0106> on 2025-12-09 09:55:04+00:00
[2025-12-09T09:55:05.474+0000] {standard_task_runner.py:57} INFO - Started process 172 to run task
[2025-12-09T09:55:05.478+0000] {standard_task_runner.py:84} INFO - Running: ['***', 'tasks', 'run', 'dde392c099cf4123b076d7e2d46a404d', 'NiftiDataL_37b84931888e454aac0ad9800b9a0106', 'rest-client-b3faec2f-e356-446a-80cd-88ca74d8bde7', '--job-id', '4', '--raw', '--subdir', 'DAGS_FOLDER/dde392c099cf4123b076d7e2d46a404d.py', '--cfg-path', '/tmp/tmpj9kdj5m8']
[2025-12-09T09:55:05.479+0000] {standard_task_runner.py:85} INFO - Job 4: Subtask NiftiDataL_37b84931888e454aac0ad9800b9a0106
[2025-12-09T09:55:05.527+0000] {task_command.py:416} INFO - Running <TaskInstance: dde392c099cf4123b076d7e2d46a404d.NiftiDataL_37b84931888e454aac0ad9800b9a0106 rest-client-b3faec2f-e356-446a-80cd-88ca74d8bde7 [running]> on host 337ec7743ed8
[2025-12-09T09:55:05.592+0000] {taskinstance.py:1662} INFO - Exporting env vars: AIRFLOW_CTX_DAG_OWNER='***' AIRFLOW_CTX_DAG_ID='dde392c099cf4123b076d7e2d46a404d' AIRFLOW_CTX_TASK_ID='NiftiDataL_37b84931888e454aac0ad9800b9a0106' AIRFLOW_CTX_EXECUTION_DATE='2025-12-09T09:55:04+00:00' AIRFLOW_CTX_TRY_NUMBER='1' AIRFLOW_CTX_DAG_RUN_ID='rest-client-b3faec2f-e356-446a-80cd-88ca74d8bde7'
[2025-12-09T09:55:05.653+0000] {docker.py:324} INFO - Starting docker container from image ghcr.io/borzikpieces/borzikpieces:0.1.44-group0
[2025-12-09T09:55:06.877+0000] {docker.py:391} INFO - Welcome to Domino! ❤️
[2025-12-09T09:55:06.878+0000] {docker.py:391} INFO - Running Piece inside Docker container[33m...[0m
[2025-12-09T09:55:07.020+0000] {docker.py:391} INFO - INFO  - [     MainThread] domino-.NiftiDataLoaderPiece-NiftiDataL_37b84931888e454aac0ad9800b9a0106 : 69 : 2025-12-09 09:55:07.19 Started NiftiDataL_37b84931888e454aac0ad9800b9a0106 of type NiftiDataLoaderPiece at 2025-12-09T09:55:07.019865
INFO  - [     MainThread] domino-.NiftiDataLoaderPiece-NiftiDataL_37b84931888e454aac0ad9800b9a0106 : 70 : 2025-12-09 09:55:07.19 Start cut point for logger 48c94577-0225-4c3f-87c0-8add3f4e6d4b
[2025-12-09T09:55:07.020+0000] {docker.py:391} INFO - INFO  - [     MainThread] domino-.NiftiDataLoaderPiece-NiftiDataL_37b84931888e454aac0ad9800b9a0106 : 21 : 2025-12-09 09:55:07.20 ============================================================
INFO  - [     MainThread] domino-.NiftiDataLoaderPiece-NiftiDataL_37b84931888e454aac0ad9800b9a0106 : 22 : 2025-12-09 09:55:07.20 Starting NiftiDataLoaderPiece execution
INFO  - [     MainThread] domino-.NiftiDataLoaderPiece-NiftiDataL_37b84931888e454aac0ad9800b9a0106 : 23 : 2025-12-09 09:55:07.20 ============================================================
INFO  - [     MainThread] domino-.NiftiDataLoaderPiece-NiftiDataL_37b84931888e454aac0ad9800b9a0106 : 29 : 2025-12-09 09:55:07.20 Input configuration:
INFO  - [     MainThread] domino-.NiftiDataLoaderPiece-NiftiDataL_37b84931888e454aac0ad9800b9a0106 : 30 : 2025-12-09 09:55:07.20   - Images path: /home/shared_storage/medical_data/images
INFO  - [     MainThread] domino-.NiftiDataLoaderPiece-NiftiDataL_37b84931888e454aac0ad9800b9a0106 : 31 : 2025-12-09 09:55:07.20   - Masks path: /home/shared_storage/medical_data/masks
INFO  - [     MainThread] domino-.NiftiDataLoaderPiece-NiftiDataL_37b84931888e454aac0ad9800b9a0106 : 32 : 2025-12-09 09:55:07.20   - File pattern: *.nii.gz
INFO  - [     MainThread] domino-.NiftiDataLoaderPiece-NiftiDataL_37b84931888e454aac0ad9800b9a0106 : 33 : 2025-12-09 09:55:07.20 Scanning for NIfTI files...
INFO  - [     MainThread] domino-.NiftiDataLoaderPiece-NiftiDataL_37b84931888e454aac0ad9800b9a0106 : 40 : 2025-12-09 09:55:07.20 Images directory validated: /home/shared_storage/medical_data/images
[2025-12-09T09:55:07.021+0000] {docker.py:391} INFO - INFO  - [     MainThread] domino-.NiftiDataLoaderPiece-NiftiDataL_37b84931888e454aac0ad9800b9a0106 : 51 : 2025-12-09 09:55:07.20 Found 50 image files
INFO  - [     MainThread] domino-.NiftiDataLoaderPiece-NiftiDataL_37b84931888e454aac0ad9800b9a0106 : 64 : 2025-12-09 09:55:07.21 Processing image files and searching for masks...
INFO  - [     MainThread] domino-.NiftiDataLoaderPiece-NiftiDataL_37b84931888e454aac0ad9800b9a0106 : 72 : 2025-12-09 09:55:07.21 Processing subject 1/50: sub-001
[2025-12-09T09:55:07.021+0000] {docker.py:391} INFO - INFO  - [     MainThread] domino-.NiftiDataLoaderPiece-NiftiDataL_37b84931888e454aac0ad9800b9a0106 : 72 : 2025-12-09 09:55:07.21 Processing subject 10/50: sub-010
[2025-12-09T09:55:07.021+0000] {docker.py:391} INFO - INFO  - [     MainThread] domino-.NiftiDataLoaderPiece-NiftiDataL_37b84931888e454aac0ad9800b9a0106 : 72 : 2025-12-09 09:55:07.21 Processing subject 20/50: sub-020
INFO  - [     MainThread] domino-.NiftiDataLoaderPiece-NiftiDataL_37b84931888e454aac0ad9800b9a0106 : 72 : 2025-12-09 09:55:07.21 Processing subject 30/50: sub-030
[2025-12-09T09:55:07.021+0000] {docker.py:391} INFO - INFO  - [     MainThread] domino-.NiftiDataLoaderPiece-NiftiDataL_37b84931888e454aac0ad9800b9a0106 : 72 : 2025-12-09 09:55:07.21 Processing subject 40/50: sub-040
INFO  - [     MainThread] domino-.NiftiDataLoaderPiece-NiftiDataL_37b84931888e454aac0ad9800b9a0106 : 72 : 2025-12-09 09:55:07.21 Processing subject 50/50: sub-050
[2025-12-09T09:55:07.022+0000] {docker.py:391} INFO - INFO  - [     MainThread] domino-.NiftiDataLoaderPiece-NiftiDataL_37b84931888e454aac0ad9800b9a0106 : 95 : 2025-12-09 09:55:07.21 Data loading summary:
INFO  - [     MainThread] domino-.NiftiDataLoaderPiece-NiftiDataL_37b84931888e454aac0ad9800b9a0106 : 96 : 2025-12-09 09:55:07.21   - Total subjects: 50
INFO  - [     MainThread] domino-.NiftiDataLoaderPiece-NiftiDataL_37b84931888e454aac0ad9800b9a0106 : 97 : 2025-12-09 09:55:07.21   - With masks: 50 (100.0%)
INFO  - [     MainThread] domino-.NiftiDataLoaderPiece-NiftiDataL_37b84931888e454aac0ad9800b9a0106 : 98 : 2025-12-09 09:55:07.21   - Without masks: 0 (0.0%)
INFO  - [     MainThread] domino-.NiftiDataLoaderPiece-NiftiDataL_37b84931888e454aac0ad9800b9a0106 : 109 : 2025-12-09 09:55:07.21 Sample subject IDs (first 5): ['sub-001', 'sub-002', 'sub-003', 'sub-004', 'sub-005']
INFO  - [     MainThread] domino-.NiftiDataLoaderPiece-NiftiDataL_37b84931888e454aac0ad9800b9a0106 : 110 : 2025-12-09 09:55:07.21 ============================================================
INFO  - [     MainThread] domino-.NiftiDataLoaderPiece-NiftiDataL_37b84931888e454aac0ad9800b9a0106 : 111 : 2025-12-09 09:55:07.21 NiftiDataLoaderPiece execution completed successfully
INFO  - [     MainThread] domino-.NiftiDataLoaderPiece-NiftiDataL_37b84931888e454aac0ad9800b9a0106 : 112 : 2025-12-09 09:55:07.21 ============================================================
[2025-12-09T09:55:07.030+0000] {docker.py:391} INFO - INFO  - [     MainThread] domino-.NiftiDataLoaderPiece-NiftiDataL_37b84931888e454aac0ad9800b9a0106 : 308 : 2025-12-09 09:55:07.29 Piece used 0 bytes of storage.
INFO  - [     MainThread] domino-.NiftiDataLoaderPiece-NiftiDataL_37b84931888e454aac0ad9800b9a0106 : 309 : 2025-12-09 09:55:07.29 End cut point for logger 48c94577-0225-4c3f-87c0-8add3f4e6d4b
[2025-12-09T09:55:07.336+0000] {taskinstance.py:1400} INFO - Marking task as SUCCESS. dag_id=dde392c099cf4123b076d7e2d46a404d, task_id=NiftiDataL_37b84931888e454aac0ad9800b9a0106, execution_date=20251209T095504, start_date=20251209T095505, end_date=20251209T095507
[2025-12-09T09:55:07.374+0000] {local_task_job_runner.py:228} INFO - Task exited with return code 0
[2025-12-09T09:55:07.392+0000] {taskinstance.py:2778} INFO - 0 downstream tasks scheduled from follow-on schedule check
