[2025-12-09T09:58:12.508+0000] {taskinstance.py:1159} INFO - Dependencies all met for dep_context=non-requeueable deps ti=<TaskInstance: a33b9598a8c642b7b3bd8c85a966ecf1.NiftiPrepr_0e19aa0d1c584cfab52a7428f142b25e scheduled__2025-12-09T09:57:00+00:00 [queued]>
[2025-12-09T09:58:12.520+0000] {taskinstance.py:1159} INFO - Dependencies all met for dep_context=requeueable deps ti=<TaskInstance: a33b9598a8c642b7b3bd8c85a966ecf1.NiftiPrepr_0e19aa0d1c584cfab52a7428f142b25e scheduled__2025-12-09T09:57:00+00:00 [queued]>
[2025-12-09T09:58:12.520+0000] {taskinstance.py:1361} INFO - Starting attempt 1 of 1
[2025-12-09T09:58:12.538+0000] {taskinstance.py:1382} INFO - Executing <Task(DominoDockerOperator): NiftiPrepr_0e19aa0d1c584cfab52a7428f142b25e> on 2025-12-09 09:57:00+00:00
[2025-12-09T09:58:12.545+0000] {standard_task_runner.py:57} INFO - Started process 226 to run task
[2025-12-09T09:58:12.549+0000] {standard_task_runner.py:84} INFO - Running: ['***', 'tasks', 'run', 'a33b9598a8c642b7b3bd8c85a966ecf1', 'NiftiPrepr_0e19aa0d1c584cfab52a7428f142b25e', 'scheduled__2025-12-09T09:57:00+00:00', '--job-id', '10', '--raw', '--subdir', 'DAGS_FOLDER/a33b9598a8c642b7b3bd8c85a966ecf1.py', '--cfg-path', '/tmp/tmp3_ushz_x']
[2025-12-09T09:58:12.551+0000] {standard_task_runner.py:85} INFO - Job 10: Subtask NiftiPrepr_0e19aa0d1c584cfab52a7428f142b25e
[2025-12-09T09:58:12.598+0000] {task_command.py:416} INFO - Running <TaskInstance: a33b9598a8c642b7b3bd8c85a966ecf1.NiftiPrepr_0e19aa0d1c584cfab52a7428f142b25e scheduled__2025-12-09T09:57:00+00:00 [running]> on host 337ec7743ed8
[2025-12-09T09:58:12.690+0000] {taskinstance.py:1662} INFO - Exporting env vars: AIRFLOW_CTX_DAG_OWNER='***' AIRFLOW_CTX_DAG_ID='a33b9598a8c642b7b3bd8c85a966ecf1' AIRFLOW_CTX_TASK_ID='NiftiPrepr_0e19aa0d1c584cfab52a7428f142b25e' AIRFLOW_CTX_EXECUTION_DATE='2025-12-09T09:57:00+00:00' AIRFLOW_CTX_TRY_NUMBER='1' AIRFLOW_CTX_DAG_RUN_ID='scheduled__2025-12-09T09:57:00+00:00'
[2025-12-09T09:58:12.850+0000] {docker.py:324} INFO - Starting docker container from image ghcr.io/borzikpieces/borzikpieces:0.1.44-group0
[2025-12-09T09:58:14.413+0000] {docker.py:391} INFO - Welcome to Domino! ❤️
[2025-12-09T09:58:14.414+0000] {docker.py:391} INFO - 
[2025-12-09T09:58:14.415+0000] {docker.py:391} INFO - Running Piece inside Docker container[33m...[0m
[2025-12-09T09:58:14.759+0000] {docker.py:391} INFO - INFO  - [     MainThread] domino-.NiftiPreprocessingPiece-NiftiPrepr_0e19aa0d1c584cfab52a7428f142b25e : 69 : 2025-12-09 09:58:14.758 Started NiftiPrepr_0e19aa0d1c584cfab52a7428f142b25e of type NiftiPreprocessingPiece at 2025-12-09T09:58:14.758087
INFO  - [     MainThread] domino-.NiftiPreprocessingPiece-NiftiPrepr_0e19aa0d1c584cfab52a7428f142b25e : 70 : 2025-12-09 09:58:14.758 Start cut point for logger 48c94577-0225-4c3f-87c0-8add3f4e6d4b
[2025-12-09T09:58:14.879+0000] {docker.py:391} INFO - INFO  - [     MainThread] domino-.NiftiPreprocessingPiece-NiftiPrepr_0e19aa0d1c584cfab52a7428f142b25e : 61 : 2025-12-09 09:58:14.878 ============================================================
INFO  - [     MainThread] domino-.NiftiPreprocessingPiece-NiftiPrepr_0e19aa0d1c584cfab52a7428f142b25e : 62 : 2025-12-09 09:58:14.879 Starting NiftiPreprocessingPiece execution
INFO  - [     MainThread] domino-.NiftiPreprocessingPiece-NiftiPrepr_0e19aa0d1c584cfab52a7428f142b25e : 63 : 2025-12-09 09:58:14.879 ============================================================
INFO  - [     MainThread] domino-.NiftiPreprocessingPiece-NiftiPrepr_0e19aa0d1c584cfab52a7428f142b25e : 71 : 2025-12-09 09:58:14.879 Input configuration:
INFO  - [     MainThread] domino-.NiftiPreprocessingPiece-NiftiPrepr_0e19aa0d1c584cfab52a7428f142b25e : 72 : 2025-12-09 09:58:14.879   - Number of subjects: 8
INFO  - [     MainThread] domino-.NiftiPreprocessingPiece-NiftiPrepr_0e19aa0d1c584cfab52a7428f142b25e : 73 : 2025-12-09 09:58:14.879   - Normalization method: zscore
[2025-12-09T09:58:14.880+0000] {docker.py:391} INFO - INFO  - [     MainThread] domino-.NiftiPreprocessingPiece-NiftiPrepr_0e19aa0d1c584cfab52a7428f142b25e : 74 : 2025-12-09 09:58:14.879   - Output directory: /home/shared_storage/medical_data/preprocessed
INFO  - [     MainThread] domino-.NiftiPreprocessingPiece-NiftiPrepr_0e19aa0d1c584cfab52a7428f142b25e : 75 : 2025-12-09 09:58:14.879   - Save as NumPy: True
INFO  - [     MainThread] domino-.NiftiPreprocessingPiece-NiftiPrepr_0e19aa0d1c584cfab52a7428f142b25e : 76 : 2025-12-09 09:58:14.879   - Target shape: None
INFO  - [     MainThread] domino-.NiftiPreprocessingPiece-NiftiPrepr_0e19aa0d1c584cfab52a7428f142b25e : 77 : 2025-12-09 09:58:14.879   - Lower percentile: 1.0
INFO  - [     MainThread] domino-.NiftiPreprocessingPiece-NiftiPrepr_0e19aa0d1c584cfab52a7428f142b25e : 78 : 2025-12-09 09:58:14.879   - Upper percentile: 99.0
[2025-12-09T09:58:14.880+0000] {docker.py:391} INFO - INFO  - [     MainThread] domino-.NiftiPreprocessingPiece-NiftiPrepr_0e19aa0d1c584cfab52a7428f142b25e : 91 : 2025-12-09 09:58:14.880 Processing subject 1/8: sub-007
[2025-12-09T09:58:15.301+0000] {docker.py:391} INFO - INFO  - [     MainThread] domino-.NiftiPreprocessingPiece-NiftiPrepr_0e19aa0d1c584cfab52a7428f142b25e : 91 : 2025-12-09 09:58:15.300 Processing subject 2/8: sub-009
[2025-12-09T09:58:15.615+0000] {docker.py:391} INFO - INFO  - [     MainThread] domino-.NiftiPreprocessingPiece-NiftiPrepr_0e19aa0d1c584cfab52a7428f142b25e : 91 : 2025-12-09 09:58:15.614 Processing subject 3/8: sub-015
[2025-12-09T09:58:15.877+0000] {docker.py:391} INFO - INFO  - [     MainThread] domino-.NiftiPreprocessingPiece-NiftiPrepr_0e19aa0d1c584cfab52a7428f142b25e : 91 : 2025-12-09 09:58:15.876 Processing subject 4/8: sub-016
[2025-12-09T09:58:16.061+0000] {docker.py:391} INFO - INFO  - [     MainThread] domino-.NiftiPreprocessingPiece-NiftiPrepr_0e19aa0d1c584cfab52a7428f142b25e : 91 : 2025-12-09 09:58:16.60 Processing subject 5/8: sub-018
[2025-12-09T09:58:16.387+0000] {docker.py:391} INFO - INFO  - [     MainThread] domino-.NiftiPreprocessingPiece-NiftiPrepr_0e19aa0d1c584cfab52a7428f142b25e : 91 : 2025-12-09 09:58:16.387 Processing subject 6/8: sub-002
[2025-12-09T09:58:16.640+0000] {docker.py:391} INFO - INFO  - [     MainThread] domino-.NiftiPreprocessingPiece-NiftiPrepr_0e19aa0d1c584cfab52a7428f142b25e : 91 : 2025-12-09 09:58:16.640 Processing subject 7/8: sub-008
[2025-12-09T09:58:16.947+0000] {docker.py:391} INFO - INFO  - [     MainThread] domino-.NiftiPreprocessingPiece-NiftiPrepr_0e19aa0d1c584cfab52a7428f142b25e : 91 : 2025-12-09 09:58:16.946 Processing subject 8/8: sub-041
[2025-12-09T09:58:17.293+0000] {docker.py:391} INFO - INFO  - [     MainThread] domino-.NiftiPreprocessingPiece-NiftiPrepr_0e19aa0d1c584cfab52a7428f142b25e : 196 : 2025-12-09 09:58:17.292 Preprocessing complete:
INFO  - [     MainThread] domino-.NiftiPreprocessingPiece-NiftiPrepr_0e19aa0d1c584cfab52a7428f142b25e : 197 : 2025-12-09 09:58:17.292   - Succeeded: 8 subjects
[2025-12-09T09:58:17.293+0000] {docker.py:391} INFO - INFO  - [     MainThread] domino-.NiftiPreprocessingPiece-NiftiPrepr_0e19aa0d1c584cfab52a7428f142b25e : 198 : 2025-12-09 09:58:17.292   - Failed: 0 subjects
INFO  - [     MainThread] domino-.NiftiPreprocessingPiece-NiftiPrepr_0e19aa0d1c584cfab52a7428f142b25e : 201 : 2025-12-09 09:58:17.292   - Success rate: 100.0%
INFO  - [     MainThread] domino-.NiftiPreprocessingPiece-NiftiPrepr_0e19aa0d1c584cfab52a7428f142b25e : 204 : 2025-12-09 09:58:17.292 ============================================================
INFO  - [     MainThread] domino-.NiftiPreprocessingPiece-NiftiPrepr_0e19aa0d1c584cfab52a7428f142b25e : 205 : 2025-12-09 09:58:17.292 NiftiPreprocessingPiece execution completed
INFO  - [     MainThread] domino-.NiftiPreprocessingPiece-NiftiPrepr_0e19aa0d1c584cfab52a7428f142b25e : 206 : 2025-12-09 09:58:17.292 ============================================================
[2025-12-09T09:58:17.385+0000] {docker.py:391} INFO - INFO  - [     MainThread] domino-.NiftiPreprocessingPiece-NiftiPrepr_0e19aa0d1c584cfab52a7428f142b25e : 308 : 2025-12-09 09:58:17.380 Piece used 0 bytes of storage.
INFO  - [     MainThread] domino-.NiftiPreprocessingPiece-NiftiPrepr_0e19aa0d1c584cfab52a7428f142b25e : 309 : 2025-12-09 09:58:17.380 End cut point for logger 48c94577-0225-4c3f-87c0-8add3f4e6d4b
[2025-12-09T09:58:18.181+0000] {taskinstance.py:1400} INFO - Marking task as SUCCESS. dag_id=a33b9598a8c642b7b3bd8c85a966ecf1, task_id=NiftiPrepr_0e19aa0d1c584cfab52a7428f142b25e, execution_date=20251209T095700, start_date=20251209T095812, end_date=20251209T095818
[2025-12-09T09:58:18.238+0000] {local_task_job_runner.py:228} INFO - Task exited with return code 0
[2025-12-09T09:58:18.275+0000] {taskinstance.py:2778} INFO - 0 downstream tasks scheduled from follow-on schedule check
