[2025-12-09T09:58:03.826+0000] {processor.py:157} INFO - Started process (PID=198) to work on /opt/airflow/dags/a33b9598a8c642b7b3bd8c85a966ecf1.py
[2025-12-09T09:58:03.826+0000] {processor.py:829} INFO - Processing file /opt/airflow/dags/a33b9598a8c642b7b3bd8c85a966ecf1.py for tasks to queue
[2025-12-09T09:58:03.827+0000] {logging_mixin.py:151} INFO - [2025-12-09T09:58:03.827+0000] {dagbag.py:536} INFO - Filling up the DagBag from /opt/airflow/dags/a33b9598a8c642b7b3bd8c85a966ecf1.py
[2025-12-09T09:58:05.030+0000] {logging_mixin.py:151} WARNING - /home/airflow/.local/lib/python3.9/site-packages/airflow/providers/cncf/kubernetes/operators/kubernetes_pod.py:32 DeprecationWarning: The `airflow.kubernetes.pod_generator.PodGenerator` class is deprecated. Please use `'airflow.providers.cncf.kubernetes.pod_generator.PodGenerator'`. The `cncf.kubernetes` provider must be >= 7.4.0 for that..
[2025-12-09T09:58:05.036+0000] {logging_mixin.py:151} WARNING - /home/airflow/.local/lib/python3.9/site-packages/airflow/providers/cncf/kubernetes/operators/kubernetes_pod.py:33 DeprecationWarning: The `airflow.kubernetes.secret.Secret` class is deprecated. Please use `'airflow.providers.cncf.kubernetes.secret.Secret'`. The `cncf.kubernetes` provider must be >= 7.4.0 for that..
[2025-12-09T09:58:05.039+0000] {logging_mixin.py:151} WARNING - /home/airflow/.local/lib/python3.9/site-packages/airflow/providers/cncf/kubernetes/hooks/kubernetes.py:29 DeprecationWarning: The `airflow.kubernetes.kube_client._disable_verify_ssl` class is deprecated. Please use `'airflow.kubernetes.airflow.providers.cncf.kubernetes.kube_client._disable_verify_ssl'`. The `cncf.kubernetes` provider must be >= 7.4.0 for that..
[2025-12-09T09:58:05.041+0000] {logging_mixin.py:151} WARNING - /home/airflow/.local/lib/python3.9/site-packages/airflow/providers/cncf/kubernetes/hooks/kubernetes.py:29 DeprecationWarning: The `airflow.kubernetes.kube_client._enable_tcp_keepalive` class is deprecated. Please use `'airflow.kubernetes.airflow.providers.cncf.kubernetes.kube_client._enable_tcp_keepalive'`. The `cncf.kubernetes` provider must be >= 7.4.0 for that..
[2025-12-09T09:58:05.043+0000] {logging_mixin.py:151} WARNING - /home/airflow/.local/lib/python3.9/site-packages/airflow/providers/cncf/kubernetes/utils/pod_manager.py:40 DeprecationWarning: The `airflow.kubernetes.kube_client.get_kube_client` class is deprecated. Please use `'airflow.kubernetes.airflow.providers.cncf.kubernetes.kube_client.get_kube_client'`. The `cncf.kubernetes` provider must be >= 7.4.0 for that..
[2025-12-09T09:58:05.043+0000] {logging_mixin.py:151} WARNING - /home/airflow/.local/lib/python3.9/site-packages/airflow/providers/cncf/kubernetes/utils/pod_manager.py:41 DeprecationWarning: The `airflow.kubernetes.pod_generator.PodDefaults` class is deprecated. Please use `'airflow.kubernetes.pre_7_4_0_compatibility.pod_generator_deprecated.PodDefaults'`. The `cncf.kubernetes` provider must be >= 7.4.0 for that..
[2025-12-09T09:58:05.458+0000] {logging_mixin.py:151} WARNING - INFO  - [DagFileProcessor10] domino-.Task-NiftiDataL_37b84931888e454aac0ad9800b9a0106 : 35 : 2025-12-09 09:58:05.458 ### Configuring task object ###
[2025-12-09T09:58:05.459+0000] {logging_mixin.py:151} WARNING - INFO  - [DagFileProcessor10] domino-.Task-NiftiVisua_f6bab4518ef3452eb58ef350fbda4ed9 : 35 : 2025-12-09 09:58:05.459 ### Configuring task object ###
[2025-12-09T09:58:05.459+0000] {logging_mixin.py:151} WARNING - INFO  - [DagFileProcessor10] domino-.Task-DataSplitP_54acc3ceb29a423892a76ed1ae55c73d : 35 : 2025-12-09 09:58:05.459 ### Configuring task object ###
[2025-12-09T09:58:05.460+0000] {logging_mixin.py:151} WARNING - INFO  - [DagFileProcessor10] domino-.Task-NiftiPrepr_5a6c68d92d3642c7823630abcd6f20e6 : 35 : 2025-12-09 09:58:05.460 ### Configuring task object ###
[2025-12-09T09:58:05.460+0000] {logging_mixin.py:151} WARNING - INFO  - [DagFileProcessor10] domino-.Task-NiftiPrepr_0e19aa0d1c584cfab52a7428f142b25e : 35 : 2025-12-09 09:58:05.460 ### Configuring task object ###
[2025-12-09T09:58:05.460+0000] {logging_mixin.py:151} WARNING - INFO  - [DagFileProcessor10] domino-.Task-NiftiPrepr_e1f49198aa3c4456884ce56b8f551911 : 35 : 2025-12-09 09:58:05.460 ### Configuring task object ###
[2025-12-09T09:58:05.461+0000] {logging_mixin.py:151} WARNING - INFO  - [DagFileProcessor10] domino-.Task-PituitaryD_4ac318bb02c14e3fb1641918bde712d8 : 35 : 2025-12-09 09:58:05.461 ### Configuring task object ###
[2025-12-09T09:58:05.467+0000] {processor.py:839} INFO - DAG(s) dict_keys(['a33b9598a8c642b7b3bd8c85a966ecf1']) retrieved from /opt/airflow/dags/a33b9598a8c642b7b3bd8c85a966ecf1.py
[2025-12-09T09:58:05.642+0000] {logging_mixin.py:151} INFO - [2025-12-09T09:58:05.642+0000] {manager.py:499} INFO - Created Permission View: %s
[2025-12-09T09:58:05.655+0000] {logging_mixin.py:151} INFO - [2025-12-09T09:58:05.655+0000] {manager.py:499} INFO - Created Permission View: %s
[2025-12-09T09:58:05.662+0000] {logging_mixin.py:151} INFO - [2025-12-09T09:58:05.662+0000] {manager.py:499} INFO - Created Permission View: %s
[2025-12-09T09:58:05.663+0000] {logging_mixin.py:151} INFO - [2025-12-09T09:58:05.663+0000] {dag.py:2941} INFO - Sync 1 DAGs
[2025-12-09T09:58:05.674+0000] {logging_mixin.py:151} INFO - [2025-12-09T09:58:05.674+0000] {dag.py:2963} INFO - Creating ORM DAG for a33b9598a8c642b7b3bd8c85a966ecf1
[2025-12-09T09:58:05.684+0000] {logging_mixin.py:151} INFO - [2025-12-09T09:58:05.683+0000] {dag.py:3722} INFO - Setting next_dagrun for a33b9598a8c642b7b3bd8c85a966ecf1 to 2025-12-09T09:57:00+00:00, run_after=2025-12-09T09:57:00+00:00
[2025-12-09T09:58:05.701+0000] {processor.py:179} INFO - Processing /opt/airflow/dags/a33b9598a8c642b7b3bd8c85a966ecf1.py took 1.878 seconds
[2025-12-09T09:58:35.840+0000] {processor.py:157} INFO - Started process (PID=215) to work on /opt/airflow/dags/a33b9598a8c642b7b3bd8c85a966ecf1.py
[2025-12-09T09:58:35.848+0000] {processor.py:829} INFO - Processing file /opt/airflow/dags/a33b9598a8c642b7b3bd8c85a966ecf1.py for tasks to queue
[2025-12-09T09:58:35.849+0000] {logging_mixin.py:151} INFO - [2025-12-09T09:58:35.848+0000] {dagbag.py:536} INFO - Filling up the DagBag from /opt/airflow/dags/a33b9598a8c642b7b3bd8c85a966ecf1.py
[2025-12-09T09:58:36.845+0000] {logging_mixin.py:151} WARNING - /home/airflow/.local/lib/python3.9/site-packages/airflow/providers/cncf/kubernetes/operators/kubernetes_pod.py:32 DeprecationWarning: The `airflow.kubernetes.pod_generator.PodGenerator` class is deprecated. Please use `'airflow.providers.cncf.kubernetes.pod_generator.PodGenerator'`. The `cncf.kubernetes` provider must be >= 7.4.0 for that..
[2025-12-09T09:58:36.857+0000] {logging_mixin.py:151} WARNING - /home/airflow/.local/lib/python3.9/site-packages/airflow/providers/cncf/kubernetes/operators/kubernetes_pod.py:33 DeprecationWarning: The `airflow.kubernetes.secret.Secret` class is deprecated. Please use `'airflow.providers.cncf.kubernetes.secret.Secret'`. The `cncf.kubernetes` provider must be >= 7.4.0 for that..
[2025-12-09T09:58:36.865+0000] {logging_mixin.py:151} WARNING - /home/airflow/.local/lib/python3.9/site-packages/airflow/providers/cncf/kubernetes/hooks/kubernetes.py:29 DeprecationWarning: The `airflow.kubernetes.kube_client._disable_verify_ssl` class is deprecated. Please use `'airflow.kubernetes.airflow.providers.cncf.kubernetes.kube_client._disable_verify_ssl'`. The `cncf.kubernetes` provider must be >= 7.4.0 for that..
[2025-12-09T09:58:36.868+0000] {logging_mixin.py:151} WARNING - /home/airflow/.local/lib/python3.9/site-packages/airflow/providers/cncf/kubernetes/hooks/kubernetes.py:29 DeprecationWarning: The `airflow.kubernetes.kube_client._enable_tcp_keepalive` class is deprecated. Please use `'airflow.kubernetes.airflow.providers.cncf.kubernetes.kube_client._enable_tcp_keepalive'`. The `cncf.kubernetes` provider must be >= 7.4.0 for that..
[2025-12-09T09:58:36.871+0000] {logging_mixin.py:151} WARNING - /home/airflow/.local/lib/python3.9/site-packages/airflow/providers/cncf/kubernetes/utils/pod_manager.py:40 DeprecationWarning: The `airflow.kubernetes.kube_client.get_kube_client` class is deprecated. Please use `'airflow.kubernetes.airflow.providers.cncf.kubernetes.kube_client.get_kube_client'`. The `cncf.kubernetes` provider must be >= 7.4.0 for that..
[2025-12-09T09:58:36.873+0000] {logging_mixin.py:151} WARNING - /home/airflow/.local/lib/python3.9/site-packages/airflow/providers/cncf/kubernetes/utils/pod_manager.py:41 DeprecationWarning: The `airflow.kubernetes.pod_generator.PodDefaults` class is deprecated. Please use `'airflow.kubernetes.pre_7_4_0_compatibility.pod_generator_deprecated.PodDefaults'`. The `cncf.kubernetes` provider must be >= 7.4.0 for that..
[2025-12-09T09:58:37.478+0000] {logging_mixin.py:151} WARNING - INFO  - [DagFileProcessor11] domino-.Task-NiftiDataL_37b84931888e454aac0ad9800b9a0106 : 35 : 2025-12-09 09:58:37.478 ### Configuring task object ###
[2025-12-09T09:58:37.479+0000] {logging_mixin.py:151} WARNING - INFO  - [DagFileProcessor11] domino-.Task-NiftiVisua_f6bab4518ef3452eb58ef350fbda4ed9 : 35 : 2025-12-09 09:58:37.479 ### Configuring task object ###
[2025-12-09T09:58:37.479+0000] {logging_mixin.py:151} WARNING - INFO  - [DagFileProcessor11] domino-.Task-DataSplitP_54acc3ceb29a423892a76ed1ae55c73d : 35 : 2025-12-09 09:58:37.479 ### Configuring task object ###
[2025-12-09T09:58:37.480+0000] {logging_mixin.py:151} WARNING - INFO  - [DagFileProcessor11] domino-.Task-NiftiPrepr_5a6c68d92d3642c7823630abcd6f20e6 : 35 : 2025-12-09 09:58:37.480 ### Configuring task object ###
[2025-12-09T09:58:37.480+0000] {logging_mixin.py:151} WARNING - INFO  - [DagFileProcessor11] domino-.Task-NiftiPrepr_0e19aa0d1c584cfab52a7428f142b25e : 35 : 2025-12-09 09:58:37.480 ### Configuring task object ###
[2025-12-09T09:58:37.480+0000] {logging_mixin.py:151} WARNING - INFO  - [DagFileProcessor11] domino-.Task-NiftiPrepr_e1f49198aa3c4456884ce56b8f551911 : 35 : 2025-12-09 09:58:37.480 ### Configuring task object ###
[2025-12-09T09:58:37.481+0000] {logging_mixin.py:151} WARNING - INFO  - [DagFileProcessor11] domino-.Task-PituitaryD_4ac318bb02c14e3fb1641918bde712d8 : 35 : 2025-12-09 09:58:37.481 ### Configuring task object ###
[2025-12-09T09:58:37.487+0000] {processor.py:839} INFO - DAG(s) dict_keys(['a33b9598a8c642b7b3bd8c85a966ecf1']) retrieved from /opt/airflow/dags/a33b9598a8c642b7b3bd8c85a966ecf1.py
[2025-12-09T09:58:37.521+0000] {logging_mixin.py:151} INFO - [2025-12-09T09:58:37.521+0000] {dag.py:2941} INFO - Sync 1 DAGs
[2025-12-09T09:58:37.546+0000] {logging_mixin.py:151} INFO - [2025-12-09T09:58:37.546+0000] {dag.py:3722} INFO - Setting next_dagrun for a33b9598a8c642b7b3bd8c85a966ecf1 to None, run_after=None
[2025-12-09T09:58:37.566+0000] {processor.py:179} INFO - Processing /opt/airflow/dags/a33b9598a8c642b7b3bd8c85a966ecf1.py took 1.729 seconds
[2025-12-09T09:59:07.681+0000] {processor.py:157} INFO - Started process (PID=223) to work on /opt/airflow/dags/a33b9598a8c642b7b3bd8c85a966ecf1.py
[2025-12-09T09:59:07.689+0000] {processor.py:829} INFO - Processing file /opt/airflow/dags/a33b9598a8c642b7b3bd8c85a966ecf1.py for tasks to queue
[2025-12-09T09:59:07.689+0000] {logging_mixin.py:151} INFO - [2025-12-09T09:59:07.689+0000] {dagbag.py:536} INFO - Filling up the DagBag from /opt/airflow/dags/a33b9598a8c642b7b3bd8c85a966ecf1.py
[2025-12-09T09:59:08.431+0000] {logging_mixin.py:151} WARNING - /home/airflow/.local/lib/python3.9/site-packages/airflow/providers/cncf/kubernetes/operators/kubernetes_pod.py:32 DeprecationWarning: The `airflow.kubernetes.pod_generator.PodGenerator` class is deprecated. Please use `'airflow.providers.cncf.kubernetes.pod_generator.PodGenerator'`. The `cncf.kubernetes` provider must be >= 7.4.0 for that..
[2025-12-09T09:59:08.435+0000] {logging_mixin.py:151} WARNING - /home/airflow/.local/lib/python3.9/site-packages/airflow/providers/cncf/kubernetes/operators/kubernetes_pod.py:33 DeprecationWarning: The `airflow.kubernetes.secret.Secret` class is deprecated. Please use `'airflow.providers.cncf.kubernetes.secret.Secret'`. The `cncf.kubernetes` provider must be >= 7.4.0 for that..
[2025-12-09T09:59:08.438+0000] {logging_mixin.py:151} WARNING - /home/airflow/.local/lib/python3.9/site-packages/airflow/providers/cncf/kubernetes/hooks/kubernetes.py:29 DeprecationWarning: The `airflow.kubernetes.kube_client._disable_verify_ssl` class is deprecated. Please use `'airflow.kubernetes.airflow.providers.cncf.kubernetes.kube_client._disable_verify_ssl'`. The `cncf.kubernetes` provider must be >= 7.4.0 for that..
[2025-12-09T09:59:08.439+0000] {logging_mixin.py:151} WARNING - /home/airflow/.local/lib/python3.9/site-packages/airflow/providers/cncf/kubernetes/hooks/kubernetes.py:29 DeprecationWarning: The `airflow.kubernetes.kube_client._enable_tcp_keepalive` class is deprecated. Please use `'airflow.kubernetes.airflow.providers.cncf.kubernetes.kube_client._enable_tcp_keepalive'`. The `cncf.kubernetes` provider must be >= 7.4.0 for that..
[2025-12-09T09:59:08.441+0000] {logging_mixin.py:151} WARNING - /home/airflow/.local/lib/python3.9/site-packages/airflow/providers/cncf/kubernetes/utils/pod_manager.py:40 DeprecationWarning: The `airflow.kubernetes.kube_client.get_kube_client` class is deprecated. Please use `'airflow.kubernetes.airflow.providers.cncf.kubernetes.kube_client.get_kube_client'`. The `cncf.kubernetes` provider must be >= 7.4.0 for that..
[2025-12-09T09:59:08.441+0000] {logging_mixin.py:151} WARNING - /home/airflow/.local/lib/python3.9/site-packages/airflow/providers/cncf/kubernetes/utils/pod_manager.py:41 DeprecationWarning: The `airflow.kubernetes.pod_generator.PodDefaults` class is deprecated. Please use `'airflow.kubernetes.pre_7_4_0_compatibility.pod_generator_deprecated.PodDefaults'`. The `cncf.kubernetes` provider must be >= 7.4.0 for that..
[2025-12-09T09:59:08.845+0000] {logging_mixin.py:151} WARNING - INFO  - [DagFileProcessor12] domino-.Task-NiftiDataL_37b84931888e454aac0ad9800b9a0106 : 35 : 2025-12-09 09:59:08.845 ### Configuring task object ###
[2025-12-09T09:59:08.846+0000] {logging_mixin.py:151} WARNING - INFO  - [DagFileProcessor12] domino-.Task-NiftiVisua_f6bab4518ef3452eb58ef350fbda4ed9 : 35 : 2025-12-09 09:59:08.846 ### Configuring task object ###
[2025-12-09T09:59:08.846+0000] {logging_mixin.py:151} WARNING - INFO  - [DagFileProcessor12] domino-.Task-DataSplitP_54acc3ceb29a423892a76ed1ae55c73d : 35 : 2025-12-09 09:59:08.846 ### Configuring task object ###
[2025-12-09T09:59:08.846+0000] {logging_mixin.py:151} WARNING - INFO  - [DagFileProcessor12] domino-.Task-NiftiPrepr_5a6c68d92d3642c7823630abcd6f20e6 : 35 : 2025-12-09 09:59:08.846 ### Configuring task object ###
[2025-12-09T09:59:08.847+0000] {logging_mixin.py:151} WARNING - INFO  - [DagFileProcessor12] domino-.Task-NiftiPrepr_0e19aa0d1c584cfab52a7428f142b25e : 35 : 2025-12-09 09:59:08.847 ### Configuring task object ###
[2025-12-09T09:59:08.847+0000] {logging_mixin.py:151} WARNING - INFO  - [DagFileProcessor12] domino-.Task-NiftiPrepr_e1f49198aa3c4456884ce56b8f551911 : 35 : 2025-12-09 09:59:08.847 ### Configuring task object ###
[2025-12-09T09:59:08.847+0000] {logging_mixin.py:151} WARNING - INFO  - [DagFileProcessor12] domino-.Task-PituitaryD_4ac318bb02c14e3fb1641918bde712d8 : 35 : 2025-12-09 09:59:08.847 ### Configuring task object ###
[2025-12-09T09:59:08.852+0000] {processor.py:839} INFO - DAG(s) dict_keys(['a33b9598a8c642b7b3bd8c85a966ecf1']) retrieved from /opt/airflow/dags/a33b9598a8c642b7b3bd8c85a966ecf1.py
[2025-12-09T09:59:08.875+0000] {logging_mixin.py:151} INFO - [2025-12-09T09:59:08.874+0000] {dag.py:2941} INFO - Sync 1 DAGs
[2025-12-09T09:59:08.891+0000] {logging_mixin.py:151} INFO - [2025-12-09T09:59:08.891+0000] {dag.py:3722} INFO - Setting next_dagrun for a33b9598a8c642b7b3bd8c85a966ecf1 to None, run_after=None
[2025-12-09T09:59:08.905+0000] {processor.py:179} INFO - Processing /opt/airflow/dags/a33b9598a8c642b7b3bd8c85a966ecf1.py took 1.227 seconds
[2025-12-09T09:59:39.015+0000] {processor.py:157} INFO - Started process (PID=231) to work on /opt/airflow/dags/a33b9598a8c642b7b3bd8c85a966ecf1.py
[2025-12-09T09:59:39.023+0000] {processor.py:829} INFO - Processing file /opt/airflow/dags/a33b9598a8c642b7b3bd8c85a966ecf1.py for tasks to queue
[2025-12-09T09:59:39.023+0000] {logging_mixin.py:151} INFO - [2025-12-09T09:59:39.023+0000] {dagbag.py:536} INFO - Filling up the DagBag from /opt/airflow/dags/a33b9598a8c642b7b3bd8c85a966ecf1.py
[2025-12-09T09:59:39.888+0000] {logging_mixin.py:151} WARNING - /home/airflow/.local/lib/python3.9/site-packages/airflow/providers/cncf/kubernetes/operators/kubernetes_pod.py:32 DeprecationWarning: The `airflow.kubernetes.pod_generator.PodGenerator` class is deprecated. Please use `'airflow.providers.cncf.kubernetes.pod_generator.PodGenerator'`. The `cncf.kubernetes` provider must be >= 7.4.0 for that..
[2025-12-09T09:59:39.892+0000] {logging_mixin.py:151} WARNING - /home/airflow/.local/lib/python3.9/site-packages/airflow/providers/cncf/kubernetes/operators/kubernetes_pod.py:33 DeprecationWarning: The `airflow.kubernetes.secret.Secret` class is deprecated. Please use `'airflow.providers.cncf.kubernetes.secret.Secret'`. The `cncf.kubernetes` provider must be >= 7.4.0 for that..
[2025-12-09T09:59:39.895+0000] {logging_mixin.py:151} WARNING - /home/airflow/.local/lib/python3.9/site-packages/airflow/providers/cncf/kubernetes/hooks/kubernetes.py:29 DeprecationWarning: The `airflow.kubernetes.kube_client._disable_verify_ssl` class is deprecated. Please use `'airflow.kubernetes.airflow.providers.cncf.kubernetes.kube_client._disable_verify_ssl'`. The `cncf.kubernetes` provider must be >= 7.4.0 for that..
[2025-12-09T09:59:39.896+0000] {logging_mixin.py:151} WARNING - /home/airflow/.local/lib/python3.9/site-packages/airflow/providers/cncf/kubernetes/hooks/kubernetes.py:29 DeprecationWarning: The `airflow.kubernetes.kube_client._enable_tcp_keepalive` class is deprecated. Please use `'airflow.kubernetes.airflow.providers.cncf.kubernetes.kube_client._enable_tcp_keepalive'`. The `cncf.kubernetes` provider must be >= 7.4.0 for that..
[2025-12-09T09:59:39.897+0000] {logging_mixin.py:151} WARNING - /home/airflow/.local/lib/python3.9/site-packages/airflow/providers/cncf/kubernetes/utils/pod_manager.py:40 DeprecationWarning: The `airflow.kubernetes.kube_client.get_kube_client` class is deprecated. Please use `'airflow.kubernetes.airflow.providers.cncf.kubernetes.kube_client.get_kube_client'`. The `cncf.kubernetes` provider must be >= 7.4.0 for that..
[2025-12-09T09:59:39.898+0000] {logging_mixin.py:151} WARNING - /home/airflow/.local/lib/python3.9/site-packages/airflow/providers/cncf/kubernetes/utils/pod_manager.py:41 DeprecationWarning: The `airflow.kubernetes.pod_generator.PodDefaults` class is deprecated. Please use `'airflow.kubernetes.pre_7_4_0_compatibility.pod_generator_deprecated.PodDefaults'`. The `cncf.kubernetes` provider must be >= 7.4.0 for that..
[2025-12-09T09:59:40.225+0000] {logging_mixin.py:151} WARNING - INFO  - [DagFileProcessor13] domino-.Task-NiftiDataL_37b84931888e454aac0ad9800b9a0106 : 35 : 2025-12-09 09:59:40.225 ### Configuring task object ###
[2025-12-09T09:59:40.226+0000] {logging_mixin.py:151} WARNING - INFO  - [DagFileProcessor13] domino-.Task-NiftiVisua_f6bab4518ef3452eb58ef350fbda4ed9 : 35 : 2025-12-09 09:59:40.226 ### Configuring task object ###
[2025-12-09T09:59:40.226+0000] {logging_mixin.py:151} WARNING - INFO  - [DagFileProcessor13] domino-.Task-DataSplitP_54acc3ceb29a423892a76ed1ae55c73d : 35 : 2025-12-09 09:59:40.226 ### Configuring task object ###
[2025-12-09T09:59:40.227+0000] {logging_mixin.py:151} WARNING - INFO  - [DagFileProcessor13] domino-.Task-NiftiPrepr_5a6c68d92d3642c7823630abcd6f20e6 : 35 : 2025-12-09 09:59:40.227 ### Configuring task object ###
[2025-12-09T09:59:40.227+0000] {logging_mixin.py:151} WARNING - INFO  - [DagFileProcessor13] domino-.Task-NiftiPrepr_0e19aa0d1c584cfab52a7428f142b25e : 35 : 2025-12-09 09:59:40.227 ### Configuring task object ###
[2025-12-09T09:59:40.227+0000] {logging_mixin.py:151} WARNING - INFO  - [DagFileProcessor13] domino-.Task-NiftiPrepr_e1f49198aa3c4456884ce56b8f551911 : 35 : 2025-12-09 09:59:40.227 ### Configuring task object ###
[2025-12-09T09:59:40.227+0000] {logging_mixin.py:151} WARNING - INFO  - [DagFileProcessor13] domino-.Task-PituitaryD_4ac318bb02c14e3fb1641918bde712d8 : 35 : 2025-12-09 09:59:40.227 ### Configuring task object ###
[2025-12-09T09:59:40.233+0000] {processor.py:839} INFO - DAG(s) dict_keys(['a33b9598a8c642b7b3bd8c85a966ecf1']) retrieved from /opt/airflow/dags/a33b9598a8c642b7b3bd8c85a966ecf1.py
[2025-12-09T09:59:40.261+0000] {logging_mixin.py:151} INFO - [2025-12-09T09:59:40.261+0000] {dag.py:2941} INFO - Sync 1 DAGs
[2025-12-09T09:59:40.281+0000] {logging_mixin.py:151} INFO - [2025-12-09T09:59:40.281+0000] {dag.py:3722} INFO - Setting next_dagrun for a33b9598a8c642b7b3bd8c85a966ecf1 to None, run_after=None
[2025-12-09T09:59:40.296+0000] {processor.py:179} INFO - Processing /opt/airflow/dags/a33b9598a8c642b7b3bd8c85a966ecf1.py took 1.283 seconds
[2025-12-09T10:00:10.401+0000] {processor.py:157} INFO - Started process (PID=239) to work on /opt/airflow/dags/a33b9598a8c642b7b3bd8c85a966ecf1.py
[2025-12-09T10:00:10.401+0000] {processor.py:829} INFO - Processing file /opt/airflow/dags/a33b9598a8c642b7b3bd8c85a966ecf1.py for tasks to queue
[2025-12-09T10:00:10.402+0000] {logging_mixin.py:151} INFO - [2025-12-09T10:00:10.402+0000] {dagbag.py:536} INFO - Filling up the DagBag from /opt/airflow/dags/a33b9598a8c642b7b3bd8c85a966ecf1.py
[2025-12-09T10:00:11.279+0000] {logging_mixin.py:151} WARNING - /home/airflow/.local/lib/python3.9/site-packages/airflow/providers/cncf/kubernetes/operators/kubernetes_pod.py:32 DeprecationWarning: The `airflow.kubernetes.pod_generator.PodGenerator` class is deprecated. Please use `'airflow.providers.cncf.kubernetes.pod_generator.PodGenerator'`. The `cncf.kubernetes` provider must be >= 7.4.0 for that..
[2025-12-09T10:00:11.283+0000] {logging_mixin.py:151} WARNING - /home/airflow/.local/lib/python3.9/site-packages/airflow/providers/cncf/kubernetes/operators/kubernetes_pod.py:33 DeprecationWarning: The `airflow.kubernetes.secret.Secret` class is deprecated. Please use `'airflow.providers.cncf.kubernetes.secret.Secret'`. The `cncf.kubernetes` provider must be >= 7.4.0 for that..
[2025-12-09T10:00:11.285+0000] {logging_mixin.py:151} WARNING - /home/airflow/.local/lib/python3.9/site-packages/airflow/providers/cncf/kubernetes/hooks/kubernetes.py:29 DeprecationWarning: The `airflow.kubernetes.kube_client._disable_verify_ssl` class is deprecated. Please use `'airflow.kubernetes.airflow.providers.cncf.kubernetes.kube_client._disable_verify_ssl'`. The `cncf.kubernetes` provider must be >= 7.4.0 for that..
[2025-12-09T10:00:11.287+0000] {logging_mixin.py:151} WARNING - /home/airflow/.local/lib/python3.9/site-packages/airflow/providers/cncf/kubernetes/hooks/kubernetes.py:29 DeprecationWarning: The `airflow.kubernetes.kube_client._enable_tcp_keepalive` class is deprecated. Please use `'airflow.kubernetes.airflow.providers.cncf.kubernetes.kube_client._enable_tcp_keepalive'`. The `cncf.kubernetes` provider must be >= 7.4.0 for that..
[2025-12-09T10:00:11.288+0000] {logging_mixin.py:151} WARNING - /home/airflow/.local/lib/python3.9/site-packages/airflow/providers/cncf/kubernetes/utils/pod_manager.py:40 DeprecationWarning: The `airflow.kubernetes.kube_client.get_kube_client` class is deprecated. Please use `'airflow.kubernetes.airflow.providers.cncf.kubernetes.kube_client.get_kube_client'`. The `cncf.kubernetes` provider must be >= 7.4.0 for that..
[2025-12-09T10:00:11.288+0000] {logging_mixin.py:151} WARNING - /home/airflow/.local/lib/python3.9/site-packages/airflow/providers/cncf/kubernetes/utils/pod_manager.py:41 DeprecationWarning: The `airflow.kubernetes.pod_generator.PodDefaults` class is deprecated. Please use `'airflow.kubernetes.pre_7_4_0_compatibility.pod_generator_deprecated.PodDefaults'`. The `cncf.kubernetes` provider must be >= 7.4.0 for that..
[2025-12-09T10:00:11.603+0000] {logging_mixin.py:151} WARNING - INFO  - [DagFileProcessor14] domino-.Task-NiftiDataL_37b84931888e454aac0ad9800b9a0106 : 35 : 2025-12-09 10:00:11.603 ### Configuring task object ###
[2025-12-09T10:00:11.604+0000] {logging_mixin.py:151} WARNING - INFO  - [DagFileProcessor14] domino-.Task-NiftiVisua_f6bab4518ef3452eb58ef350fbda4ed9 : 35 : 2025-12-09 10:00:11.604 ### Configuring task object ###
[2025-12-09T10:00:11.604+0000] {logging_mixin.py:151} WARNING - INFO  - [DagFileProcessor14] domino-.Task-DataSplitP_54acc3ceb29a423892a76ed1ae55c73d : 35 : 2025-12-09 10:00:11.604 ### Configuring task object ###
[2025-12-09T10:00:11.604+0000] {logging_mixin.py:151} WARNING - INFO  - [DagFileProcessor14] domino-.Task-NiftiPrepr_5a6c68d92d3642c7823630abcd6f20e6 : 35 : 2025-12-09 10:00:11.604 ### Configuring task object ###
[2025-12-09T10:00:11.605+0000] {logging_mixin.py:151} WARNING - INFO  - [DagFileProcessor14] domino-.Task-NiftiPrepr_0e19aa0d1c584cfab52a7428f142b25e : 35 : 2025-12-09 10:00:11.605 ### Configuring task object ###
[2025-12-09T10:00:11.605+0000] {logging_mixin.py:151} WARNING - INFO  - [DagFileProcessor14] domino-.Task-NiftiPrepr_e1f49198aa3c4456884ce56b8f551911 : 35 : 2025-12-09 10:00:11.605 ### Configuring task object ###
[2025-12-09T10:00:11.605+0000] {logging_mixin.py:151} WARNING - INFO  - [DagFileProcessor14] domino-.Task-PituitaryD_4ac318bb02c14e3fb1641918bde712d8 : 35 : 2025-12-09 10:00:11.605 ### Configuring task object ###
[2025-12-09T10:00:11.610+0000] {processor.py:839} INFO - DAG(s) dict_keys(['a33b9598a8c642b7b3bd8c85a966ecf1']) retrieved from /opt/airflow/dags/a33b9598a8c642b7b3bd8c85a966ecf1.py
[2025-12-09T10:00:11.633+0000] {logging_mixin.py:151} INFO - [2025-12-09T10:00:11.633+0000] {dag.py:2941} INFO - Sync 1 DAGs
[2025-12-09T10:00:11.645+0000] {logging_mixin.py:151} INFO - [2025-12-09T10:00:11.645+0000] {dag.py:3722} INFO - Setting next_dagrun for a33b9598a8c642b7b3bd8c85a966ecf1 to None, run_after=None
[2025-12-09T10:00:11.664+0000] {processor.py:179} INFO - Processing /opt/airflow/dags/a33b9598a8c642b7b3bd8c85a966ecf1.py took 1.265 seconds
[2025-12-09T10:00:41.797+0000] {processor.py:157} INFO - Started process (PID=247) to work on /opt/airflow/dags/a33b9598a8c642b7b3bd8c85a966ecf1.py
[2025-12-09T10:00:41.806+0000] {processor.py:829} INFO - Processing file /opt/airflow/dags/a33b9598a8c642b7b3bd8c85a966ecf1.py for tasks to queue
[2025-12-09T10:00:41.807+0000] {logging_mixin.py:151} INFO - [2025-12-09T10:00:41.807+0000] {dagbag.py:536} INFO - Filling up the DagBag from /opt/airflow/dags/a33b9598a8c642b7b3bd8c85a966ecf1.py
[2025-12-09T10:00:43.001+0000] {logging_mixin.py:151} WARNING - /home/airflow/.local/lib/python3.9/site-packages/airflow/providers/cncf/kubernetes/operators/kubernetes_pod.py:32 DeprecationWarning: The `airflow.kubernetes.pod_generator.PodGenerator` class is deprecated. Please use `'airflow.providers.cncf.kubernetes.pod_generator.PodGenerator'`. The `cncf.kubernetes` provider must be >= 7.4.0 for that..
[2025-12-09T10:00:43.011+0000] {logging_mixin.py:151} WARNING - /home/airflow/.local/lib/python3.9/site-packages/airflow/providers/cncf/kubernetes/operators/kubernetes_pod.py:33 DeprecationWarning: The `airflow.kubernetes.secret.Secret` class is deprecated. Please use `'airflow.providers.cncf.kubernetes.secret.Secret'`. The `cncf.kubernetes` provider must be >= 7.4.0 for that..
[2025-12-09T10:00:43.017+0000] {logging_mixin.py:151} WARNING - /home/airflow/.local/lib/python3.9/site-packages/airflow/providers/cncf/kubernetes/hooks/kubernetes.py:29 DeprecationWarning: The `airflow.kubernetes.kube_client._disable_verify_ssl` class is deprecated. Please use `'airflow.kubernetes.airflow.providers.cncf.kubernetes.kube_client._disable_verify_ssl'`. The `cncf.kubernetes` provider must be >= 7.4.0 for that..
[2025-12-09T10:00:43.020+0000] {logging_mixin.py:151} WARNING - /home/airflow/.local/lib/python3.9/site-packages/airflow/providers/cncf/kubernetes/hooks/kubernetes.py:29 DeprecationWarning: The `airflow.kubernetes.kube_client._enable_tcp_keepalive` class is deprecated. Please use `'airflow.kubernetes.airflow.providers.cncf.kubernetes.kube_client._enable_tcp_keepalive'`. The `cncf.kubernetes` provider must be >= 7.4.0 for that..
[2025-12-09T10:00:43.023+0000] {logging_mixin.py:151} WARNING - /home/airflow/.local/lib/python3.9/site-packages/airflow/providers/cncf/kubernetes/utils/pod_manager.py:40 DeprecationWarning: The `airflow.kubernetes.kube_client.get_kube_client` class is deprecated. Please use `'airflow.kubernetes.airflow.providers.cncf.kubernetes.kube_client.get_kube_client'`. The `cncf.kubernetes` provider must be >= 7.4.0 for that..
[2025-12-09T10:00:43.024+0000] {logging_mixin.py:151} WARNING - /home/airflow/.local/lib/python3.9/site-packages/airflow/providers/cncf/kubernetes/utils/pod_manager.py:41 DeprecationWarning: The `airflow.kubernetes.pod_generator.PodDefaults` class is deprecated. Please use `'airflow.kubernetes.pre_7_4_0_compatibility.pod_generator_deprecated.PodDefaults'`. The `cncf.kubernetes` provider must be >= 7.4.0 for that..
[2025-12-09T10:00:43.662+0000] {logging_mixin.py:151} WARNING - INFO  - [DagFileProcessor15] domino-.Task-NiftiDataL_37b84931888e454aac0ad9800b9a0106 : 35 : 2025-12-09 10:00:43.662 ### Configuring task object ###
[2025-12-09T10:00:43.665+0000] {logging_mixin.py:151} WARNING - INFO  - [DagFileProcessor15] domino-.Task-NiftiVisua_f6bab4518ef3452eb58ef350fbda4ed9 : 35 : 2025-12-09 10:00:43.664 ### Configuring task object ###
[2025-12-09T10:00:43.665+0000] {logging_mixin.py:151} WARNING - INFO  - [DagFileProcessor15] domino-.Task-DataSplitP_54acc3ceb29a423892a76ed1ae55c73d : 35 : 2025-12-09 10:00:43.665 ### Configuring task object ###
[2025-12-09T10:00:43.665+0000] {logging_mixin.py:151} WARNING - INFO  - [DagFileProcessor15] domino-.Task-NiftiPrepr_5a6c68d92d3642c7823630abcd6f20e6 : 35 : 2025-12-09 10:00:43.665 ### Configuring task object ###
[2025-12-09T10:00:43.666+0000] {logging_mixin.py:151} WARNING - INFO  - [DagFileProcessor15] domino-.Task-NiftiPrepr_0e19aa0d1c584cfab52a7428f142b25e : 35 : 2025-12-09 10:00:43.666 ### Configuring task object ###
[2025-12-09T10:00:43.666+0000] {logging_mixin.py:151} WARNING - INFO  - [DagFileProcessor15] domino-.Task-NiftiPrepr_e1f49198aa3c4456884ce56b8f551911 : 35 : 2025-12-09 10:00:43.666 ### Configuring task object ###
[2025-12-09T10:00:43.666+0000] {logging_mixin.py:151} WARNING - INFO  - [DagFileProcessor15] domino-.Task-PituitaryD_4ac318bb02c14e3fb1641918bde712d8 : 35 : 2025-12-09 10:00:43.666 ### Configuring task object ###
[2025-12-09T10:00:43.673+0000] {processor.py:839} INFO - DAG(s) dict_keys(['a33b9598a8c642b7b3bd8c85a966ecf1']) retrieved from /opt/airflow/dags/a33b9598a8c642b7b3bd8c85a966ecf1.py
[2025-12-09T10:00:43.704+0000] {logging_mixin.py:151} INFO - [2025-12-09T10:00:43.704+0000] {dag.py:2941} INFO - Sync 1 DAGs
[2025-12-09T10:00:43.723+0000] {logging_mixin.py:151} INFO - [2025-12-09T10:00:43.723+0000] {dag.py:3722} INFO - Setting next_dagrun for a33b9598a8c642b7b3bd8c85a966ecf1 to None, run_after=None
[2025-12-09T10:00:43.753+0000] {processor.py:179} INFO - Processing /opt/airflow/dags/a33b9598a8c642b7b3bd8c85a966ecf1.py took 1.961 seconds
[2025-12-09T10:01:13.877+0000] {processor.py:157} INFO - Started process (PID=255) to work on /opt/airflow/dags/a33b9598a8c642b7b3bd8c85a966ecf1.py
[2025-12-09T10:01:13.885+0000] {processor.py:829} INFO - Processing file /opt/airflow/dags/a33b9598a8c642b7b3bd8c85a966ecf1.py for tasks to queue
[2025-12-09T10:01:13.885+0000] {logging_mixin.py:151} INFO - [2025-12-09T10:01:13.885+0000] {dagbag.py:536} INFO - Filling up the DagBag from /opt/airflow/dags/a33b9598a8c642b7b3bd8c85a966ecf1.py
[2025-12-09T10:01:15.197+0000] {logging_mixin.py:151} WARNING - /home/airflow/.local/lib/python3.9/site-packages/airflow/providers/cncf/kubernetes/operators/kubernetes_pod.py:32 DeprecationWarning: The `airflow.kubernetes.pod_generator.PodGenerator` class is deprecated. Please use `'airflow.providers.cncf.kubernetes.pod_generator.PodGenerator'`. The `cncf.kubernetes` provider must be >= 7.4.0 for that..
[2025-12-09T10:01:15.204+0000] {logging_mixin.py:151} WARNING - /home/airflow/.local/lib/python3.9/site-packages/airflow/providers/cncf/kubernetes/operators/kubernetes_pod.py:33 DeprecationWarning: The `airflow.kubernetes.secret.Secret` class is deprecated. Please use `'airflow.providers.cncf.kubernetes.secret.Secret'`. The `cncf.kubernetes` provider must be >= 7.4.0 for that..
[2025-12-09T10:01:15.209+0000] {logging_mixin.py:151} WARNING - /home/airflow/.local/lib/python3.9/site-packages/airflow/providers/cncf/kubernetes/hooks/kubernetes.py:29 DeprecationWarning: The `airflow.kubernetes.kube_client._disable_verify_ssl` class is deprecated. Please use `'airflow.kubernetes.airflow.providers.cncf.kubernetes.kube_client._disable_verify_ssl'`. The `cncf.kubernetes` provider must be >= 7.4.0 for that..
[2025-12-09T10:01:15.213+0000] {logging_mixin.py:151} WARNING - /home/airflow/.local/lib/python3.9/site-packages/airflow/providers/cncf/kubernetes/hooks/kubernetes.py:29 DeprecationWarning: The `airflow.kubernetes.kube_client._enable_tcp_keepalive` class is deprecated. Please use `'airflow.kubernetes.airflow.providers.cncf.kubernetes.kube_client._enable_tcp_keepalive'`. The `cncf.kubernetes` provider must be >= 7.4.0 for that..
[2025-12-09T10:01:15.215+0000] {logging_mixin.py:151} WARNING - /home/airflow/.local/lib/python3.9/site-packages/airflow/providers/cncf/kubernetes/utils/pod_manager.py:40 DeprecationWarning: The `airflow.kubernetes.kube_client.get_kube_client` class is deprecated. Please use `'airflow.kubernetes.airflow.providers.cncf.kubernetes.kube_client.get_kube_client'`. The `cncf.kubernetes` provider must be >= 7.4.0 for that..
[2025-12-09T10:01:15.216+0000] {logging_mixin.py:151} WARNING - /home/airflow/.local/lib/python3.9/site-packages/airflow/providers/cncf/kubernetes/utils/pod_manager.py:41 DeprecationWarning: The `airflow.kubernetes.pod_generator.PodDefaults` class is deprecated. Please use `'airflow.kubernetes.pre_7_4_0_compatibility.pod_generator_deprecated.PodDefaults'`. The `cncf.kubernetes` provider must be >= 7.4.0 for that..
[2025-12-09T10:01:15.700+0000] {logging_mixin.py:151} WARNING - INFO  - [DagFileProcessor16] domino-.Task-NiftiDataL_37b84931888e454aac0ad9800b9a0106 : 35 : 2025-12-09 10:01:15.700 ### Configuring task object ###
[2025-12-09T10:01:15.701+0000] {logging_mixin.py:151} WARNING - INFO  - [DagFileProcessor16] domino-.Task-NiftiVisua_f6bab4518ef3452eb58ef350fbda4ed9 : 35 : 2025-12-09 10:01:15.701 ### Configuring task object ###
[2025-12-09T10:01:15.701+0000] {logging_mixin.py:151} WARNING - INFO  - [DagFileProcessor16] domino-.Task-DataSplitP_54acc3ceb29a423892a76ed1ae55c73d : 35 : 2025-12-09 10:01:15.701 ### Configuring task object ###
[2025-12-09T10:01:15.702+0000] {logging_mixin.py:151} WARNING - INFO  - [DagFileProcessor16] domino-.Task-NiftiPrepr_5a6c68d92d3642c7823630abcd6f20e6 : 35 : 2025-12-09 10:01:15.702 ### Configuring task object ###
[2025-12-09T10:01:15.702+0000] {logging_mixin.py:151} WARNING - INFO  - [DagFileProcessor16] domino-.Task-NiftiPrepr_0e19aa0d1c584cfab52a7428f142b25e : 35 : 2025-12-09 10:01:15.702 ### Configuring task object ###
[2025-12-09T10:01:15.702+0000] {logging_mixin.py:151} WARNING - INFO  - [DagFileProcessor16] domino-.Task-NiftiPrepr_e1f49198aa3c4456884ce56b8f551911 : 35 : 2025-12-09 10:01:15.702 ### Configuring task object ###
[2025-12-09T10:01:15.703+0000] {logging_mixin.py:151} WARNING - INFO  - [DagFileProcessor16] domino-.Task-PituitaryD_4ac318bb02c14e3fb1641918bde712d8 : 35 : 2025-12-09 10:01:15.703 ### Configuring task object ###
[2025-12-09T10:01:15.712+0000] {processor.py:839} INFO - DAG(s) dict_keys(['a33b9598a8c642b7b3bd8c85a966ecf1']) retrieved from /opt/airflow/dags/a33b9598a8c642b7b3bd8c85a966ecf1.py
[2025-12-09T10:01:15.751+0000] {logging_mixin.py:151} INFO - [2025-12-09T10:01:15.751+0000] {dag.py:2941} INFO - Sync 1 DAGs
[2025-12-09T10:01:15.769+0000] {logging_mixin.py:151} INFO - [2025-12-09T10:01:15.769+0000] {dag.py:3722} INFO - Setting next_dagrun for a33b9598a8c642b7b3bd8c85a966ecf1 to None, run_after=None
[2025-12-09T10:01:15.801+0000] {processor.py:179} INFO - Processing /opt/airflow/dags/a33b9598a8c642b7b3bd8c85a966ecf1.py took 1.928 seconds
[2025-12-09T10:01:45.873+0000] {processor.py:157} INFO - Started process (PID=270) to work on /opt/airflow/dags/a33b9598a8c642b7b3bd8c85a966ecf1.py
[2025-12-09T10:01:45.893+0000] {processor.py:829} INFO - Processing file /opt/airflow/dags/a33b9598a8c642b7b3bd8c85a966ecf1.py for tasks to queue
[2025-12-09T10:01:45.894+0000] {logging_mixin.py:151} INFO - [2025-12-09T10:01:45.894+0000] {dagbag.py:536} INFO - Filling up the DagBag from /opt/airflow/dags/a33b9598a8c642b7b3bd8c85a966ecf1.py
[2025-12-09T10:01:47.305+0000] {logging_mixin.py:151} WARNING - /home/airflow/.local/lib/python3.9/site-packages/airflow/providers/cncf/kubernetes/operators/kubernetes_pod.py:32 DeprecationWarning: The `airflow.kubernetes.pod_generator.PodGenerator` class is deprecated. Please use `'airflow.providers.cncf.kubernetes.pod_generator.PodGenerator'`. The `cncf.kubernetes` provider must be >= 7.4.0 for that..
[2025-12-09T10:01:47.312+0000] {logging_mixin.py:151} WARNING - /home/airflow/.local/lib/python3.9/site-packages/airflow/providers/cncf/kubernetes/operators/kubernetes_pod.py:33 DeprecationWarning: The `airflow.kubernetes.secret.Secret` class is deprecated. Please use `'airflow.providers.cncf.kubernetes.secret.Secret'`. The `cncf.kubernetes` provider must be >= 7.4.0 for that..
[2025-12-09T10:01:47.317+0000] {logging_mixin.py:151} WARNING - /home/airflow/.local/lib/python3.9/site-packages/airflow/providers/cncf/kubernetes/hooks/kubernetes.py:29 DeprecationWarning: The `airflow.kubernetes.kube_client._disable_verify_ssl` class is deprecated. Please use `'airflow.kubernetes.airflow.providers.cncf.kubernetes.kube_client._disable_verify_ssl'`. The `cncf.kubernetes` provider must be >= 7.4.0 for that..
[2025-12-09T10:01:47.319+0000] {logging_mixin.py:151} WARNING - /home/airflow/.local/lib/python3.9/site-packages/airflow/providers/cncf/kubernetes/hooks/kubernetes.py:29 DeprecationWarning: The `airflow.kubernetes.kube_client._enable_tcp_keepalive` class is deprecated. Please use `'airflow.kubernetes.airflow.providers.cncf.kubernetes.kube_client._enable_tcp_keepalive'`. The `cncf.kubernetes` provider must be >= 7.4.0 for that..
[2025-12-09T10:01:47.322+0000] {logging_mixin.py:151} WARNING - /home/airflow/.local/lib/python3.9/site-packages/airflow/providers/cncf/kubernetes/utils/pod_manager.py:40 DeprecationWarning: The `airflow.kubernetes.kube_client.get_kube_client` class is deprecated. Please use `'airflow.kubernetes.airflow.providers.cncf.kubernetes.kube_client.get_kube_client'`. The `cncf.kubernetes` provider must be >= 7.4.0 for that..
[2025-12-09T10:01:47.323+0000] {logging_mixin.py:151} WARNING - /home/airflow/.local/lib/python3.9/site-packages/airflow/providers/cncf/kubernetes/utils/pod_manager.py:41 DeprecationWarning: The `airflow.kubernetes.pod_generator.PodDefaults` class is deprecated. Please use `'airflow.kubernetes.pre_7_4_0_compatibility.pod_generator_deprecated.PodDefaults'`. The `cncf.kubernetes` provider must be >= 7.4.0 for that..
[2025-12-09T10:01:47.878+0000] {logging_mixin.py:151} WARNING - INFO  - [DagFileProcessor17] domino-.Task-NiftiDataL_37b84931888e454aac0ad9800b9a0106 : 35 : 2025-12-09 10:01:47.878 ### Configuring task object ###
[2025-12-09T10:01:47.880+0000] {logging_mixin.py:151} WARNING - INFO  - [DagFileProcessor17] domino-.Task-NiftiVisua_f6bab4518ef3452eb58ef350fbda4ed9 : 35 : 2025-12-09 10:01:47.880 ### Configuring task object ###
[2025-12-09T10:01:47.881+0000] {logging_mixin.py:151} WARNING - INFO  - [DagFileProcessor17] domino-.Task-DataSplitP_54acc3ceb29a423892a76ed1ae55c73d : 35 : 2025-12-09 10:01:47.881 ### Configuring task object ###
[2025-12-09T10:01:47.882+0000] {logging_mixin.py:151} WARNING - INFO  - [DagFileProcessor17] domino-.Task-NiftiPrepr_5a6c68d92d3642c7823630abcd6f20e6 : 35 : 2025-12-09 10:01:47.882 ### Configuring task object ###
[2025-12-09T10:01:47.882+0000] {logging_mixin.py:151} WARNING - INFO  - [DagFileProcessor17] domino-.Task-NiftiPrepr_0e19aa0d1c584cfab52a7428f142b25e : 35 : 2025-12-09 10:01:47.882 ### Configuring task object ###
[2025-12-09T10:01:47.883+0000] {logging_mixin.py:151} WARNING - INFO  - [DagFileProcessor17] domino-.Task-NiftiPrepr_e1f49198aa3c4456884ce56b8f551911 : 35 : 2025-12-09 10:01:47.883 ### Configuring task object ###
[2025-12-09T10:01:47.883+0000] {logging_mixin.py:151} WARNING - INFO  - [DagFileProcessor17] domino-.Task-PituitaryD_4ac318bb02c14e3fb1641918bde712d8 : 35 : 2025-12-09 10:01:47.883 ### Configuring task object ###
[2025-12-09T10:01:47.892+0000] {processor.py:839} INFO - DAG(s) dict_keys(['a33b9598a8c642b7b3bd8c85a966ecf1']) retrieved from /opt/airflow/dags/a33b9598a8c642b7b3bd8c85a966ecf1.py
[2025-12-09T10:01:47.946+0000] {logging_mixin.py:151} INFO - [2025-12-09T10:01:47.946+0000] {dag.py:2941} INFO - Sync 1 DAGs
[2025-12-09T10:01:47.985+0000] {logging_mixin.py:151} INFO - [2025-12-09T10:01:47.985+0000] {dag.py:3722} INFO - Setting next_dagrun for a33b9598a8c642b7b3bd8c85a966ecf1 to None, run_after=None
[2025-12-09T10:01:48.030+0000] {processor.py:179} INFO - Processing /opt/airflow/dags/a33b9598a8c642b7b3bd8c85a966ecf1.py took 2.161 seconds
[2025-12-09T10:02:18.143+0000] {processor.py:157} INFO - Started process (PID=278) to work on /opt/airflow/dags/a33b9598a8c642b7b3bd8c85a966ecf1.py
[2025-12-09T10:02:18.149+0000] {processor.py:829} INFO - Processing file /opt/airflow/dags/a33b9598a8c642b7b3bd8c85a966ecf1.py for tasks to queue
[2025-12-09T10:02:18.150+0000] {logging_mixin.py:151} INFO - [2025-12-09T10:02:18.150+0000] {dagbag.py:536} INFO - Filling up the DagBag from /opt/airflow/dags/a33b9598a8c642b7b3bd8c85a966ecf1.py
[2025-12-09T10:02:19.877+0000] {logging_mixin.py:151} WARNING - /home/airflow/.local/lib/python3.9/site-packages/airflow/providers/cncf/kubernetes/operators/kubernetes_pod.py:32 DeprecationWarning: The `airflow.kubernetes.pod_generator.PodGenerator` class is deprecated. Please use `'airflow.providers.cncf.kubernetes.pod_generator.PodGenerator'`. The `cncf.kubernetes` provider must be >= 7.4.0 for that..
[2025-12-09T10:02:19.887+0000] {logging_mixin.py:151} WARNING - /home/airflow/.local/lib/python3.9/site-packages/airflow/providers/cncf/kubernetes/operators/kubernetes_pod.py:33 DeprecationWarning: The `airflow.kubernetes.secret.Secret` class is deprecated. Please use `'airflow.providers.cncf.kubernetes.secret.Secret'`. The `cncf.kubernetes` provider must be >= 7.4.0 for that..
[2025-12-09T10:02:19.894+0000] {logging_mixin.py:151} WARNING - /home/airflow/.local/lib/python3.9/site-packages/airflow/providers/cncf/kubernetes/hooks/kubernetes.py:29 DeprecationWarning: The `airflow.kubernetes.kube_client._disable_verify_ssl` class is deprecated. Please use `'airflow.kubernetes.airflow.providers.cncf.kubernetes.kube_client._disable_verify_ssl'`. The `cncf.kubernetes` provider must be >= 7.4.0 for that..
[2025-12-09T10:02:19.897+0000] {logging_mixin.py:151} WARNING - /home/airflow/.local/lib/python3.9/site-packages/airflow/providers/cncf/kubernetes/hooks/kubernetes.py:29 DeprecationWarning: The `airflow.kubernetes.kube_client._enable_tcp_keepalive` class is deprecated. Please use `'airflow.kubernetes.airflow.providers.cncf.kubernetes.kube_client._enable_tcp_keepalive'`. The `cncf.kubernetes` provider must be >= 7.4.0 for that..
[2025-12-09T10:02:19.901+0000] {logging_mixin.py:151} WARNING - /home/airflow/.local/lib/python3.9/site-packages/airflow/providers/cncf/kubernetes/utils/pod_manager.py:40 DeprecationWarning: The `airflow.kubernetes.kube_client.get_kube_client` class is deprecated. Please use `'airflow.kubernetes.airflow.providers.cncf.kubernetes.kube_client.get_kube_client'`. The `cncf.kubernetes` provider must be >= 7.4.0 for that..
[2025-12-09T10:02:19.902+0000] {logging_mixin.py:151} WARNING - /home/airflow/.local/lib/python3.9/site-packages/airflow/providers/cncf/kubernetes/utils/pod_manager.py:41 DeprecationWarning: The `airflow.kubernetes.pod_generator.PodDefaults` class is deprecated. Please use `'airflow.kubernetes.pre_7_4_0_compatibility.pod_generator_deprecated.PodDefaults'`. The `cncf.kubernetes` provider must be >= 7.4.0 for that..
[2025-12-09T10:02:20.700+0000] {logging_mixin.py:151} WARNING - INFO  - [DagFileProcessor18] domino-.Task-NiftiDataL_37b84931888e454aac0ad9800b9a0106 : 35 : 2025-12-09 10:02:20.700 ### Configuring task object ###
[2025-12-09T10:02:20.701+0000] {logging_mixin.py:151} WARNING - INFO  - [DagFileProcessor18] domino-.Task-NiftiVisua_f6bab4518ef3452eb58ef350fbda4ed9 : 35 : 2025-12-09 10:02:20.701 ### Configuring task object ###
[2025-12-09T10:02:20.701+0000] {logging_mixin.py:151} WARNING - INFO  - [DagFileProcessor18] domino-.Task-DataSplitP_54acc3ceb29a423892a76ed1ae55c73d : 35 : 2025-12-09 10:02:20.701 ### Configuring task object ###
[2025-12-09T10:02:20.702+0000] {logging_mixin.py:151} WARNING - INFO  - [DagFileProcessor18] domino-.Task-NiftiPrepr_5a6c68d92d3642c7823630abcd6f20e6 : 35 : 2025-12-09 10:02:20.702 ### Configuring task object ###
[2025-12-09T10:02:20.702+0000] {logging_mixin.py:151} WARNING - INFO  - [DagFileProcessor18] domino-.Task-NiftiPrepr_0e19aa0d1c584cfab52a7428f142b25e : 35 : 2025-12-09 10:02:20.702 ### Configuring task object ###
[2025-12-09T10:02:20.702+0000] {logging_mixin.py:151} WARNING - INFO  - [DagFileProcessor18] domino-.Task-NiftiPrepr_e1f49198aa3c4456884ce56b8f551911 : 35 : 2025-12-09 10:02:20.702 ### Configuring task object ###
[2025-12-09T10:02:20.703+0000] {logging_mixin.py:151} WARNING - INFO  - [DagFileProcessor18] domino-.Task-PituitaryD_4ac318bb02c14e3fb1641918bde712d8 : 35 : 2025-12-09 10:02:20.703 ### Configuring task object ###
[2025-12-09T10:02:20.717+0000] {processor.py:839} INFO - DAG(s) dict_keys(['a33b9598a8c642b7b3bd8c85a966ecf1']) retrieved from /opt/airflow/dags/a33b9598a8c642b7b3bd8c85a966ecf1.py
[2025-12-09T10:02:20.762+0000] {logging_mixin.py:151} INFO - [2025-12-09T10:02:20.762+0000] {dag.py:2941} INFO - Sync 1 DAGs
[2025-12-09T10:02:20.791+0000] {logging_mixin.py:151} INFO - [2025-12-09T10:02:20.790+0000] {dag.py:3722} INFO - Setting next_dagrun for a33b9598a8c642b7b3bd8c85a966ecf1 to None, run_after=None
[2025-12-09T10:02:20.818+0000] {processor.py:179} INFO - Processing /opt/airflow/dags/a33b9598a8c642b7b3bd8c85a966ecf1.py took 2.679 seconds
[2025-12-09T10:02:50.981+0000] {processor.py:157} INFO - Started process (PID=286) to work on /opt/airflow/dags/a33b9598a8c642b7b3bd8c85a966ecf1.py
[2025-12-09T10:02:50.989+0000] {processor.py:829} INFO - Processing file /opt/airflow/dags/a33b9598a8c642b7b3bd8c85a966ecf1.py for tasks to queue
[2025-12-09T10:02:50.991+0000] {logging_mixin.py:151} INFO - [2025-12-09T10:02:50.991+0000] {dagbag.py:536} INFO - Filling up the DagBag from /opt/airflow/dags/a33b9598a8c642b7b3bd8c85a966ecf1.py
[2025-12-09T10:02:54.526+0000] {logging_mixin.py:151} WARNING - /home/airflow/.local/lib/python3.9/site-packages/airflow/providers/cncf/kubernetes/operators/kubernetes_pod.py:32 DeprecationWarning: The `airflow.kubernetes.pod_generator.PodGenerator` class is deprecated. Please use `'airflow.providers.cncf.kubernetes.pod_generator.PodGenerator'`. The `cncf.kubernetes` provider must be >= 7.4.0 for that..
[2025-12-09T10:02:54.542+0000] {logging_mixin.py:151} WARNING - /home/airflow/.local/lib/python3.9/site-packages/airflow/providers/cncf/kubernetes/operators/kubernetes_pod.py:33 DeprecationWarning: The `airflow.kubernetes.secret.Secret` class is deprecated. Please use `'airflow.providers.cncf.kubernetes.secret.Secret'`. The `cncf.kubernetes` provider must be >= 7.4.0 for that..
[2025-12-09T10:02:54.552+0000] {logging_mixin.py:151} WARNING - /home/airflow/.local/lib/python3.9/site-packages/airflow/providers/cncf/kubernetes/hooks/kubernetes.py:29 DeprecationWarning: The `airflow.kubernetes.kube_client._disable_verify_ssl` class is deprecated. Please use `'airflow.kubernetes.airflow.providers.cncf.kubernetes.kube_client._disable_verify_ssl'`. The `cncf.kubernetes` provider must be >= 7.4.0 for that..
[2025-12-09T10:02:54.557+0000] {logging_mixin.py:151} WARNING - /home/airflow/.local/lib/python3.9/site-packages/airflow/providers/cncf/kubernetes/hooks/kubernetes.py:29 DeprecationWarning: The `airflow.kubernetes.kube_client._enable_tcp_keepalive` class is deprecated. Please use `'airflow.kubernetes.airflow.providers.cncf.kubernetes.kube_client._enable_tcp_keepalive'`. The `cncf.kubernetes` provider must be >= 7.4.0 for that..
[2025-12-09T10:02:54.563+0000] {logging_mixin.py:151} WARNING - /home/airflow/.local/lib/python3.9/site-packages/airflow/providers/cncf/kubernetes/utils/pod_manager.py:40 DeprecationWarning: The `airflow.kubernetes.kube_client.get_kube_client` class is deprecated. Please use `'airflow.kubernetes.airflow.providers.cncf.kubernetes.kube_client.get_kube_client'`. The `cncf.kubernetes` provider must be >= 7.4.0 for that..
[2025-12-09T10:02:54.564+0000] {logging_mixin.py:151} WARNING - /home/airflow/.local/lib/python3.9/site-packages/airflow/providers/cncf/kubernetes/utils/pod_manager.py:41 DeprecationWarning: The `airflow.kubernetes.pod_generator.PodDefaults` class is deprecated. Please use `'airflow.kubernetes.pre_7_4_0_compatibility.pod_generator_deprecated.PodDefaults'`. The `cncf.kubernetes` provider must be >= 7.4.0 for that..
[2025-12-09T10:02:55.983+0000] {logging_mixin.py:151} WARNING - INFO  - [DagFileProcessor19] domino-.Task-NiftiDataL_37b84931888e454aac0ad9800b9a0106 : 35 : 2025-12-09 10:02:55.983 ### Configuring task object ###
[2025-12-09T10:02:55.985+0000] {logging_mixin.py:151} WARNING - INFO  - [DagFileProcessor19] domino-.Task-NiftiVisua_f6bab4518ef3452eb58ef350fbda4ed9 : 35 : 2025-12-09 10:02:55.985 ### Configuring task object ###
[2025-12-09T10:02:55.987+0000] {logging_mixin.py:151} WARNING - INFO  - [DagFileProcessor19] domino-.Task-DataSplitP_54acc3ceb29a423892a76ed1ae55c73d : 35 : 2025-12-09 10:02:55.987 ### Configuring task object ###
[2025-12-09T10:02:55.989+0000] {logging_mixin.py:151} WARNING - INFO  - [DagFileProcessor19] domino-.Task-NiftiPrepr_5a6c68d92d3642c7823630abcd6f20e6 : 35 : 2025-12-09 10:02:55.988 ### Configuring task object ###
[2025-12-09T10:02:55.990+0000] {logging_mixin.py:151} WARNING - INFO  - [DagFileProcessor19] domino-.Task-NiftiPrepr_0e19aa0d1c584cfab52a7428f142b25e : 35 : 2025-12-09 10:02:55.990 ### Configuring task object ###
[2025-12-09T10:02:55.991+0000] {logging_mixin.py:151} WARNING - INFO  - [DagFileProcessor19] domino-.Task-NiftiPrepr_e1f49198aa3c4456884ce56b8f551911 : 35 : 2025-12-09 10:02:55.991 ### Configuring task object ###
[2025-12-09T10:02:55.992+0000] {logging_mixin.py:151} WARNING - INFO  - [DagFileProcessor19] domino-.Task-PituitaryD_4ac318bb02c14e3fb1641918bde712d8 : 35 : 2025-12-09 10:02:55.992 ### Configuring task object ###
[2025-12-09T10:02:56.011+0000] {processor.py:839} INFO - DAG(s) dict_keys(['a33b9598a8c642b7b3bd8c85a966ecf1']) retrieved from /opt/airflow/dags/a33b9598a8c642b7b3bd8c85a966ecf1.py
[2025-12-09T10:02:56.202+0000] {logging_mixin.py:151} INFO - [2025-12-09T10:02:56.202+0000] {dag.py:2941} INFO - Sync 1 DAGs
[2025-12-09T10:02:56.229+0000] {logging_mixin.py:151} INFO - [2025-12-09T10:02:56.228+0000] {dag.py:3722} INFO - Setting next_dagrun for a33b9598a8c642b7b3bd8c85a966ecf1 to None, run_after=None
[2025-12-09T10:02:56.266+0000] {processor.py:179} INFO - Processing /opt/airflow/dags/a33b9598a8c642b7b3bd8c85a966ecf1.py took 5.288 seconds
[2025-12-09T10:03:26.539+0000] {processor.py:157} INFO - Started process (PID=294) to work on /opt/airflow/dags/a33b9598a8c642b7b3bd8c85a966ecf1.py
[2025-12-09T10:03:26.551+0000] {processor.py:829} INFO - Processing file /opt/airflow/dags/a33b9598a8c642b7b3bd8c85a966ecf1.py for tasks to queue
[2025-12-09T10:03:26.557+0000] {logging_mixin.py:151} INFO - [2025-12-09T10:03:26.555+0000] {dagbag.py:536} INFO - Filling up the DagBag from /opt/airflow/dags/a33b9598a8c642b7b3bd8c85a966ecf1.py
[2025-12-09T10:03:30.277+0000] {logging_mixin.py:151} WARNING - /home/airflow/.local/lib/python3.9/site-packages/airflow/providers/cncf/kubernetes/operators/kubernetes_pod.py:32 DeprecationWarning: The `airflow.kubernetes.pod_generator.PodGenerator` class is deprecated. Please use `'airflow.providers.cncf.kubernetes.pod_generator.PodGenerator'`. The `cncf.kubernetes` provider must be >= 7.4.0 for that..
[2025-12-09T10:03:30.307+0000] {logging_mixin.py:151} WARNING - /home/airflow/.local/lib/python3.9/site-packages/airflow/providers/cncf/kubernetes/operators/kubernetes_pod.py:33 DeprecationWarning: The `airflow.kubernetes.secret.Secret` class is deprecated. Please use `'airflow.providers.cncf.kubernetes.secret.Secret'`. The `cncf.kubernetes` provider must be >= 7.4.0 for that..
[2025-12-09T10:03:30.315+0000] {logging_mixin.py:151} WARNING - /home/airflow/.local/lib/python3.9/site-packages/airflow/providers/cncf/kubernetes/hooks/kubernetes.py:29 DeprecationWarning: The `airflow.kubernetes.kube_client._disable_verify_ssl` class is deprecated. Please use `'airflow.kubernetes.airflow.providers.cncf.kubernetes.kube_client._disable_verify_ssl'`. The `cncf.kubernetes` provider must be >= 7.4.0 for that..
[2025-12-09T10:03:30.331+0000] {logging_mixin.py:151} WARNING - /home/airflow/.local/lib/python3.9/site-packages/airflow/providers/cncf/kubernetes/hooks/kubernetes.py:29 DeprecationWarning: The `airflow.kubernetes.kube_client._enable_tcp_keepalive` class is deprecated. Please use `'airflow.kubernetes.airflow.providers.cncf.kubernetes.kube_client._enable_tcp_keepalive'`. The `cncf.kubernetes` provider must be >= 7.4.0 for that..
[2025-12-09T10:03:30.339+0000] {logging_mixin.py:151} WARNING - /home/airflow/.local/lib/python3.9/site-packages/airflow/providers/cncf/kubernetes/utils/pod_manager.py:40 DeprecationWarning: The `airflow.kubernetes.kube_client.get_kube_client` class is deprecated. Please use `'airflow.kubernetes.airflow.providers.cncf.kubernetes.kube_client.get_kube_client'`. The `cncf.kubernetes` provider must be >= 7.4.0 for that..
[2025-12-09T10:03:30.341+0000] {logging_mixin.py:151} WARNING - /home/airflow/.local/lib/python3.9/site-packages/airflow/providers/cncf/kubernetes/utils/pod_manager.py:41 DeprecationWarning: The `airflow.kubernetes.pod_generator.PodDefaults` class is deprecated. Please use `'airflow.kubernetes.pre_7_4_0_compatibility.pod_generator_deprecated.PodDefaults'`. The `cncf.kubernetes` provider must be >= 7.4.0 for that..
[2025-12-09T10:03:31.562+0000] {logging_mixin.py:151} WARNING - INFO  - [DagFileProcessor20] domino-.Task-NiftiDataL_37b84931888e454aac0ad9800b9a0106 : 35 : 2025-12-09 10:03:31.562 ### Configuring task object ###
[2025-12-09T10:03:31.564+0000] {logging_mixin.py:151} WARNING - INFO  - [DagFileProcessor20] domino-.Task-NiftiVisua_f6bab4518ef3452eb58ef350fbda4ed9 : 35 : 2025-12-09 10:03:31.564 ### Configuring task object ###
[2025-12-09T10:03:31.564+0000] {logging_mixin.py:151} WARNING - INFO  - [DagFileProcessor20] domino-.Task-DataSplitP_54acc3ceb29a423892a76ed1ae55c73d : 35 : 2025-12-09 10:03:31.564 ### Configuring task object ###
[2025-12-09T10:03:31.565+0000] {logging_mixin.py:151} WARNING - INFO  - [DagFileProcessor20] domino-.Task-NiftiPrepr_5a6c68d92d3642c7823630abcd6f20e6 : 35 : 2025-12-09 10:03:31.565 ### Configuring task object ###
[2025-12-09T10:03:31.566+0000] {logging_mixin.py:151} WARNING - INFO  - [DagFileProcessor20] domino-.Task-NiftiPrepr_0e19aa0d1c584cfab52a7428f142b25e : 35 : 2025-12-09 10:03:31.566 ### Configuring task object ###
[2025-12-09T10:03:31.567+0000] {logging_mixin.py:151} WARNING - INFO  - [DagFileProcessor20] domino-.Task-NiftiPrepr_e1f49198aa3c4456884ce56b8f551911 : 35 : 2025-12-09 10:03:31.567 ### Configuring task object ###
[2025-12-09T10:03:31.568+0000] {logging_mixin.py:151} WARNING - INFO  - [DagFileProcessor20] domino-.Task-PituitaryD_4ac318bb02c14e3fb1641918bde712d8 : 35 : 2025-12-09 10:03:31.568 ### Configuring task object ###
[2025-12-09T10:03:31.582+0000] {processor.py:839} INFO - DAG(s) dict_keys(['a33b9598a8c642b7b3bd8c85a966ecf1']) retrieved from /opt/airflow/dags/a33b9598a8c642b7b3bd8c85a966ecf1.py
[2025-12-09T10:03:31.736+0000] {logging_mixin.py:151} INFO - [2025-12-09T10:03:31.733+0000] {dag.py:2941} INFO - Sync 1 DAGs
[2025-12-09T10:03:31.879+0000] {logging_mixin.py:151} INFO - [2025-12-09T10:03:31.878+0000] {dag.py:3722} INFO - Setting next_dagrun for a33b9598a8c642b7b3bd8c85a966ecf1 to None, run_after=None
[2025-12-09T10:03:31.975+0000] {processor.py:179} INFO - Processing /opt/airflow/dags/a33b9598a8c642b7b3bd8c85a966ecf1.py took 5.458 seconds
[2025-12-09T10:04:02.381+0000] {processor.py:157} INFO - Started process (PID=302) to work on /opt/airflow/dags/a33b9598a8c642b7b3bd8c85a966ecf1.py
[2025-12-09T10:04:02.386+0000] {processor.py:829} INFO - Processing file /opt/airflow/dags/a33b9598a8c642b7b3bd8c85a966ecf1.py for tasks to queue
[2025-12-09T10:04:02.391+0000] {logging_mixin.py:151} INFO - [2025-12-09T10:04:02.390+0000] {dagbag.py:536} INFO - Filling up the DagBag from /opt/airflow/dags/a33b9598a8c642b7b3bd8c85a966ecf1.py
[2025-12-09T10:04:07.575+0000] {logging_mixin.py:151} WARNING - /home/airflow/.local/lib/python3.9/site-packages/airflow/providers/cncf/kubernetes/operators/kubernetes_pod.py:32 DeprecationWarning: The `airflow.kubernetes.pod_generator.PodGenerator` class is deprecated. Please use `'airflow.providers.cncf.kubernetes.pod_generator.PodGenerator'`. The `cncf.kubernetes` provider must be >= 7.4.0 for that..
[2025-12-09T10:04:07.594+0000] {logging_mixin.py:151} WARNING - /home/airflow/.local/lib/python3.9/site-packages/airflow/providers/cncf/kubernetes/operators/kubernetes_pod.py:33 DeprecationWarning: The `airflow.kubernetes.secret.Secret` class is deprecated. Please use `'airflow.providers.cncf.kubernetes.secret.Secret'`. The `cncf.kubernetes` provider must be >= 7.4.0 for that..
[2025-12-09T10:04:07.604+0000] {logging_mixin.py:151} WARNING - /home/airflow/.local/lib/python3.9/site-packages/airflow/providers/cncf/kubernetes/hooks/kubernetes.py:29 DeprecationWarning: The `airflow.kubernetes.kube_client._disable_verify_ssl` class is deprecated. Please use `'airflow.kubernetes.airflow.providers.cncf.kubernetes.kube_client._disable_verify_ssl'`. The `cncf.kubernetes` provider must be >= 7.4.0 for that..
[2025-12-09T10:04:07.608+0000] {logging_mixin.py:151} WARNING - /home/airflow/.local/lib/python3.9/site-packages/airflow/providers/cncf/kubernetes/hooks/kubernetes.py:29 DeprecationWarning: The `airflow.kubernetes.kube_client._enable_tcp_keepalive` class is deprecated. Please use `'airflow.kubernetes.airflow.providers.cncf.kubernetes.kube_client._enable_tcp_keepalive'`. The `cncf.kubernetes` provider must be >= 7.4.0 for that..
[2025-12-09T10:04:07.612+0000] {logging_mixin.py:151} WARNING - /home/airflow/.local/lib/python3.9/site-packages/airflow/providers/cncf/kubernetes/utils/pod_manager.py:40 DeprecationWarning: The `airflow.kubernetes.kube_client.get_kube_client` class is deprecated. Please use `'airflow.kubernetes.airflow.providers.cncf.kubernetes.kube_client.get_kube_client'`. The `cncf.kubernetes` provider must be >= 7.4.0 for that..
[2025-12-09T10:04:07.615+0000] {logging_mixin.py:151} WARNING - /home/airflow/.local/lib/python3.9/site-packages/airflow/providers/cncf/kubernetes/utils/pod_manager.py:41 DeprecationWarning: The `airflow.kubernetes.pod_generator.PodDefaults` class is deprecated. Please use `'airflow.kubernetes.pre_7_4_0_compatibility.pod_generator_deprecated.PodDefaults'`. The `cncf.kubernetes` provider must be >= 7.4.0 for that..
[2025-12-09T10:04:08.859+0000] {logging_mixin.py:151} WARNING - INFO  - [DagFileProcessor21] domino-.Task-NiftiDataL_37b84931888e454aac0ad9800b9a0106 : 35 : 2025-12-09 10:04:08.859 ### Configuring task object ###
[2025-12-09T10:04:08.862+0000] {logging_mixin.py:151} WARNING - INFO  - [DagFileProcessor21] domino-.Task-NiftiVisua_f6bab4518ef3452eb58ef350fbda4ed9 : 35 : 2025-12-09 10:04:08.862 ### Configuring task object ###
[2025-12-09T10:04:08.863+0000] {logging_mixin.py:151} WARNING - INFO  - [DagFileProcessor21] domino-.Task-DataSplitP_54acc3ceb29a423892a76ed1ae55c73d : 35 : 2025-12-09 10:04:08.863 ### Configuring task object ###
[2025-12-09T10:04:08.865+0000] {logging_mixin.py:151} WARNING - INFO  - [DagFileProcessor21] domino-.Task-NiftiPrepr_5a6c68d92d3642c7823630abcd6f20e6 : 35 : 2025-12-09 10:04:08.864 ### Configuring task object ###
[2025-12-09T10:04:08.866+0000] {logging_mixin.py:151} WARNING - INFO  - [DagFileProcessor21] domino-.Task-NiftiPrepr_0e19aa0d1c584cfab52a7428f142b25e : 35 : 2025-12-09 10:04:08.866 ### Configuring task object ###
[2025-12-09T10:04:08.867+0000] {logging_mixin.py:151} WARNING - INFO  - [DagFileProcessor21] domino-.Task-NiftiPrepr_e1f49198aa3c4456884ce56b8f551911 : 35 : 2025-12-09 10:04:08.867 ### Configuring task object ###
[2025-12-09T10:04:08.868+0000] {logging_mixin.py:151} WARNING - INFO  - [DagFileProcessor21] domino-.Task-PituitaryD_4ac318bb02c14e3fb1641918bde712d8 : 35 : 2025-12-09 10:04:08.868 ### Configuring task object ###
[2025-12-09T10:04:08.889+0000] {processor.py:839} INFO - DAG(s) dict_keys(['a33b9598a8c642b7b3bd8c85a966ecf1']) retrieved from /opt/airflow/dags/a33b9598a8c642b7b3bd8c85a966ecf1.py
[2025-12-09T10:04:08.969+0000] {logging_mixin.py:151} INFO - [2025-12-09T10:04:08.967+0000] {dag.py:2941} INFO - Sync 1 DAGs
[2025-12-09T10:04:09.018+0000] {logging_mixin.py:151} INFO - [2025-12-09T10:04:09.018+0000] {dag.py:3722} INFO - Setting next_dagrun for a33b9598a8c642b7b3bd8c85a966ecf1 to None, run_after=None
[2025-12-09T10:04:09.108+0000] {processor.py:179} INFO - Processing /opt/airflow/dags/a33b9598a8c642b7b3bd8c85a966ecf1.py took 6.749 seconds
