[2025-12-09T09:36:58.625+0000] {processor.py:157} INFO - Started process (PID=104) to work on /opt/airflow/dags/d714e607e62c40578f7691f8b22fb1fc.py
[2025-12-09T09:36:58.626+0000] {processor.py:829} INFO - Processing file /opt/airflow/dags/d714e607e62c40578f7691f8b22fb1fc.py for tasks to queue
[2025-12-09T09:36:58.627+0000] {logging_mixin.py:151} INFO - [2025-12-09T09:36:58.627+0000] {dagbag.py:536} INFO - Filling up the DagBag from /opt/airflow/dags/d714e607e62c40578f7691f8b22fb1fc.py
[2025-12-09T09:36:59.331+0000] {logging_mixin.py:151} WARNING - /home/airflow/.local/lib/python3.9/site-packages/airflow/providers/cncf/kubernetes/operators/kubernetes_pod.py:32 DeprecationWarning: The `airflow.kubernetes.pod_generator.PodGenerator` class is deprecated. Please use `'airflow.providers.cncf.kubernetes.pod_generator.PodGenerator'`. The `cncf.kubernetes` provider must be >= 7.4.0 for that..
[2025-12-09T09:36:59.337+0000] {logging_mixin.py:151} WARNING - /home/airflow/.local/lib/python3.9/site-packages/airflow/providers/cncf/kubernetes/operators/kubernetes_pod.py:33 DeprecationWarning: The `airflow.kubernetes.secret.Secret` class is deprecated. Please use `'airflow.providers.cncf.kubernetes.secret.Secret'`. The `cncf.kubernetes` provider must be >= 7.4.0 for that..
[2025-12-09T09:36:59.340+0000] {logging_mixin.py:151} WARNING - /home/airflow/.local/lib/python3.9/site-packages/airflow/providers/cncf/kubernetes/hooks/kubernetes.py:29 DeprecationWarning: The `airflow.kubernetes.kube_client._disable_verify_ssl` class is deprecated. Please use `'airflow.kubernetes.airflow.providers.cncf.kubernetes.kube_client._disable_verify_ssl'`. The `cncf.kubernetes` provider must be >= 7.4.0 for that..
[2025-12-09T09:36:59.341+0000] {logging_mixin.py:151} WARNING - /home/airflow/.local/lib/python3.9/site-packages/airflow/providers/cncf/kubernetes/hooks/kubernetes.py:29 DeprecationWarning: The `airflow.kubernetes.kube_client._enable_tcp_keepalive` class is deprecated. Please use `'airflow.kubernetes.airflow.providers.cncf.kubernetes.kube_client._enable_tcp_keepalive'`. The `cncf.kubernetes` provider must be >= 7.4.0 for that..
[2025-12-09T09:36:59.343+0000] {logging_mixin.py:151} WARNING - /home/airflow/.local/lib/python3.9/site-packages/airflow/providers/cncf/kubernetes/utils/pod_manager.py:40 DeprecationWarning: The `airflow.kubernetes.kube_client.get_kube_client` class is deprecated. Please use `'airflow.kubernetes.airflow.providers.cncf.kubernetes.kube_client.get_kube_client'`. The `cncf.kubernetes` provider must be >= 7.4.0 for that..
[2025-12-09T09:36:59.343+0000] {logging_mixin.py:151} WARNING - /home/airflow/.local/lib/python3.9/site-packages/airflow/providers/cncf/kubernetes/utils/pod_manager.py:41 DeprecationWarning: The `airflow.kubernetes.pod_generator.PodDefaults` class is deprecated. Please use `'airflow.kubernetes.pre_7_4_0_compatibility.pod_generator_deprecated.PodDefaults'`. The `cncf.kubernetes` provider must be >= 7.4.0 for that..
[2025-12-09T09:36:59.783+0000] {logging_mixin.py:151} WARNING - INFO  - [DagFileProcessor0] domino-.Task-NiftiDataL_981e378c2648421bbc0bc6339f4ecdf6 : 35 : 2025-12-09 09:36:59.783 ### Configuring task object ###
[2025-12-09T09:36:59.792+0000] {processor.py:839} INFO - DAG(s) dict_keys(['d714e607e62c40578f7691f8b22fb1fc']) retrieved from /opt/airflow/dags/d714e607e62c40578f7691f8b22fb1fc.py
[2025-12-09T09:36:59.963+0000] {logging_mixin.py:151} INFO - [2025-12-09T09:36:59.963+0000] {manager.py:499} INFO - Created Permission View: %s
[2025-12-09T09:36:59.974+0000] {logging_mixin.py:151} INFO - [2025-12-09T09:36:59.974+0000] {manager.py:499} INFO - Created Permission View: %s
[2025-12-09T09:36:59.981+0000] {logging_mixin.py:151} INFO - [2025-12-09T09:36:59.980+0000] {manager.py:499} INFO - Created Permission View: %s
[2025-12-09T09:36:59.981+0000] {logging_mixin.py:151} INFO - [2025-12-09T09:36:59.981+0000] {dag.py:2941} INFO - Sync 1 DAGs
[2025-12-09T09:36:59.996+0000] {logging_mixin.py:151} INFO - [2025-12-09T09:36:59.995+0000] {dag.py:2963} INFO - Creating ORM DAG for d714e607e62c40578f7691f8b22fb1fc
[2025-12-09T09:37:00.007+0000] {logging_mixin.py:151} INFO - [2025-12-09T09:37:00.007+0000] {dag.py:3722} INFO - Setting next_dagrun for d714e607e62c40578f7691f8b22fb1fc to 2025-12-09T09:36:00+00:00, run_after=2025-12-09T09:36:00+00:00
[2025-12-09T09:37:00.023+0000] {processor.py:179} INFO - Processing /opt/airflow/dags/d714e607e62c40578f7691f8b22fb1fc.py took 1.401 seconds
[2025-12-09T09:37:30.137+0000] {processor.py:157} INFO - Started process (PID=112) to work on /opt/airflow/dags/d714e607e62c40578f7691f8b22fb1fc.py
[2025-12-09T09:37:30.145+0000] {processor.py:829} INFO - Processing file /opt/airflow/dags/d714e607e62c40578f7691f8b22fb1fc.py for tasks to queue
[2025-12-09T09:37:30.147+0000] {logging_mixin.py:151} INFO - [2025-12-09T09:37:30.147+0000] {dagbag.py:536} INFO - Filling up the DagBag from /opt/airflow/dags/d714e607e62c40578f7691f8b22fb1fc.py
[2025-12-09T09:37:31.018+0000] {logging_mixin.py:151} WARNING - /home/airflow/.local/lib/python3.9/site-packages/airflow/providers/cncf/kubernetes/operators/kubernetes_pod.py:32 DeprecationWarning: The `airflow.kubernetes.pod_generator.PodGenerator` class is deprecated. Please use `'airflow.providers.cncf.kubernetes.pod_generator.PodGenerator'`. The `cncf.kubernetes` provider must be >= 7.4.0 for that..
[2025-12-09T09:37:31.024+0000] {logging_mixin.py:151} WARNING - /home/airflow/.local/lib/python3.9/site-packages/airflow/providers/cncf/kubernetes/operators/kubernetes_pod.py:33 DeprecationWarning: The `airflow.kubernetes.secret.Secret` class is deprecated. Please use `'airflow.providers.cncf.kubernetes.secret.Secret'`. The `cncf.kubernetes` provider must be >= 7.4.0 for that..
[2025-12-09T09:37:31.027+0000] {logging_mixin.py:151} WARNING - /home/airflow/.local/lib/python3.9/site-packages/airflow/providers/cncf/kubernetes/hooks/kubernetes.py:29 DeprecationWarning: The `airflow.kubernetes.kube_client._disable_verify_ssl` class is deprecated. Please use `'airflow.kubernetes.airflow.providers.cncf.kubernetes.kube_client._disable_verify_ssl'`. The `cncf.kubernetes` provider must be >= 7.4.0 for that..
[2025-12-09T09:37:31.028+0000] {logging_mixin.py:151} WARNING - /home/airflow/.local/lib/python3.9/site-packages/airflow/providers/cncf/kubernetes/hooks/kubernetes.py:29 DeprecationWarning: The `airflow.kubernetes.kube_client._enable_tcp_keepalive` class is deprecated. Please use `'airflow.kubernetes.airflow.providers.cncf.kubernetes.kube_client._enable_tcp_keepalive'`. The `cncf.kubernetes` provider must be >= 7.4.0 for that..
[2025-12-09T09:37:31.029+0000] {logging_mixin.py:151} WARNING - /home/airflow/.local/lib/python3.9/site-packages/airflow/providers/cncf/kubernetes/utils/pod_manager.py:40 DeprecationWarning: The `airflow.kubernetes.kube_client.get_kube_client` class is deprecated. Please use `'airflow.kubernetes.airflow.providers.cncf.kubernetes.kube_client.get_kube_client'`. The `cncf.kubernetes` provider must be >= 7.4.0 for that..
[2025-12-09T09:37:31.030+0000] {logging_mixin.py:151} WARNING - /home/airflow/.local/lib/python3.9/site-packages/airflow/providers/cncf/kubernetes/utils/pod_manager.py:41 DeprecationWarning: The `airflow.kubernetes.pod_generator.PodDefaults` class is deprecated. Please use `'airflow.kubernetes.pre_7_4_0_compatibility.pod_generator_deprecated.PodDefaults'`. The `cncf.kubernetes` provider must be >= 7.4.0 for that..
[2025-12-09T09:37:31.496+0000] {logging_mixin.py:151} WARNING - INFO  - [DagFileProcessor1] domino-.Task-NiftiDataL_981e378c2648421bbc0bc6339f4ecdf6 : 35 : 2025-12-09 09:37:31.496 ### Configuring task object ###
[2025-12-09T09:37:31.503+0000] {processor.py:839} INFO - DAG(s) dict_keys(['d714e607e62c40578f7691f8b22fb1fc']) retrieved from /opt/airflow/dags/d714e607e62c40578f7691f8b22fb1fc.py
[2025-12-09T09:37:31.529+0000] {logging_mixin.py:151} INFO - [2025-12-09T09:37:31.529+0000] {dag.py:2941} INFO - Sync 1 DAGs
[2025-12-09T09:37:31.544+0000] {logging_mixin.py:151} INFO - [2025-12-09T09:37:31.544+0000] {dag.py:3722} INFO - Setting next_dagrun for d714e607e62c40578f7691f8b22fb1fc to None, run_after=None
[2025-12-09T09:37:31.564+0000] {processor.py:179} INFO - Processing /opt/airflow/dags/d714e607e62c40578f7691f8b22fb1fc.py took 1.430 seconds
[2025-12-09T09:38:01.682+0000] {processor.py:157} INFO - Started process (PID=127) to work on /opt/airflow/dags/d714e607e62c40578f7691f8b22fb1fc.py
[2025-12-09T09:38:01.690+0000] {processor.py:829} INFO - Processing file /opt/airflow/dags/d714e607e62c40578f7691f8b22fb1fc.py for tasks to queue
[2025-12-09T09:38:01.692+0000] {logging_mixin.py:151} INFO - [2025-12-09T09:38:01.692+0000] {dagbag.py:536} INFO - Filling up the DagBag from /opt/airflow/dags/d714e607e62c40578f7691f8b22fb1fc.py
[2025-12-09T09:38:02.433+0000] {logging_mixin.py:151} WARNING - /home/airflow/.local/lib/python3.9/site-packages/airflow/providers/cncf/kubernetes/operators/kubernetes_pod.py:32 DeprecationWarning: The `airflow.kubernetes.pod_generator.PodGenerator` class is deprecated. Please use `'airflow.providers.cncf.kubernetes.pod_generator.PodGenerator'`. The `cncf.kubernetes` provider must be >= 7.4.0 for that..
[2025-12-09T09:38:02.438+0000] {logging_mixin.py:151} WARNING - /home/airflow/.local/lib/python3.9/site-packages/airflow/providers/cncf/kubernetes/operators/kubernetes_pod.py:33 DeprecationWarning: The `airflow.kubernetes.secret.Secret` class is deprecated. Please use `'airflow.providers.cncf.kubernetes.secret.Secret'`. The `cncf.kubernetes` provider must be >= 7.4.0 for that..
[2025-12-09T09:38:02.441+0000] {logging_mixin.py:151} WARNING - /home/airflow/.local/lib/python3.9/site-packages/airflow/providers/cncf/kubernetes/hooks/kubernetes.py:29 DeprecationWarning: The `airflow.kubernetes.kube_client._disable_verify_ssl` class is deprecated. Please use `'airflow.kubernetes.airflow.providers.cncf.kubernetes.kube_client._disable_verify_ssl'`. The `cncf.kubernetes` provider must be >= 7.4.0 for that..
[2025-12-09T09:38:02.442+0000] {logging_mixin.py:151} WARNING - /home/airflow/.local/lib/python3.9/site-packages/airflow/providers/cncf/kubernetes/hooks/kubernetes.py:29 DeprecationWarning: The `airflow.kubernetes.kube_client._enable_tcp_keepalive` class is deprecated. Please use `'airflow.kubernetes.airflow.providers.cncf.kubernetes.kube_client._enable_tcp_keepalive'`. The `cncf.kubernetes` provider must be >= 7.4.0 for that..
[2025-12-09T09:38:02.444+0000] {logging_mixin.py:151} WARNING - /home/airflow/.local/lib/python3.9/site-packages/airflow/providers/cncf/kubernetes/utils/pod_manager.py:40 DeprecationWarning: The `airflow.kubernetes.kube_client.get_kube_client` class is deprecated. Please use `'airflow.kubernetes.airflow.providers.cncf.kubernetes.kube_client.get_kube_client'`. The `cncf.kubernetes` provider must be >= 7.4.0 for that..
[2025-12-09T09:38:02.445+0000] {logging_mixin.py:151} WARNING - /home/airflow/.local/lib/python3.9/site-packages/airflow/providers/cncf/kubernetes/utils/pod_manager.py:41 DeprecationWarning: The `airflow.kubernetes.pod_generator.PodDefaults` class is deprecated. Please use `'airflow.kubernetes.pre_7_4_0_compatibility.pod_generator_deprecated.PodDefaults'`. The `cncf.kubernetes` provider must be >= 7.4.0 for that..
[2025-12-09T09:38:02.896+0000] {logging_mixin.py:151} WARNING - INFO  - [DagFileProcessor2] domino-.Task-NiftiDataL_981e378c2648421bbc0bc6339f4ecdf6 : 35 : 2025-12-09 09:38:02.896 ### Configuring task object ###
[2025-12-09T09:38:02.904+0000] {processor.py:839} INFO - DAG(s) dict_keys(['d714e607e62c40578f7691f8b22fb1fc']) retrieved from /opt/airflow/dags/d714e607e62c40578f7691f8b22fb1fc.py
[2025-12-09T09:38:02.931+0000] {logging_mixin.py:151} INFO - [2025-12-09T09:38:02.931+0000] {dag.py:2941} INFO - Sync 1 DAGs
[2025-12-09T09:38:02.946+0000] {logging_mixin.py:151} INFO - [2025-12-09T09:38:02.946+0000] {dag.py:3722} INFO - Setting next_dagrun for d714e607e62c40578f7691f8b22fb1fc to None, run_after=None
[2025-12-09T09:38:02.964+0000] {processor.py:179} INFO - Processing /opt/airflow/dags/d714e607e62c40578f7691f8b22fb1fc.py took 1.286 seconds
[2025-12-09T09:38:33.068+0000] {processor.py:157} INFO - Started process (PID=135) to work on /opt/airflow/dags/d714e607e62c40578f7691f8b22fb1fc.py
[2025-12-09T09:38:33.076+0000] {processor.py:829} INFO - Processing file /opt/airflow/dags/d714e607e62c40578f7691f8b22fb1fc.py for tasks to queue
[2025-12-09T09:38:33.077+0000] {logging_mixin.py:151} INFO - [2025-12-09T09:38:33.077+0000] {dagbag.py:536} INFO - Filling up the DagBag from /opt/airflow/dags/d714e607e62c40578f7691f8b22fb1fc.py
[2025-12-09T09:38:33.782+0000] {logging_mixin.py:151} WARNING - /home/airflow/.local/lib/python3.9/site-packages/airflow/providers/cncf/kubernetes/operators/kubernetes_pod.py:32 DeprecationWarning: The `airflow.kubernetes.pod_generator.PodGenerator` class is deprecated. Please use `'airflow.providers.cncf.kubernetes.pod_generator.PodGenerator'`. The `cncf.kubernetes` provider must be >= 7.4.0 for that..
[2025-12-09T09:38:33.789+0000] {logging_mixin.py:151} WARNING - /home/airflow/.local/lib/python3.9/site-packages/airflow/providers/cncf/kubernetes/operators/kubernetes_pod.py:33 DeprecationWarning: The `airflow.kubernetes.secret.Secret` class is deprecated. Please use `'airflow.providers.cncf.kubernetes.secret.Secret'`. The `cncf.kubernetes` provider must be >= 7.4.0 for that..
[2025-12-09T09:38:33.792+0000] {logging_mixin.py:151} WARNING - /home/airflow/.local/lib/python3.9/site-packages/airflow/providers/cncf/kubernetes/hooks/kubernetes.py:29 DeprecationWarning: The `airflow.kubernetes.kube_client._disable_verify_ssl` class is deprecated. Please use `'airflow.kubernetes.airflow.providers.cncf.kubernetes.kube_client._disable_verify_ssl'`. The `cncf.kubernetes` provider must be >= 7.4.0 for that..
[2025-12-09T09:38:33.794+0000] {logging_mixin.py:151} WARNING - /home/airflow/.local/lib/python3.9/site-packages/airflow/providers/cncf/kubernetes/hooks/kubernetes.py:29 DeprecationWarning: The `airflow.kubernetes.kube_client._enable_tcp_keepalive` class is deprecated. Please use `'airflow.kubernetes.airflow.providers.cncf.kubernetes.kube_client._enable_tcp_keepalive'`. The `cncf.kubernetes` provider must be >= 7.4.0 for that..
[2025-12-09T09:38:33.795+0000] {logging_mixin.py:151} WARNING - /home/airflow/.local/lib/python3.9/site-packages/airflow/providers/cncf/kubernetes/utils/pod_manager.py:40 DeprecationWarning: The `airflow.kubernetes.kube_client.get_kube_client` class is deprecated. Please use `'airflow.kubernetes.airflow.providers.cncf.kubernetes.kube_client.get_kube_client'`. The `cncf.kubernetes` provider must be >= 7.4.0 for that..
[2025-12-09T09:38:33.796+0000] {logging_mixin.py:151} WARNING - /home/airflow/.local/lib/python3.9/site-packages/airflow/providers/cncf/kubernetes/utils/pod_manager.py:41 DeprecationWarning: The `airflow.kubernetes.pod_generator.PodDefaults` class is deprecated. Please use `'airflow.kubernetes.pre_7_4_0_compatibility.pod_generator_deprecated.PodDefaults'`. The `cncf.kubernetes` provider must be >= 7.4.0 for that..
[2025-12-09T09:38:34.094+0000] {logging_mixin.py:151} WARNING - INFO  - [DagFileProcessor3] domino-.Task-NiftiDataL_981e378c2648421bbc0bc6339f4ecdf6 : 35 : 2025-12-09 09:38:34.94 ### Configuring task object ###
[2025-12-09T09:38:34.098+0000] {processor.py:839} INFO - DAG(s) dict_keys(['d714e607e62c40578f7691f8b22fb1fc']) retrieved from /opt/airflow/dags/d714e607e62c40578f7691f8b22fb1fc.py
[2025-12-09T09:38:34.118+0000] {logging_mixin.py:151} INFO - [2025-12-09T09:38:34.117+0000] {dag.py:2941} INFO - Sync 1 DAGs
[2025-12-09T09:38:34.132+0000] {logging_mixin.py:151} INFO - [2025-12-09T09:38:34.132+0000] {dag.py:3722} INFO - Setting next_dagrun for d714e607e62c40578f7691f8b22fb1fc to None, run_after=None
[2025-12-09T09:38:34.144+0000] {processor.py:179} INFO - Processing /opt/airflow/dags/d714e607e62c40578f7691f8b22fb1fc.py took 1.079 seconds
[2025-12-09T09:39:04.221+0000] {processor.py:157} INFO - Started process (PID=143) to work on /opt/airflow/dags/d714e607e62c40578f7691f8b22fb1fc.py
[2025-12-09T09:39:04.222+0000] {processor.py:829} INFO - Processing file /opt/airflow/dags/d714e607e62c40578f7691f8b22fb1fc.py for tasks to queue
[2025-12-09T09:39:04.224+0000] {logging_mixin.py:151} INFO - [2025-12-09T09:39:04.224+0000] {dagbag.py:536} INFO - Filling up the DagBag from /opt/airflow/dags/d714e607e62c40578f7691f8b22fb1fc.py
[2025-12-09T09:39:05.204+0000] {logging_mixin.py:151} WARNING - /home/airflow/.local/lib/python3.9/site-packages/airflow/providers/cncf/kubernetes/operators/kubernetes_pod.py:32 DeprecationWarning: The `airflow.kubernetes.pod_generator.PodGenerator` class is deprecated. Please use `'airflow.providers.cncf.kubernetes.pod_generator.PodGenerator'`. The `cncf.kubernetes` provider must be >= 7.4.0 for that..
[2025-12-09T09:39:05.211+0000] {logging_mixin.py:151} WARNING - /home/airflow/.local/lib/python3.9/site-packages/airflow/providers/cncf/kubernetes/operators/kubernetes_pod.py:33 DeprecationWarning: The `airflow.kubernetes.secret.Secret` class is deprecated. Please use `'airflow.providers.cncf.kubernetes.secret.Secret'`. The `cncf.kubernetes` provider must be >= 7.4.0 for that..
[2025-12-09T09:39:05.216+0000] {logging_mixin.py:151} WARNING - /home/airflow/.local/lib/python3.9/site-packages/airflow/providers/cncf/kubernetes/hooks/kubernetes.py:29 DeprecationWarning: The `airflow.kubernetes.kube_client._disable_verify_ssl` class is deprecated. Please use `'airflow.kubernetes.airflow.providers.cncf.kubernetes.kube_client._disable_verify_ssl'`. The `cncf.kubernetes` provider must be >= 7.4.0 for that..
[2025-12-09T09:39:05.219+0000] {logging_mixin.py:151} WARNING - /home/airflow/.local/lib/python3.9/site-packages/airflow/providers/cncf/kubernetes/hooks/kubernetes.py:29 DeprecationWarning: The `airflow.kubernetes.kube_client._enable_tcp_keepalive` class is deprecated. Please use `'airflow.kubernetes.airflow.providers.cncf.kubernetes.kube_client._enable_tcp_keepalive'`. The `cncf.kubernetes` provider must be >= 7.4.0 for that..
[2025-12-09T09:39:05.223+0000] {logging_mixin.py:151} WARNING - /home/airflow/.local/lib/python3.9/site-packages/airflow/providers/cncf/kubernetes/utils/pod_manager.py:40 DeprecationWarning: The `airflow.kubernetes.kube_client.get_kube_client` class is deprecated. Please use `'airflow.kubernetes.airflow.providers.cncf.kubernetes.kube_client.get_kube_client'`. The `cncf.kubernetes` provider must be >= 7.4.0 for that..
[2025-12-09T09:39:05.225+0000] {logging_mixin.py:151} WARNING - /home/airflow/.local/lib/python3.9/site-packages/airflow/providers/cncf/kubernetes/utils/pod_manager.py:41 DeprecationWarning: The `airflow.kubernetes.pod_generator.PodDefaults` class is deprecated. Please use `'airflow.kubernetes.pre_7_4_0_compatibility.pod_generator_deprecated.PodDefaults'`. The `cncf.kubernetes` provider must be >= 7.4.0 for that..
[2025-12-09T09:39:05.846+0000] {logging_mixin.py:151} WARNING - INFO  - [DagFileProcessor4] domino-.Task-NiftiDataL_981e378c2648421bbc0bc6339f4ecdf6 : 35 : 2025-12-09 09:39:05.845 ### Configuring task object ###
[2025-12-09T09:39:05.856+0000] {processor.py:839} INFO - DAG(s) dict_keys(['d714e607e62c40578f7691f8b22fb1fc']) retrieved from /opt/airflow/dags/d714e607e62c40578f7691f8b22fb1fc.py
[2025-12-09T09:39:05.894+0000] {logging_mixin.py:151} INFO - [2025-12-09T09:39:05.894+0000] {dag.py:2941} INFO - Sync 1 DAGs
[2025-12-09T09:39:05.922+0000] {logging_mixin.py:151} INFO - [2025-12-09T09:39:05.921+0000] {dag.py:3722} INFO - Setting next_dagrun for d714e607e62c40578f7691f8b22fb1fc to None, run_after=None
[2025-12-09T09:39:05.951+0000] {processor.py:179} INFO - Processing /opt/airflow/dags/d714e607e62c40578f7691f8b22fb1fc.py took 1.734 seconds
[2025-12-09T09:39:36.102+0000] {processor.py:157} INFO - Started process (PID=151) to work on /opt/airflow/dags/d714e607e62c40578f7691f8b22fb1fc.py
[2025-12-09T09:39:36.110+0000] {processor.py:829} INFO - Processing file /opt/airflow/dags/d714e607e62c40578f7691f8b22fb1fc.py for tasks to queue
[2025-12-09T09:39:36.113+0000] {logging_mixin.py:151} INFO - [2025-12-09T09:39:36.113+0000] {dagbag.py:536} INFO - Filling up the DagBag from /opt/airflow/dags/d714e607e62c40578f7691f8b22fb1fc.py
[2025-12-09T09:39:36.967+0000] {logging_mixin.py:151} WARNING - /home/airflow/.local/lib/python3.9/site-packages/airflow/providers/cncf/kubernetes/operators/kubernetes_pod.py:32 DeprecationWarning: The `airflow.kubernetes.pod_generator.PodGenerator` class is deprecated. Please use `'airflow.providers.cncf.kubernetes.pod_generator.PodGenerator'`. The `cncf.kubernetes` provider must be >= 7.4.0 for that..
[2025-12-09T09:39:36.977+0000] {logging_mixin.py:151} WARNING - /home/airflow/.local/lib/python3.9/site-packages/airflow/providers/cncf/kubernetes/operators/kubernetes_pod.py:33 DeprecationWarning: The `airflow.kubernetes.secret.Secret` class is deprecated. Please use `'airflow.providers.cncf.kubernetes.secret.Secret'`. The `cncf.kubernetes` provider must be >= 7.4.0 for that..
[2025-12-09T09:39:36.980+0000] {logging_mixin.py:151} WARNING - /home/airflow/.local/lib/python3.9/site-packages/airflow/providers/cncf/kubernetes/hooks/kubernetes.py:29 DeprecationWarning: The `airflow.kubernetes.kube_client._disable_verify_ssl` class is deprecated. Please use `'airflow.kubernetes.airflow.providers.cncf.kubernetes.kube_client._disable_verify_ssl'`. The `cncf.kubernetes` provider must be >= 7.4.0 for that..
[2025-12-09T09:39:36.982+0000] {logging_mixin.py:151} WARNING - /home/airflow/.local/lib/python3.9/site-packages/airflow/providers/cncf/kubernetes/hooks/kubernetes.py:29 DeprecationWarning: The `airflow.kubernetes.kube_client._enable_tcp_keepalive` class is deprecated. Please use `'airflow.kubernetes.airflow.providers.cncf.kubernetes.kube_client._enable_tcp_keepalive'`. The `cncf.kubernetes` provider must be >= 7.4.0 for that..
[2025-12-09T09:39:36.985+0000] {logging_mixin.py:151} WARNING - /home/airflow/.local/lib/python3.9/site-packages/airflow/providers/cncf/kubernetes/utils/pod_manager.py:40 DeprecationWarning: The `airflow.kubernetes.kube_client.get_kube_client` class is deprecated. Please use `'airflow.kubernetes.airflow.providers.cncf.kubernetes.kube_client.get_kube_client'`. The `cncf.kubernetes` provider must be >= 7.4.0 for that..
[2025-12-09T09:39:36.985+0000] {logging_mixin.py:151} WARNING - /home/airflow/.local/lib/python3.9/site-packages/airflow/providers/cncf/kubernetes/utils/pod_manager.py:41 DeprecationWarning: The `airflow.kubernetes.pod_generator.PodDefaults` class is deprecated. Please use `'airflow.kubernetes.pre_7_4_0_compatibility.pod_generator_deprecated.PodDefaults'`. The `cncf.kubernetes` provider must be >= 7.4.0 for that..
[2025-12-09T09:39:37.645+0000] {logging_mixin.py:151} WARNING - INFO  - [DagFileProcessor5] domino-.Task-NiftiDataL_981e378c2648421bbc0bc6339f4ecdf6 : 35 : 2025-12-09 09:39:37.645 ### Configuring task object ###
[2025-12-09T09:39:37.652+0000] {processor.py:839} INFO - DAG(s) dict_keys(['d714e607e62c40578f7691f8b22fb1fc']) retrieved from /opt/airflow/dags/d714e607e62c40578f7691f8b22fb1fc.py
[2025-12-09T09:39:37.687+0000] {logging_mixin.py:151} INFO - [2025-12-09T09:39:37.686+0000] {dag.py:2941} INFO - Sync 1 DAGs
[2025-12-09T09:39:37.706+0000] {logging_mixin.py:151} INFO - [2025-12-09T09:39:37.705+0000] {dag.py:3722} INFO - Setting next_dagrun for d714e607e62c40578f7691f8b22fb1fc to None, run_after=None
[2025-12-09T09:39:37.729+0000] {processor.py:179} INFO - Processing /opt/airflow/dags/d714e607e62c40578f7691f8b22fb1fc.py took 1.628 seconds
