[2025-12-09T09:50:30.633+0000] {processor.py:157} INFO - Started process (PID=83) to work on /opt/airflow/dags/dde392c099cf4123b076d7e2d46a404d.py
[2025-12-09T09:50:30.633+0000] {processor.py:829} INFO - Processing file /opt/airflow/dags/dde392c099cf4123b076d7e2d46a404d.py for tasks to queue
[2025-12-09T09:50:30.635+0000] {logging_mixin.py:151} INFO - [2025-12-09T09:50:30.635+0000] {dagbag.py:536} INFO - Filling up the DagBag from /opt/airflow/dags/dde392c099cf4123b076d7e2d46a404d.py
[2025-12-09T09:50:31.547+0000] {logging_mixin.py:151} WARNING - /home/airflow/.local/lib/python3.9/site-packages/airflow/providers/cncf/kubernetes/operators/kubernetes_pod.py:32 DeprecationWarning: The `airflow.kubernetes.pod_generator.PodGenerator` class is deprecated. Please use `'airflow.providers.cncf.kubernetes.pod_generator.PodGenerator'`. The `cncf.kubernetes` provider must be >= 7.4.0 for that..
[2025-12-09T09:50:31.553+0000] {logging_mixin.py:151} WARNING - /home/airflow/.local/lib/python3.9/site-packages/airflow/providers/cncf/kubernetes/operators/kubernetes_pod.py:33 DeprecationWarning: The `airflow.kubernetes.secret.Secret` class is deprecated. Please use `'airflow.providers.cncf.kubernetes.secret.Secret'`. The `cncf.kubernetes` provider must be >= 7.4.0 for that..
[2025-12-09T09:50:31.556+0000] {logging_mixin.py:151} WARNING - /home/airflow/.local/lib/python3.9/site-packages/airflow/providers/cncf/kubernetes/hooks/kubernetes.py:29 DeprecationWarning: The `airflow.kubernetes.kube_client._disable_verify_ssl` class is deprecated. Please use `'airflow.kubernetes.airflow.providers.cncf.kubernetes.kube_client._disable_verify_ssl'`. The `cncf.kubernetes` provider must be >= 7.4.0 for that..
[2025-12-09T09:50:31.558+0000] {logging_mixin.py:151} WARNING - /home/airflow/.local/lib/python3.9/site-packages/airflow/providers/cncf/kubernetes/hooks/kubernetes.py:29 DeprecationWarning: The `airflow.kubernetes.kube_client._enable_tcp_keepalive` class is deprecated. Please use `'airflow.kubernetes.airflow.providers.cncf.kubernetes.kube_client._enable_tcp_keepalive'`. The `cncf.kubernetes` provider must be >= 7.4.0 for that..
[2025-12-09T09:50:31.560+0000] {logging_mixin.py:151} WARNING - /home/airflow/.local/lib/python3.9/site-packages/airflow/providers/cncf/kubernetes/utils/pod_manager.py:40 DeprecationWarning: The `airflow.kubernetes.kube_client.get_kube_client` class is deprecated. Please use `'airflow.kubernetes.airflow.providers.cncf.kubernetes.kube_client.get_kube_client'`. The `cncf.kubernetes` provider must be >= 7.4.0 for that..
[2025-12-09T09:50:31.561+0000] {logging_mixin.py:151} WARNING - /home/airflow/.local/lib/python3.9/site-packages/airflow/providers/cncf/kubernetes/utils/pod_manager.py:41 DeprecationWarning: The `airflow.kubernetes.pod_generator.PodDefaults` class is deprecated. Please use `'airflow.kubernetes.pre_7_4_0_compatibility.pod_generator_deprecated.PodDefaults'`. The `cncf.kubernetes` provider must be >= 7.4.0 for that..
[2025-12-09T09:50:32.076+0000] {logging_mixin.py:151} WARNING - INFO  - [DagFileProcessor0] domino-.Task-NiftiDataL_37b84931888e454aac0ad9800b9a0106 : 35 : 2025-12-09 09:50:32.76 ### Configuring task object ###
[2025-12-09T09:50:32.082+0000] {processor.py:839} INFO - DAG(s) dict_keys(['dde392c099cf4123b076d7e2d46a404d']) retrieved from /opt/airflow/dags/dde392c099cf4123b076d7e2d46a404d.py
[2025-12-09T09:50:32.203+0000] {logging_mixin.py:151} INFO - [2025-12-09T09:50:32.202+0000] {manager.py:499} INFO - Created Permission View: %s
[2025-12-09T09:50:32.210+0000] {logging_mixin.py:151} INFO - [2025-12-09T09:50:32.210+0000] {manager.py:499} INFO - Created Permission View: %s
[2025-12-09T09:50:32.216+0000] {logging_mixin.py:151} INFO - [2025-12-09T09:50:32.216+0000] {manager.py:499} INFO - Created Permission View: %s
[2025-12-09T09:50:32.216+0000] {logging_mixin.py:151} INFO - [2025-12-09T09:50:32.216+0000] {dag.py:2941} INFO - Sync 1 DAGs
[2025-12-09T09:50:32.222+0000] {logging_mixin.py:151} INFO - [2025-12-09T09:50:32.222+0000] {dag.py:2963} INFO - Creating ORM DAG for dde392c099cf4123b076d7e2d46a404d
[2025-12-09T09:50:32.228+0000] {logging_mixin.py:151} INFO - [2025-12-09T09:50:32.228+0000] {dag.py:3722} INFO - Setting next_dagrun for dde392c099cf4123b076d7e2d46a404d to 2025-12-09T09:50:00+00:00, run_after=2025-12-09T09:50:00+00:00
[2025-12-09T09:50:32.237+0000] {processor.py:179} INFO - Processing /opt/airflow/dags/dde392c099cf4123b076d7e2d46a404d.py took 1.607 seconds
[2025-12-09T09:51:02.344+0000] {processor.py:157} INFO - Started process (PID=91) to work on /opt/airflow/dags/dde392c099cf4123b076d7e2d46a404d.py
[2025-12-09T09:51:02.345+0000] {processor.py:829} INFO - Processing file /opt/airflow/dags/dde392c099cf4123b076d7e2d46a404d.py for tasks to queue
[2025-12-09T09:51:02.346+0000] {logging_mixin.py:151} INFO - [2025-12-09T09:51:02.346+0000] {dagbag.py:536} INFO - Filling up the DagBag from /opt/airflow/dags/dde392c099cf4123b076d7e2d46a404d.py
[2025-12-09T09:51:03.128+0000] {logging_mixin.py:151} WARNING - /home/airflow/.local/lib/python3.9/site-packages/airflow/providers/cncf/kubernetes/operators/kubernetes_pod.py:32 DeprecationWarning: The `airflow.kubernetes.pod_generator.PodGenerator` class is deprecated. Please use `'airflow.providers.cncf.kubernetes.pod_generator.PodGenerator'`. The `cncf.kubernetes` provider must be >= 7.4.0 for that..
[2025-12-09T09:51:03.135+0000] {logging_mixin.py:151} WARNING - /home/airflow/.local/lib/python3.9/site-packages/airflow/providers/cncf/kubernetes/operators/kubernetes_pod.py:33 DeprecationWarning: The `airflow.kubernetes.secret.Secret` class is deprecated. Please use `'airflow.providers.cncf.kubernetes.secret.Secret'`. The `cncf.kubernetes` provider must be >= 7.4.0 for that..
[2025-12-09T09:51:03.139+0000] {logging_mixin.py:151} WARNING - /home/airflow/.local/lib/python3.9/site-packages/airflow/providers/cncf/kubernetes/hooks/kubernetes.py:29 DeprecationWarning: The `airflow.kubernetes.kube_client._disable_verify_ssl` class is deprecated. Please use `'airflow.kubernetes.airflow.providers.cncf.kubernetes.kube_client._disable_verify_ssl'`. The `cncf.kubernetes` provider must be >= 7.4.0 for that..
[2025-12-09T09:51:03.141+0000] {logging_mixin.py:151} WARNING - /home/airflow/.local/lib/python3.9/site-packages/airflow/providers/cncf/kubernetes/hooks/kubernetes.py:29 DeprecationWarning: The `airflow.kubernetes.kube_client._enable_tcp_keepalive` class is deprecated. Please use `'airflow.kubernetes.airflow.providers.cncf.kubernetes.kube_client._enable_tcp_keepalive'`. The `cncf.kubernetes` provider must be >= 7.4.0 for that..
[2025-12-09T09:51:03.142+0000] {logging_mixin.py:151} WARNING - /home/airflow/.local/lib/python3.9/site-packages/airflow/providers/cncf/kubernetes/utils/pod_manager.py:40 DeprecationWarning: The `airflow.kubernetes.kube_client.get_kube_client` class is deprecated. Please use `'airflow.kubernetes.airflow.providers.cncf.kubernetes.kube_client.get_kube_client'`. The `cncf.kubernetes` provider must be >= 7.4.0 for that..
[2025-12-09T09:51:03.143+0000] {logging_mixin.py:151} WARNING - /home/airflow/.local/lib/python3.9/site-packages/airflow/providers/cncf/kubernetes/utils/pod_manager.py:41 DeprecationWarning: The `airflow.kubernetes.pod_generator.PodDefaults` class is deprecated. Please use `'airflow.kubernetes.pre_7_4_0_compatibility.pod_generator_deprecated.PodDefaults'`. The `cncf.kubernetes` provider must be >= 7.4.0 for that..
[2025-12-09T09:51:03.545+0000] {logging_mixin.py:151} WARNING - INFO  - [DagFileProcessor1] domino-.Task-NiftiDataL_37b84931888e454aac0ad9800b9a0106 : 35 : 2025-12-09 09:51:03.545 ### Configuring task object ###
[2025-12-09T09:51:03.550+0000] {processor.py:839} INFO - DAG(s) dict_keys(['dde392c099cf4123b076d7e2d46a404d']) retrieved from /opt/airflow/dags/dde392c099cf4123b076d7e2d46a404d.py
[2025-12-09T09:51:03.573+0000] {logging_mixin.py:151} INFO - [2025-12-09T09:51:03.572+0000] {dag.py:2941} INFO - Sync 1 DAGs
[2025-12-09T09:51:03.584+0000] {logging_mixin.py:151} INFO - [2025-12-09T09:51:03.584+0000] {dag.py:3722} INFO - Setting next_dagrun for dde392c099cf4123b076d7e2d46a404d to None, run_after=None
[2025-12-09T09:51:03.597+0000] {processor.py:179} INFO - Processing /opt/airflow/dags/dde392c099cf4123b076d7e2d46a404d.py took 1.255 seconds
[2025-12-09T09:51:33.715+0000] {processor.py:157} INFO - Started process (PID=99) to work on /opt/airflow/dags/dde392c099cf4123b076d7e2d46a404d.py
[2025-12-09T09:51:33.717+0000] {processor.py:829} INFO - Processing file /opt/airflow/dags/dde392c099cf4123b076d7e2d46a404d.py for tasks to queue
[2025-12-09T09:51:33.720+0000] {logging_mixin.py:151} INFO - [2025-12-09T09:51:33.720+0000] {dagbag.py:536} INFO - Filling up the DagBag from /opt/airflow/dags/dde392c099cf4123b076d7e2d46a404d.py
[2025-12-09T09:51:34.970+0000] {logging_mixin.py:151} WARNING - /home/airflow/.local/lib/python3.9/site-packages/airflow/providers/cncf/kubernetes/operators/kubernetes_pod.py:32 DeprecationWarning: The `airflow.kubernetes.pod_generator.PodGenerator` class is deprecated. Please use `'airflow.providers.cncf.kubernetes.pod_generator.PodGenerator'`. The `cncf.kubernetes` provider must be >= 7.4.0 for that..
[2025-12-09T09:51:34.977+0000] {logging_mixin.py:151} WARNING - /home/airflow/.local/lib/python3.9/site-packages/airflow/providers/cncf/kubernetes/operators/kubernetes_pod.py:33 DeprecationWarning: The `airflow.kubernetes.secret.Secret` class is deprecated. Please use `'airflow.providers.cncf.kubernetes.secret.Secret'`. The `cncf.kubernetes` provider must be >= 7.4.0 for that..
[2025-12-09T09:51:34.980+0000] {logging_mixin.py:151} WARNING - /home/airflow/.local/lib/python3.9/site-packages/airflow/providers/cncf/kubernetes/hooks/kubernetes.py:29 DeprecationWarning: The `airflow.kubernetes.kube_client._disable_verify_ssl` class is deprecated. Please use `'airflow.kubernetes.airflow.providers.cncf.kubernetes.kube_client._disable_verify_ssl'`. The `cncf.kubernetes` provider must be >= 7.4.0 for that..
[2025-12-09T09:51:34.982+0000] {logging_mixin.py:151} WARNING - /home/airflow/.local/lib/python3.9/site-packages/airflow/providers/cncf/kubernetes/hooks/kubernetes.py:29 DeprecationWarning: The `airflow.kubernetes.kube_client._enable_tcp_keepalive` class is deprecated. Please use `'airflow.kubernetes.airflow.providers.cncf.kubernetes.kube_client._enable_tcp_keepalive'`. The `cncf.kubernetes` provider must be >= 7.4.0 for that..
[2025-12-09T09:51:34.983+0000] {logging_mixin.py:151} WARNING - /home/airflow/.local/lib/python3.9/site-packages/airflow/providers/cncf/kubernetes/utils/pod_manager.py:40 DeprecationWarning: The `airflow.kubernetes.kube_client.get_kube_client` class is deprecated. Please use `'airflow.kubernetes.airflow.providers.cncf.kubernetes.kube_client.get_kube_client'`. The `cncf.kubernetes` provider must be >= 7.4.0 for that..
[2025-12-09T09:51:34.984+0000] {logging_mixin.py:151} WARNING - /home/airflow/.local/lib/python3.9/site-packages/airflow/providers/cncf/kubernetes/utils/pod_manager.py:41 DeprecationWarning: The `airflow.kubernetes.pod_generator.PodDefaults` class is deprecated. Please use `'airflow.kubernetes.pre_7_4_0_compatibility.pod_generator_deprecated.PodDefaults'`. The `cncf.kubernetes` provider must be >= 7.4.0 for that..
[2025-12-09T09:51:35.538+0000] {logging_mixin.py:151} WARNING - INFO  - [DagFileProcessor2] domino-.Task-NiftiDataL_37b84931888e454aac0ad9800b9a0106 : 35 : 2025-12-09 09:51:35.537 ### Configuring task object ###
[2025-12-09T09:51:35.545+0000] {processor.py:839} INFO - DAG(s) dict_keys(['dde392c099cf4123b076d7e2d46a404d']) retrieved from /opt/airflow/dags/dde392c099cf4123b076d7e2d46a404d.py
[2025-12-09T09:51:35.574+0000] {logging_mixin.py:151} INFO - [2025-12-09T09:51:35.574+0000] {dag.py:2941} INFO - Sync 1 DAGs
[2025-12-09T09:51:35.598+0000] {logging_mixin.py:151} INFO - [2025-12-09T09:51:35.598+0000] {dag.py:3722} INFO - Setting next_dagrun for dde392c099cf4123b076d7e2d46a404d to None, run_after=None
[2025-12-09T09:51:35.623+0000] {processor.py:179} INFO - Processing /opt/airflow/dags/dde392c099cf4123b076d7e2d46a404d.py took 1.912 seconds
[2025-12-09T09:52:05.642+0000] {processor.py:157} INFO - Started process (PID=107) to work on /opt/airflow/dags/dde392c099cf4123b076d7e2d46a404d.py
[2025-12-09T09:52:05.651+0000] {processor.py:829} INFO - Processing file /opt/airflow/dags/dde392c099cf4123b076d7e2d46a404d.py for tasks to queue
[2025-12-09T09:52:05.652+0000] {logging_mixin.py:151} INFO - [2025-12-09T09:52:05.652+0000] {dagbag.py:536} INFO - Filling up the DagBag from /opt/airflow/dags/dde392c099cf4123b076d7e2d46a404d.py
[2025-12-09T09:52:06.468+0000] {logging_mixin.py:151} WARNING - /home/airflow/.local/lib/python3.9/site-packages/airflow/providers/cncf/kubernetes/operators/kubernetes_pod.py:32 DeprecationWarning: The `airflow.kubernetes.pod_generator.PodGenerator` class is deprecated. Please use `'airflow.providers.cncf.kubernetes.pod_generator.PodGenerator'`. The `cncf.kubernetes` provider must be >= 7.4.0 for that..
[2025-12-09T09:52:06.474+0000] {logging_mixin.py:151} WARNING - /home/airflow/.local/lib/python3.9/site-packages/airflow/providers/cncf/kubernetes/operators/kubernetes_pod.py:33 DeprecationWarning: The `airflow.kubernetes.secret.Secret` class is deprecated. Please use `'airflow.providers.cncf.kubernetes.secret.Secret'`. The `cncf.kubernetes` provider must be >= 7.4.0 for that..
[2025-12-09T09:52:06.477+0000] {logging_mixin.py:151} WARNING - /home/airflow/.local/lib/python3.9/site-packages/airflow/providers/cncf/kubernetes/hooks/kubernetes.py:29 DeprecationWarning: The `airflow.kubernetes.kube_client._disable_verify_ssl` class is deprecated. Please use `'airflow.kubernetes.airflow.providers.cncf.kubernetes.kube_client._disable_verify_ssl'`. The `cncf.kubernetes` provider must be >= 7.4.0 for that..
[2025-12-09T09:52:06.478+0000] {logging_mixin.py:151} WARNING - /home/airflow/.local/lib/python3.9/site-packages/airflow/providers/cncf/kubernetes/hooks/kubernetes.py:29 DeprecationWarning: The `airflow.kubernetes.kube_client._enable_tcp_keepalive` class is deprecated. Please use `'airflow.kubernetes.airflow.providers.cncf.kubernetes.kube_client._enable_tcp_keepalive'`. The `cncf.kubernetes` provider must be >= 7.4.0 for that..
[2025-12-09T09:52:06.480+0000] {logging_mixin.py:151} WARNING - /home/airflow/.local/lib/python3.9/site-packages/airflow/providers/cncf/kubernetes/utils/pod_manager.py:40 DeprecationWarning: The `airflow.kubernetes.kube_client.get_kube_client` class is deprecated. Please use `'airflow.kubernetes.airflow.providers.cncf.kubernetes.kube_client.get_kube_client'`. The `cncf.kubernetes` provider must be >= 7.4.0 for that..
[2025-12-09T09:52:06.480+0000] {logging_mixin.py:151} WARNING - /home/airflow/.local/lib/python3.9/site-packages/airflow/providers/cncf/kubernetes/utils/pod_manager.py:41 DeprecationWarning: The `airflow.kubernetes.pod_generator.PodDefaults` class is deprecated. Please use `'airflow.kubernetes.pre_7_4_0_compatibility.pod_generator_deprecated.PodDefaults'`. The `cncf.kubernetes` provider must be >= 7.4.0 for that..
[2025-12-09T09:52:06.920+0000] {logging_mixin.py:151} WARNING - INFO  - [DagFileProcessor3] domino-.Task-NiftiDataL_37b84931888e454aac0ad9800b9a0106 : 35 : 2025-12-09 09:52:06.919 ### Configuring task object ###
[2025-12-09T09:52:06.925+0000] {processor.py:839} INFO - DAG(s) dict_keys(['dde392c099cf4123b076d7e2d46a404d']) retrieved from /opt/airflow/dags/dde392c099cf4123b076d7e2d46a404d.py
[2025-12-09T09:52:06.954+0000] {logging_mixin.py:151} INFO - [2025-12-09T09:52:06.953+0000] {dag.py:2941} INFO - Sync 1 DAGs
[2025-12-09T09:52:06.974+0000] {logging_mixin.py:151} INFO - [2025-12-09T09:52:06.974+0000] {dag.py:3722} INFO - Setting next_dagrun for dde392c099cf4123b076d7e2d46a404d to None, run_after=None
[2025-12-09T09:52:06.987+0000] {processor.py:179} INFO - Processing /opt/airflow/dags/dde392c099cf4123b076d7e2d46a404d.py took 1.348 seconds
[2025-12-09T09:52:37.127+0000] {processor.py:157} INFO - Started process (PID=115) to work on /opt/airflow/dags/dde392c099cf4123b076d7e2d46a404d.py
[2025-12-09T09:52:37.136+0000] {processor.py:829} INFO - Processing file /opt/airflow/dags/dde392c099cf4123b076d7e2d46a404d.py for tasks to queue
[2025-12-09T09:52:37.138+0000] {logging_mixin.py:151} INFO - [2025-12-09T09:52:37.138+0000] {dagbag.py:536} INFO - Filling up the DagBag from /opt/airflow/dags/dde392c099cf4123b076d7e2d46a404d.py
[2025-12-09T09:52:38.398+0000] {logging_mixin.py:151} WARNING - /home/airflow/.local/lib/python3.9/site-packages/airflow/providers/cncf/kubernetes/operators/kubernetes_pod.py:32 DeprecationWarning: The `airflow.kubernetes.pod_generator.PodGenerator` class is deprecated. Please use `'airflow.providers.cncf.kubernetes.pod_generator.PodGenerator'`. The `cncf.kubernetes` provider must be >= 7.4.0 for that..
[2025-12-09T09:52:38.407+0000] {logging_mixin.py:151} WARNING - /home/airflow/.local/lib/python3.9/site-packages/airflow/providers/cncf/kubernetes/operators/kubernetes_pod.py:33 DeprecationWarning: The `airflow.kubernetes.secret.Secret` class is deprecated. Please use `'airflow.providers.cncf.kubernetes.secret.Secret'`. The `cncf.kubernetes` provider must be >= 7.4.0 for that..
[2025-12-09T09:52:38.413+0000] {logging_mixin.py:151} WARNING - /home/airflow/.local/lib/python3.9/site-packages/airflow/providers/cncf/kubernetes/hooks/kubernetes.py:29 DeprecationWarning: The `airflow.kubernetes.kube_client._disable_verify_ssl` class is deprecated. Please use `'airflow.kubernetes.airflow.providers.cncf.kubernetes.kube_client._disable_verify_ssl'`. The `cncf.kubernetes` provider must be >= 7.4.0 for that..
[2025-12-09T09:52:38.416+0000] {logging_mixin.py:151} WARNING - /home/airflow/.local/lib/python3.9/site-packages/airflow/providers/cncf/kubernetes/hooks/kubernetes.py:29 DeprecationWarning: The `airflow.kubernetes.kube_client._enable_tcp_keepalive` class is deprecated. Please use `'airflow.kubernetes.airflow.providers.cncf.kubernetes.kube_client._enable_tcp_keepalive'`. The `cncf.kubernetes` provider must be >= 7.4.0 for that..
[2025-12-09T09:52:38.418+0000] {logging_mixin.py:151} WARNING - /home/airflow/.local/lib/python3.9/site-packages/airflow/providers/cncf/kubernetes/utils/pod_manager.py:40 DeprecationWarning: The `airflow.kubernetes.kube_client.get_kube_client` class is deprecated. Please use `'airflow.kubernetes.airflow.providers.cncf.kubernetes.kube_client.get_kube_client'`. The `cncf.kubernetes` provider must be >= 7.4.0 for that..
[2025-12-09T09:52:38.419+0000] {logging_mixin.py:151} WARNING - /home/airflow/.local/lib/python3.9/site-packages/airflow/providers/cncf/kubernetes/utils/pod_manager.py:41 DeprecationWarning: The `airflow.kubernetes.pod_generator.PodDefaults` class is deprecated. Please use `'airflow.kubernetes.pre_7_4_0_compatibility.pod_generator_deprecated.PodDefaults'`. The `cncf.kubernetes` provider must be >= 7.4.0 for that..
[2025-12-09T09:52:39.356+0000] {logging_mixin.py:151} WARNING - INFO  - [DagFileProcessor4] domino-.Task-NiftiDataL_37b84931888e454aac0ad9800b9a0106 : 35 : 2025-12-09 09:52:39.356 ### Configuring task object ###
[2025-12-09T09:52:39.366+0000] {processor.py:839} INFO - DAG(s) dict_keys(['dde392c099cf4123b076d7e2d46a404d']) retrieved from /opt/airflow/dags/dde392c099cf4123b076d7e2d46a404d.py
[2025-12-09T09:52:39.407+0000] {logging_mixin.py:151} INFO - [2025-12-09T09:52:39.406+0000] {dag.py:2941} INFO - Sync 1 DAGs
[2025-12-09T09:52:39.434+0000] {logging_mixin.py:151} INFO - [2025-12-09T09:52:39.434+0000] {dag.py:3722} INFO - Setting next_dagrun for dde392c099cf4123b076d7e2d46a404d to None, run_after=None
[2025-12-09T09:52:39.465+0000] {processor.py:179} INFO - Processing /opt/airflow/dags/dde392c099cf4123b076d7e2d46a404d.py took 2.340 seconds
[2025-12-09T09:53:09.630+0000] {processor.py:157} INFO - Started process (PID=123) to work on /opt/airflow/dags/dde392c099cf4123b076d7e2d46a404d.py
[2025-12-09T09:53:09.631+0000] {processor.py:829} INFO - Processing file /opt/airflow/dags/dde392c099cf4123b076d7e2d46a404d.py for tasks to queue
[2025-12-09T09:53:09.634+0000] {logging_mixin.py:151} INFO - [2025-12-09T09:53:09.634+0000] {dagbag.py:536} INFO - Filling up the DagBag from /opt/airflow/dags/dde392c099cf4123b076d7e2d46a404d.py
[2025-12-09T09:53:11.516+0000] {logging_mixin.py:151} WARNING - /home/airflow/.local/lib/python3.9/site-packages/airflow/providers/cncf/kubernetes/operators/kubernetes_pod.py:32 DeprecationWarning: The `airflow.kubernetes.pod_generator.PodGenerator` class is deprecated. Please use `'airflow.providers.cncf.kubernetes.pod_generator.PodGenerator'`. The `cncf.kubernetes` provider must be >= 7.4.0 for that..
[2025-12-09T09:53:11.529+0000] {logging_mixin.py:151} WARNING - /home/airflow/.local/lib/python3.9/site-packages/airflow/providers/cncf/kubernetes/operators/kubernetes_pod.py:33 DeprecationWarning: The `airflow.kubernetes.secret.Secret` class is deprecated. Please use `'airflow.providers.cncf.kubernetes.secret.Secret'`. The `cncf.kubernetes` provider must be >= 7.4.0 for that..
[2025-12-09T09:53:11.535+0000] {logging_mixin.py:151} WARNING - /home/airflow/.local/lib/python3.9/site-packages/airflow/providers/cncf/kubernetes/hooks/kubernetes.py:29 DeprecationWarning: The `airflow.kubernetes.kube_client._disable_verify_ssl` class is deprecated. Please use `'airflow.kubernetes.airflow.providers.cncf.kubernetes.kube_client._disable_verify_ssl'`. The `cncf.kubernetes` provider must be >= 7.4.0 for that..
[2025-12-09T09:53:11.537+0000] {logging_mixin.py:151} WARNING - /home/airflow/.local/lib/python3.9/site-packages/airflow/providers/cncf/kubernetes/hooks/kubernetes.py:29 DeprecationWarning: The `airflow.kubernetes.kube_client._enable_tcp_keepalive` class is deprecated. Please use `'airflow.kubernetes.airflow.providers.cncf.kubernetes.kube_client._enable_tcp_keepalive'`. The `cncf.kubernetes` provider must be >= 7.4.0 for that..
[2025-12-09T09:53:11.540+0000] {logging_mixin.py:151} WARNING - /home/airflow/.local/lib/python3.9/site-packages/airflow/providers/cncf/kubernetes/utils/pod_manager.py:40 DeprecationWarning: The `airflow.kubernetes.kube_client.get_kube_client` class is deprecated. Please use `'airflow.kubernetes.airflow.providers.cncf.kubernetes.kube_client.get_kube_client'`. The `cncf.kubernetes` provider must be >= 7.4.0 for that..
[2025-12-09T09:53:11.540+0000] {logging_mixin.py:151} WARNING - /home/airflow/.local/lib/python3.9/site-packages/airflow/providers/cncf/kubernetes/utils/pod_manager.py:41 DeprecationWarning: The `airflow.kubernetes.pod_generator.PodDefaults` class is deprecated. Please use `'airflow.kubernetes.pre_7_4_0_compatibility.pod_generator_deprecated.PodDefaults'`. The `cncf.kubernetes` provider must be >= 7.4.0 for that..
[2025-12-09T09:53:12.435+0000] {logging_mixin.py:151} WARNING - INFO  - [DagFileProcessor5] domino-.Task-NiftiDataL_37b84931888e454aac0ad9800b9a0106 : 35 : 2025-12-09 09:53:12.435 ### Configuring task object ###
[2025-12-09T09:53:12.443+0000] {processor.py:839} INFO - DAG(s) dict_keys(['dde392c099cf4123b076d7e2d46a404d']) retrieved from /opt/airflow/dags/dde392c099cf4123b076d7e2d46a404d.py
[2025-12-09T09:53:12.485+0000] {logging_mixin.py:151} INFO - [2025-12-09T09:53:12.484+0000] {dag.py:2941} INFO - Sync 1 DAGs
[2025-12-09T09:53:12.512+0000] {logging_mixin.py:151} INFO - [2025-12-09T09:53:12.512+0000] {dag.py:3722} INFO - Setting next_dagrun for dde392c099cf4123b076d7e2d46a404d to None, run_after=None
[2025-12-09T09:53:12.541+0000] {processor.py:179} INFO - Processing /opt/airflow/dags/dde392c099cf4123b076d7e2d46a404d.py took 2.916 seconds
[2025-12-09T09:53:42.703+0000] {processor.py:157} INFO - Started process (PID=131) to work on /opt/airflow/dags/dde392c099cf4123b076d7e2d46a404d.py
[2025-12-09T09:53:42.705+0000] {processor.py:829} INFO - Processing file /opt/airflow/dags/dde392c099cf4123b076d7e2d46a404d.py for tasks to queue
[2025-12-09T09:53:42.708+0000] {logging_mixin.py:151} INFO - [2025-12-09T09:53:42.708+0000] {dagbag.py:536} INFO - Filling up the DagBag from /opt/airflow/dags/dde392c099cf4123b076d7e2d46a404d.py
[2025-12-09T09:53:45.316+0000] {logging_mixin.py:151} WARNING - /home/airflow/.local/lib/python3.9/site-packages/airflow/providers/cncf/kubernetes/operators/kubernetes_pod.py:32 DeprecationWarning: The `airflow.kubernetes.pod_generator.PodGenerator` class is deprecated. Please use `'airflow.providers.cncf.kubernetes.pod_generator.PodGenerator'`. The `cncf.kubernetes` provider must be >= 7.4.0 for that..
[2025-12-09T09:53:45.330+0000] {logging_mixin.py:151} WARNING - /home/airflow/.local/lib/python3.9/site-packages/airflow/providers/cncf/kubernetes/operators/kubernetes_pod.py:33 DeprecationWarning: The `airflow.kubernetes.secret.Secret` class is deprecated. Please use `'airflow.providers.cncf.kubernetes.secret.Secret'`. The `cncf.kubernetes` provider must be >= 7.4.0 for that..
[2025-12-09T09:53:45.339+0000] {logging_mixin.py:151} WARNING - /home/airflow/.local/lib/python3.9/site-packages/airflow/providers/cncf/kubernetes/hooks/kubernetes.py:29 DeprecationWarning: The `airflow.kubernetes.kube_client._disable_verify_ssl` class is deprecated. Please use `'airflow.kubernetes.airflow.providers.cncf.kubernetes.kube_client._disable_verify_ssl'`. The `cncf.kubernetes` provider must be >= 7.4.0 for that..
[2025-12-09T09:53:45.343+0000] {logging_mixin.py:151} WARNING - /home/airflow/.local/lib/python3.9/site-packages/airflow/providers/cncf/kubernetes/hooks/kubernetes.py:29 DeprecationWarning: The `airflow.kubernetes.kube_client._enable_tcp_keepalive` class is deprecated. Please use `'airflow.kubernetes.airflow.providers.cncf.kubernetes.kube_client._enable_tcp_keepalive'`. The `cncf.kubernetes` provider must be >= 7.4.0 for that..
[2025-12-09T09:53:45.349+0000] {logging_mixin.py:151} WARNING - /home/airflow/.local/lib/python3.9/site-packages/airflow/providers/cncf/kubernetes/utils/pod_manager.py:40 DeprecationWarning: The `airflow.kubernetes.kube_client.get_kube_client` class is deprecated. Please use `'airflow.kubernetes.airflow.providers.cncf.kubernetes.kube_client.get_kube_client'`. The `cncf.kubernetes` provider must be >= 7.4.0 for that..
[2025-12-09T09:53:45.351+0000] {logging_mixin.py:151} WARNING - /home/airflow/.local/lib/python3.9/site-packages/airflow/providers/cncf/kubernetes/utils/pod_manager.py:41 DeprecationWarning: The `airflow.kubernetes.pod_generator.PodDefaults` class is deprecated. Please use `'airflow.kubernetes.pre_7_4_0_compatibility.pod_generator_deprecated.PodDefaults'`. The `cncf.kubernetes` provider must be >= 7.4.0 for that..
[2025-12-09T09:53:46.220+0000] {logging_mixin.py:151} WARNING - INFO  - [DagFileProcessor6] domino-.Task-NiftiDataL_37b84931888e454aac0ad9800b9a0106 : 35 : 2025-12-09 09:53:46.220 ### Configuring task object ###
[2025-12-09T09:53:46.231+0000] {processor.py:839} INFO - DAG(s) dict_keys(['dde392c099cf4123b076d7e2d46a404d']) retrieved from /opt/airflow/dags/dde392c099cf4123b076d7e2d46a404d.py
[2025-12-09T09:53:46.271+0000] {logging_mixin.py:151} INFO - [2025-12-09T09:53:46.271+0000] {dag.py:2941} INFO - Sync 1 DAGs
[2025-12-09T09:53:46.305+0000] {logging_mixin.py:151} INFO - [2025-12-09T09:53:46.304+0000] {dag.py:3722} INFO - Setting next_dagrun for dde392c099cf4123b076d7e2d46a404d to None, run_after=None
[2025-12-09T09:53:46.344+0000] {processor.py:179} INFO - Processing /opt/airflow/dags/dde392c099cf4123b076d7e2d46a404d.py took 3.645 seconds
[2025-12-09T09:54:16.515+0000] {processor.py:157} INFO - Started process (PID=146) to work on /opt/airflow/dags/dde392c099cf4123b076d7e2d46a404d.py
[2025-12-09T09:54:16.516+0000] {processor.py:829} INFO - Processing file /opt/airflow/dags/dde392c099cf4123b076d7e2d46a404d.py for tasks to queue
[2025-12-09T09:54:16.519+0000] {logging_mixin.py:151} INFO - [2025-12-09T09:54:16.519+0000] {dagbag.py:536} INFO - Filling up the DagBag from /opt/airflow/dags/dde392c099cf4123b076d7e2d46a404d.py
[2025-12-09T09:54:17.805+0000] {logging_mixin.py:151} WARNING - /home/airflow/.local/lib/python3.9/site-packages/airflow/providers/cncf/kubernetes/operators/kubernetes_pod.py:32 DeprecationWarning: The `airflow.kubernetes.pod_generator.PodGenerator` class is deprecated. Please use `'airflow.providers.cncf.kubernetes.pod_generator.PodGenerator'`. The `cncf.kubernetes` provider must be >= 7.4.0 for that..
[2025-12-09T09:54:17.818+0000] {logging_mixin.py:151} WARNING - /home/airflow/.local/lib/python3.9/site-packages/airflow/providers/cncf/kubernetes/operators/kubernetes_pod.py:33 DeprecationWarning: The `airflow.kubernetes.secret.Secret` class is deprecated. Please use `'airflow.providers.cncf.kubernetes.secret.Secret'`. The `cncf.kubernetes` provider must be >= 7.4.0 for that..
[2025-12-09T09:54:17.825+0000] {logging_mixin.py:151} WARNING - /home/airflow/.local/lib/python3.9/site-packages/airflow/providers/cncf/kubernetes/hooks/kubernetes.py:29 DeprecationWarning: The `airflow.kubernetes.kube_client._disable_verify_ssl` class is deprecated. Please use `'airflow.kubernetes.airflow.providers.cncf.kubernetes.kube_client._disable_verify_ssl'`. The `cncf.kubernetes` provider must be >= 7.4.0 for that..
[2025-12-09T09:54:17.828+0000] {logging_mixin.py:151} WARNING - /home/airflow/.local/lib/python3.9/site-packages/airflow/providers/cncf/kubernetes/hooks/kubernetes.py:29 DeprecationWarning: The `airflow.kubernetes.kube_client._enable_tcp_keepalive` class is deprecated. Please use `'airflow.kubernetes.airflow.providers.cncf.kubernetes.kube_client._enable_tcp_keepalive'`. The `cncf.kubernetes` provider must be >= 7.4.0 for that..
[2025-12-09T09:54:17.832+0000] {logging_mixin.py:151} WARNING - /home/airflow/.local/lib/python3.9/site-packages/airflow/providers/cncf/kubernetes/utils/pod_manager.py:40 DeprecationWarning: The `airflow.kubernetes.kube_client.get_kube_client` class is deprecated. Please use `'airflow.kubernetes.airflow.providers.cncf.kubernetes.kube_client.get_kube_client'`. The `cncf.kubernetes` provider must be >= 7.4.0 for that..
[2025-12-09T09:54:17.833+0000] {logging_mixin.py:151} WARNING - /home/airflow/.local/lib/python3.9/site-packages/airflow/providers/cncf/kubernetes/utils/pod_manager.py:41 DeprecationWarning: The `airflow.kubernetes.pod_generator.PodDefaults` class is deprecated. Please use `'airflow.kubernetes.pre_7_4_0_compatibility.pod_generator_deprecated.PodDefaults'`. The `cncf.kubernetes` provider must be >= 7.4.0 for that..
[2025-12-09T09:54:19.052+0000] {logging_mixin.py:151} WARNING - INFO  - [DagFileProcessor7] domino-.Task-NiftiDataL_37b84931888e454aac0ad9800b9a0106 : 35 : 2025-12-09 09:54:19.52 ### Configuring task object ###
[2025-12-09T09:54:19.070+0000] {processor.py:839} INFO - DAG(s) dict_keys(['dde392c099cf4123b076d7e2d46a404d']) retrieved from /opt/airflow/dags/dde392c099cf4123b076d7e2d46a404d.py
[2025-12-09T09:54:19.130+0000] {logging_mixin.py:151} INFO - [2025-12-09T09:54:19.129+0000] {dag.py:2941} INFO - Sync 1 DAGs
[2025-12-09T09:54:19.174+0000] {logging_mixin.py:151} INFO - [2025-12-09T09:54:19.174+0000] {dag.py:3722} INFO - Setting next_dagrun for dde392c099cf4123b076d7e2d46a404d to None, run_after=None
[2025-12-09T09:54:19.217+0000] {processor.py:179} INFO - Processing /opt/airflow/dags/dde392c099cf4123b076d7e2d46a404d.py took 2.706 seconds
[2025-12-09T09:54:49.361+0000] {processor.py:157} INFO - Started process (PID=154) to work on /opt/airflow/dags/dde392c099cf4123b076d7e2d46a404d.py
[2025-12-09T09:54:49.362+0000] {processor.py:829} INFO - Processing file /opt/airflow/dags/dde392c099cf4123b076d7e2d46a404d.py for tasks to queue
[2025-12-09T09:54:49.364+0000] {logging_mixin.py:151} INFO - [2025-12-09T09:54:49.364+0000] {dagbag.py:536} INFO - Filling up the DagBag from /opt/airflow/dags/dde392c099cf4123b076d7e2d46a404d.py
[2025-12-09T09:54:50.260+0000] {logging_mixin.py:151} WARNING - /home/airflow/.local/lib/python3.9/site-packages/airflow/providers/cncf/kubernetes/operators/kubernetes_pod.py:32 DeprecationWarning: The `airflow.kubernetes.pod_generator.PodGenerator` class is deprecated. Please use `'airflow.providers.cncf.kubernetes.pod_generator.PodGenerator'`. The `cncf.kubernetes` provider must be >= 7.4.0 for that..
[2025-12-09T09:54:50.266+0000] {logging_mixin.py:151} WARNING - /home/airflow/.local/lib/python3.9/site-packages/airflow/providers/cncf/kubernetes/operators/kubernetes_pod.py:33 DeprecationWarning: The `airflow.kubernetes.secret.Secret` class is deprecated. Please use `'airflow.providers.cncf.kubernetes.secret.Secret'`. The `cncf.kubernetes` provider must be >= 7.4.0 for that..
[2025-12-09T09:54:50.271+0000] {logging_mixin.py:151} WARNING - /home/airflow/.local/lib/python3.9/site-packages/airflow/providers/cncf/kubernetes/hooks/kubernetes.py:29 DeprecationWarning: The `airflow.kubernetes.kube_client._disable_verify_ssl` class is deprecated. Please use `'airflow.kubernetes.airflow.providers.cncf.kubernetes.kube_client._disable_verify_ssl'`. The `cncf.kubernetes` provider must be >= 7.4.0 for that..
[2025-12-09T09:54:50.273+0000] {logging_mixin.py:151} WARNING - /home/airflow/.local/lib/python3.9/site-packages/airflow/providers/cncf/kubernetes/hooks/kubernetes.py:29 DeprecationWarning: The `airflow.kubernetes.kube_client._enable_tcp_keepalive` class is deprecated. Please use `'airflow.kubernetes.airflow.providers.cncf.kubernetes.kube_client._enable_tcp_keepalive'`. The `cncf.kubernetes` provider must be >= 7.4.0 for that..
[2025-12-09T09:54:50.276+0000] {logging_mixin.py:151} WARNING - /home/airflow/.local/lib/python3.9/site-packages/airflow/providers/cncf/kubernetes/utils/pod_manager.py:40 DeprecationWarning: The `airflow.kubernetes.kube_client.get_kube_client` class is deprecated. Please use `'airflow.kubernetes.airflow.providers.cncf.kubernetes.kube_client.get_kube_client'`. The `cncf.kubernetes` provider must be >= 7.4.0 for that..
[2025-12-09T09:54:50.277+0000] {logging_mixin.py:151} WARNING - /home/airflow/.local/lib/python3.9/site-packages/airflow/providers/cncf/kubernetes/utils/pod_manager.py:41 DeprecationWarning: The `airflow.kubernetes.pod_generator.PodDefaults` class is deprecated. Please use `'airflow.kubernetes.pre_7_4_0_compatibility.pod_generator_deprecated.PodDefaults'`. The `cncf.kubernetes` provider must be >= 7.4.0 for that..
[2025-12-09T09:54:50.999+0000] {logging_mixin.py:151} WARNING - INFO  - [DagFileProcessor8] domino-.Task-NiftiDataL_37b84931888e454aac0ad9800b9a0106 : 35 : 2025-12-09 09:54:50.999 ### Configuring task object ###
[2025-12-09T09:54:51.009+0000] {processor.py:839} INFO - DAG(s) dict_keys(['dde392c099cf4123b076d7e2d46a404d']) retrieved from /opt/airflow/dags/dde392c099cf4123b076d7e2d46a404d.py
[2025-12-09T09:54:51.049+0000] {logging_mixin.py:151} INFO - [2025-12-09T09:54:51.048+0000] {dag.py:2941} INFO - Sync 1 DAGs
[2025-12-09T09:54:51.079+0000] {logging_mixin.py:151} INFO - [2025-12-09T09:54:51.079+0000] {dag.py:3722} INFO - Setting next_dagrun for dde392c099cf4123b076d7e2d46a404d to None, run_after=None
[2025-12-09T09:54:51.103+0000] {processor.py:179} INFO - Processing /opt/airflow/dags/dde392c099cf4123b076d7e2d46a404d.py took 1.745 seconds
[2025-12-09T09:55:21.186+0000] {processor.py:157} INFO - Started process (PID=162) to work on /opt/airflow/dags/dde392c099cf4123b076d7e2d46a404d.py
[2025-12-09T09:55:21.194+0000] {processor.py:829} INFO - Processing file /opt/airflow/dags/dde392c099cf4123b076d7e2d46a404d.py for tasks to queue
[2025-12-09T09:55:21.196+0000] {logging_mixin.py:151} INFO - [2025-12-09T09:55:21.196+0000] {dagbag.py:536} INFO - Filling up the DagBag from /opt/airflow/dags/dde392c099cf4123b076d7e2d46a404d.py
[2025-12-09T09:55:21.976+0000] {logging_mixin.py:151} WARNING - /home/airflow/.local/lib/python3.9/site-packages/airflow/providers/cncf/kubernetes/operators/kubernetes_pod.py:32 DeprecationWarning: The `airflow.kubernetes.pod_generator.PodGenerator` class is deprecated. Please use `'airflow.providers.cncf.kubernetes.pod_generator.PodGenerator'`. The `cncf.kubernetes` provider must be >= 7.4.0 for that..
[2025-12-09T09:55:21.983+0000] {logging_mixin.py:151} WARNING - /home/airflow/.local/lib/python3.9/site-packages/airflow/providers/cncf/kubernetes/operators/kubernetes_pod.py:33 DeprecationWarning: The `airflow.kubernetes.secret.Secret` class is deprecated. Please use `'airflow.providers.cncf.kubernetes.secret.Secret'`. The `cncf.kubernetes` provider must be >= 7.4.0 for that..
[2025-12-09T09:55:21.985+0000] {logging_mixin.py:151} WARNING - /home/airflow/.local/lib/python3.9/site-packages/airflow/providers/cncf/kubernetes/hooks/kubernetes.py:29 DeprecationWarning: The `airflow.kubernetes.kube_client._disable_verify_ssl` class is deprecated. Please use `'airflow.kubernetes.airflow.providers.cncf.kubernetes.kube_client._disable_verify_ssl'`. The `cncf.kubernetes` provider must be >= 7.4.0 for that..
[2025-12-09T09:55:21.987+0000] {logging_mixin.py:151} WARNING - /home/airflow/.local/lib/python3.9/site-packages/airflow/providers/cncf/kubernetes/hooks/kubernetes.py:29 DeprecationWarning: The `airflow.kubernetes.kube_client._enable_tcp_keepalive` class is deprecated. Please use `'airflow.kubernetes.airflow.providers.cncf.kubernetes.kube_client._enable_tcp_keepalive'`. The `cncf.kubernetes` provider must be >= 7.4.0 for that..
[2025-12-09T09:55:21.988+0000] {logging_mixin.py:151} WARNING - /home/airflow/.local/lib/python3.9/site-packages/airflow/providers/cncf/kubernetes/utils/pod_manager.py:40 DeprecationWarning: The `airflow.kubernetes.kube_client.get_kube_client` class is deprecated. Please use `'airflow.kubernetes.airflow.providers.cncf.kubernetes.kube_client.get_kube_client'`. The `cncf.kubernetes` provider must be >= 7.4.0 for that..
[2025-12-09T09:55:21.989+0000] {logging_mixin.py:151} WARNING - /home/airflow/.local/lib/python3.9/site-packages/airflow/providers/cncf/kubernetes/utils/pod_manager.py:41 DeprecationWarning: The `airflow.kubernetes.pod_generator.PodDefaults` class is deprecated. Please use `'airflow.kubernetes.pre_7_4_0_compatibility.pod_generator_deprecated.PodDefaults'`. The `cncf.kubernetes` provider must be >= 7.4.0 for that..
[2025-12-09T09:55:22.384+0000] {logging_mixin.py:151} WARNING - INFO  - [DagFileProcessor9] domino-.Task-NiftiDataL_37b84931888e454aac0ad9800b9a0106 : 35 : 2025-12-09 09:55:22.384 ### Configuring task object ###
[2025-12-09T09:55:22.390+0000] {processor.py:839} INFO - DAG(s) dict_keys(['dde392c099cf4123b076d7e2d46a404d']) retrieved from /opt/airflow/dags/dde392c099cf4123b076d7e2d46a404d.py
[2025-12-09T09:55:22.414+0000] {logging_mixin.py:151} INFO - [2025-12-09T09:55:22.413+0000] {dag.py:2941} INFO - Sync 1 DAGs
[2025-12-09T09:55:22.431+0000] {logging_mixin.py:151} INFO - [2025-12-09T09:55:22.430+0000] {dag.py:3722} INFO - Setting next_dagrun for dde392c099cf4123b076d7e2d46a404d to None, run_after=None
[2025-12-09T09:55:22.450+0000] {processor.py:179} INFO - Processing /opt/airflow/dags/dde392c099cf4123b076d7e2d46a404d.py took 1.267 seconds
