[2025-12-09T09:58:06.913+0000] {taskinstance.py:1159} INFO - Dependencies all met for dep_context=non-requeueable deps ti=<TaskInstance: a33b9598a8c642b7b3bd8c85a966ecf1.NiftiDataL_37b84931888e454aac0ad9800b9a0106 scheduled__2025-12-09T09:57:00+00:00 [queued]>
[2025-12-09T09:58:06.921+0000] {taskinstance.py:1159} INFO - Dependencies all met for dep_context=requeueable deps ti=<TaskInstance: a33b9598a8c642b7b3bd8c85a966ecf1.NiftiDataL_37b84931888e454aac0ad9800b9a0106 scheduled__2025-12-09T09:57:00+00:00 [queued]>
[2025-12-09T09:58:06.921+0000] {taskinstance.py:1361} INFO - Starting attempt 1 of 1
[2025-12-09T09:58:06.929+0000] {taskinstance.py:1382} INFO - Executing <Task(DominoDockerOperator): NiftiDataL_37b84931888e454aac0ad9800b9a0106> on 2025-12-09 09:57:00+00:00
[2025-12-09T09:58:06.934+0000] {standard_task_runner.py:57} INFO - Started process 216 to run task
[2025-12-09T09:58:06.936+0000] {standard_task_runner.py:84} INFO - Running: ['***', 'tasks', 'run', 'a33b9598a8c642b7b3bd8c85a966ecf1', 'NiftiDataL_37b84931888e454aac0ad9800b9a0106', 'scheduled__2025-12-09T09:57:00+00:00', '--job-id', '5', '--raw', '--subdir', 'DAGS_FOLDER/a33b9598a8c642b7b3bd8c85a966ecf1.py', '--cfg-path', '/tmp/tmppreoo3ah']
[2025-12-09T09:58:06.937+0000] {standard_task_runner.py:85} INFO - Job 5: Subtask NiftiDataL_37b84931888e454aac0ad9800b9a0106
[2025-12-09T09:58:06.973+0000] {task_command.py:416} INFO - Running <TaskInstance: a33b9598a8c642b7b3bd8c85a966ecf1.NiftiDataL_37b84931888e454aac0ad9800b9a0106 scheduled__2025-12-09T09:57:00+00:00 [running]> on host 337ec7743ed8
[2025-12-09T09:58:07.023+0000] {taskinstance.py:1662} INFO - Exporting env vars: AIRFLOW_CTX_DAG_OWNER='***' AIRFLOW_CTX_DAG_ID='a33b9598a8c642b7b3bd8c85a966ecf1' AIRFLOW_CTX_TASK_ID='NiftiDataL_37b84931888e454aac0ad9800b9a0106' AIRFLOW_CTX_EXECUTION_DATE='2025-12-09T09:57:00+00:00' AIRFLOW_CTX_TRY_NUMBER='1' AIRFLOW_CTX_DAG_RUN_ID='scheduled__2025-12-09T09:57:00+00:00'
[2025-12-09T09:58:07.076+0000] {docker.py:324} INFO - Starting docker container from image ghcr.io/borzikpieces/borzikpieces:0.1.44-group0
[2025-12-09T09:58:07.847+0000] {docker.py:391} INFO - Welcome to Domino! ❤️
[2025-12-09T09:58:07.848+0000] {docker.py:391} INFO - Running Piece inside Docker container[33m...[0m
[2025-12-09T09:58:07.936+0000] {docker.py:391} INFO - INFO  - [     MainThread] domino-.NiftiDataLoaderPiece-NiftiDataL_37b84931888e454aac0ad9800b9a0106 : 69 : 2025-12-09 09:58:07.936 Started NiftiDataL_37b84931888e454aac0ad9800b9a0106 of type NiftiDataLoaderPiece at 2025-12-09T09:58:07.936023
INFO  - [     MainThread] domino-.NiftiDataLoaderPiece-NiftiDataL_37b84931888e454aac0ad9800b9a0106 : 70 : 2025-12-09 09:58:07.936 Start cut point for logger 48c94577-0225-4c3f-87c0-8add3f4e6d4b
INFO  - [     MainThread] domino-.NiftiDataLoaderPiece-NiftiDataL_37b84931888e454aac0ad9800b9a0106 : 21 : 2025-12-09 09:58:07.936 ============================================================
INFO  - [     MainThread] domino-.NiftiDataLoaderPiece-NiftiDataL_37b84931888e454aac0ad9800b9a0106 : 22 : 2025-12-09 09:58:07.936 Starting NiftiDataLoaderPiece execution
INFO  - [     MainThread] domino-.NiftiDataLoaderPiece-NiftiDataL_37b84931888e454aac0ad9800b9a0106 : 23 : 2025-12-09 09:58:07.936 ============================================================
INFO  - [     MainThread] domino-.NiftiDataLoaderPiece-NiftiDataL_37b84931888e454aac0ad9800b9a0106 : 29 : 2025-12-09 09:58:07.936 Input configuration:
INFO  - [     MainThread] domino-.NiftiDataLoaderPiece-NiftiDataL_37b84931888e454aac0ad9800b9a0106 : 30 : 2025-12-09 09:58:07.936   - Images path: /home/shared_storage/medical_data/images
INFO  - [     MainThread] domino-.NiftiDataLoaderPiece-NiftiDataL_37b84931888e454aac0ad9800b9a0106 : 31 : 2025-12-09 09:58:07.936   - Masks path: /home/shared_storage/medical_data/masks
INFO  - [     MainThread] domino-.NiftiDataLoaderPiece-NiftiDataL_37b84931888e454aac0ad9800b9a0106 : 32 : 2025-12-09 09:58:07.936   - File pattern: *.nii.gz
INFO  - [     MainThread] domino-.NiftiDataLoaderPiece-NiftiDataL_37b84931888e454aac0ad9800b9a0106 : 33 : 2025-12-09 09:58:07.936 Scanning for NIfTI files...
INFO  - [     MainThread] domino-.NiftiDataLoaderPiece-NiftiDataL_37b84931888e454aac0ad9800b9a0106 : 40 : 2025-12-09 09:58:07.936 Images directory validated: /home/shared_storage/medical_data/images
[2025-12-09T09:58:07.937+0000] {docker.py:391} INFO - INFO  - [     MainThread] domino-.NiftiDataLoaderPiece-NiftiDataL_37b84931888e454aac0ad9800b9a0106 : 51 : 2025-12-09 09:58:07.936 Found 50 image files
INFO  - [     MainThread] domino-.NiftiDataLoaderPiece-NiftiDataL_37b84931888e454aac0ad9800b9a0106 : 64 : 2025-12-09 09:58:07.937 Processing image files and searching for masks...
INFO  - [     MainThread] domino-.NiftiDataLoaderPiece-NiftiDataL_37b84931888e454aac0ad9800b9a0106 : 72 : 2025-12-09 09:58:07.937 Processing subject 1/50: sub-001
INFO  - [     MainThread] domino-.NiftiDataLoaderPiece-NiftiDataL_37b84931888e454aac0ad9800b9a0106 : 72 : 2025-12-09 09:58:07.937 Processing subject 10/50: sub-010
INFO  - [     MainThread] domino-.NiftiDataLoaderPiece-NiftiDataL_37b84931888e454aac0ad9800b9a0106 : 72 : 2025-12-09 09:58:07.937 Processing subject 20/50: sub-020
[2025-12-09T09:58:07.937+0000] {docker.py:391} INFO - INFO  - [     MainThread] domino-.NiftiDataLoaderPiece-NiftiDataL_37b84931888e454aac0ad9800b9a0106 : 72 : 2025-12-09 09:58:07.937 Processing subject 30/50: sub-030
INFO  - [     MainThread] domino-.NiftiDataLoaderPiece-NiftiDataL_37b84931888e454aac0ad9800b9a0106 : 72 : 2025-12-09 09:58:07.937 Processing subject 40/50: sub-040
INFO  - [     MainThread] domino-.NiftiDataLoaderPiece-NiftiDataL_37b84931888e454aac0ad9800b9a0106 : 72 : 2025-12-09 09:58:07.937 Processing subject 50/50: sub-050
INFO  - [     MainThread] domino-.NiftiDataLoaderPiece-NiftiDataL_37b84931888e454aac0ad9800b9a0106 : 95 : 2025-12-09 09:58:07.937 Data loading summary:
INFO  - [     MainThread] domino-.NiftiDataLoaderPiece-NiftiDataL_37b84931888e454aac0ad9800b9a0106 : 96 : 2025-12-09 09:58:07.937   - Total subjects: 50
INFO  - [     MainThread] domino-.NiftiDataLoaderPiece-NiftiDataL_37b84931888e454aac0ad9800b9a0106 : 97 : 2025-12-09 09:58:07.937   - With masks: 50 (100.0%)
INFO  - [     MainThread] domino-.NiftiDataLoaderPiece-NiftiDataL_37b84931888e454aac0ad9800b9a0106 : 98 : 2025-12-09 09:58:07.937   - Without masks: 0 (0.0%)
[2025-12-09T09:58:07.937+0000] {docker.py:391} INFO - INFO  - [     MainThread] domino-.NiftiDataLoaderPiece-NiftiDataL_37b84931888e454aac0ad9800b9a0106 : 109 : 2025-12-09 09:58:07.937 Sample subject IDs (first 5): ['sub-001', 'sub-002', 'sub-003', 'sub-004', 'sub-005']
INFO  - [     MainThread] domino-.NiftiDataLoaderPiece-NiftiDataL_37b84931888e454aac0ad9800b9a0106 : 110 : 2025-12-09 09:58:07.937 ============================================================
INFO  - [     MainThread] domino-.NiftiDataLoaderPiece-NiftiDataL_37b84931888e454aac0ad9800b9a0106 : 111 : 2025-12-09 09:58:07.937 NiftiDataLoaderPiece execution completed successfully
INFO  - [     MainThread] domino-.NiftiDataLoaderPiece-NiftiDataL_37b84931888e454aac0ad9800b9a0106 : 112 : 2025-12-09 09:58:07.937 ============================================================
[2025-12-09T09:58:07.953+0000] {docker.py:391} INFO - INFO  - [     MainThread] domino-.NiftiDataLoaderPiece-NiftiDataL_37b84931888e454aac0ad9800b9a0106 : 308 : 2025-12-09 09:58:07.952 Piece used 0 bytes of storage.
INFO  - [     MainThread] domino-.NiftiDataLoaderPiece-NiftiDataL_37b84931888e454aac0ad9800b9a0106 : 309 : 2025-12-09 09:58:07.952 End cut point for logger 48c94577-0225-4c3f-87c0-8add3f4e6d4b
[2025-12-09T09:58:08.204+0000] {taskinstance.py:1400} INFO - Marking task as SUCCESS. dag_id=a33b9598a8c642b7b3bd8c85a966ecf1, task_id=NiftiDataL_37b84931888e454aac0ad9800b9a0106, execution_date=20251209T095700, start_date=20251209T095806, end_date=20251209T095808
[2025-12-09T09:58:08.231+0000] {local_task_job_runner.py:228} INFO - Task exited with return code 0
[2025-12-09T09:58:08.255+0000] {taskinstance.py:2778} INFO - 2 downstream tasks scheduled from follow-on schedule check
