[2025-12-09T09:58:09.337+0000] {taskinstance.py:1159} INFO - Dependencies all met for dep_context=non-requeueable deps ti=<TaskInstance: a33b9598a8c642b7b3bd8c85a966ecf1.DataSplitP_54acc3ceb29a423892a76ed1ae55c73d scheduled__2025-12-09T09:57:00+00:00 [queued]>
[2025-12-09T09:58:09.343+0000] {taskinstance.py:1159} INFO - Dependencies all met for dep_context=requeueable deps ti=<TaskInstance: a33b9598a8c642b7b3bd8c85a966ecf1.DataSplitP_54acc3ceb29a423892a76ed1ae55c73d scheduled__2025-12-09T09:57:00+00:00 [queued]>
[2025-12-09T09:58:09.343+0000] {taskinstance.py:1361} INFO - Starting attempt 1 of 1
[2025-12-09T09:58:09.355+0000] {taskinstance.py:1382} INFO - Executing <Task(DominoDockerOperator): DataSplitP_54acc3ceb29a423892a76ed1ae55c73d> on 2025-12-09 09:57:00+00:00
[2025-12-09T09:58:09.361+0000] {standard_task_runner.py:57} INFO - Started process 219 to run task
[2025-12-09T09:58:09.365+0000] {standard_task_runner.py:84} INFO - Running: ['***', 'tasks', 'run', 'a33b9598a8c642b7b3bd8c85a966ecf1', 'DataSplitP_54acc3ceb29a423892a76ed1ae55c73d', 'scheduled__2025-12-09T09:57:00+00:00', '--job-id', '6', '--raw', '--subdir', 'DAGS_FOLDER/a33b9598a8c642b7b3bd8c85a966ecf1.py', '--cfg-path', '/tmp/tmpqg__uh10']
[2025-12-09T09:58:09.366+0000] {standard_task_runner.py:85} INFO - Job 6: Subtask DataSplitP_54acc3ceb29a423892a76ed1ae55c73d
[2025-12-09T09:58:09.408+0000] {task_command.py:416} INFO - Running <TaskInstance: a33b9598a8c642b7b3bd8c85a966ecf1.DataSplitP_54acc3ceb29a423892a76ed1ae55c73d scheduled__2025-12-09T09:57:00+00:00 [running]> on host 337ec7743ed8
[2025-12-09T09:58:09.476+0000] {taskinstance.py:1662} INFO - Exporting env vars: AIRFLOW_CTX_DAG_OWNER='***' AIRFLOW_CTX_DAG_ID='a33b9598a8c642b7b3bd8c85a966ecf1' AIRFLOW_CTX_TASK_ID='DataSplitP_54acc3ceb29a423892a76ed1ae55c73d' AIRFLOW_CTX_EXECUTION_DATE='2025-12-09T09:57:00+00:00' AIRFLOW_CTX_TRY_NUMBER='1' AIRFLOW_CTX_DAG_RUN_ID='scheduled__2025-12-09T09:57:00+00:00'
[2025-12-09T09:58:09.554+0000] {docker.py:324} INFO - Starting docker container from image ghcr.io/borzikpieces/borzikpieces:0.1.44-group0
[2025-12-09T09:58:10.540+0000] {docker.py:391} INFO - Welcome to Domino! ❤️
[2025-12-09T09:58:10.541+0000] {docker.py:391} INFO - Running Piece inside Docker container[33m...[0m
[2025-12-09T09:58:10.651+0000] {docker.py:391} INFO - INFO  - [     MainThread] domino-.DataSplitPiece-DataSplitP_54acc3ceb29a423892a76ed1ae55c73d : 69 : 2025-12-09 09:58:10.650 Started DataSplitP_54acc3ceb29a423892a76ed1ae55c73d of type DataSplitPiece at 2025-12-09T09:58:10.650532
INFO  - [     MainThread] domino-.DataSplitPiece-DataSplitP_54acc3ceb29a423892a76ed1ae55c73d : 70 : 2025-12-09 09:58:10.650 Start cut point for logger 48c94577-0225-4c3f-87c0-8add3f4e6d4b
[2025-12-09T09:58:10.651+0000] {docker.py:391} INFO - INFO  - [     MainThread] domino-.DataSplitPiece-DataSplitP_54acc3ceb29a423892a76ed1ae55c73d : 19 : 2025-12-09 09:58:10.650 ============================================================
INFO  - [     MainThread] domino-.DataSplitPiece-DataSplitP_54acc3ceb29a423892a76ed1ae55c73d : 20 : 2025-12-09 09:58:10.651 Starting DataSplitPiece execution
INFO  - [     MainThread] domino-.DataSplitPiece-DataSplitP_54acc3ceb29a423892a76ed1ae55c73d : 21 : 2025-12-09 09:58:10.651 ============================================================
INFO  - [     MainThread] domino-.DataSplitPiece-DataSplitP_54acc3ceb29a423892a76ed1ae55c73d : 30 : 2025-12-09 09:58:10.651 Input configuration:
INFO  - [     MainThread] domino-.DataSplitPiece-DataSplitP_54acc3ceb29a423892a76ed1ae55c73d : 31 : 2025-12-09 09:58:10.651   - Number of subjects: 50
INFO  - [     MainThread] domino-.DataSplitPiece-DataSplitP_54acc3ceb29a423892a76ed1ae55c73d : 32 : 2025-12-09 09:58:10.651   - Train ratio: 0.7
INFO  - [     MainThread] domino-.DataSplitPiece-DataSplitP_54acc3ceb29a423892a76ed1ae55c73d : 33 : 2025-12-09 09:58:10.651   - Val ratio: 0.15
INFO  - [     MainThread] domino-.DataSplitPiece-DataSplitP_54acc3ceb29a423892a76ed1ae55c73d : 34 : 2025-12-09 09:58:10.651   - Test ratio: 0.15
INFO  - [     MainThread] domino-.DataSplitPiece-DataSplitP_54acc3ceb29a423892a76ed1ae55c73d : 35 : 2025-12-09 09:58:10.651   - Random seed: 42
INFO  - [     MainThread] domino-.DataSplitPiece-DataSplitP_54acc3ceb29a423892a76ed1ae55c73d : 36 : 2025-12-09 09:58:10.651   - Split strategy: random
INFO  - [     MainThread] domino-.DataSplitPiece-DataSplitP_54acc3ceb29a423892a76ed1ae55c73d : 48 : 2025-12-09 09:58:10.651 Splitting 50 subjects with ratios: train=0.70, val=0.15, test=0.15
INFO  - [     MainThread] domino-.DataSplitPiece-DataSplitP_54acc3ceb29a423892a76ed1ae55c73d : 58 : 2025-12-09 09:58:10.651 Applied random shuffle with seed=42
INFO  - [     MainThread] domino-.DataSplitPiece-DataSplitP_54acc3ceb29a423892a76ed1ae55c73d : 66 : 2025-12-09 09:58:10.651 Split indices: train_end=35, val_end=42, total=50
[2025-12-09T09:58:10.651+0000] {docker.py:391} INFO - INFO  - [     MainThread] domino-.DataSplitPiece-DataSplitP_54acc3ceb29a423892a76ed1ae55c73d : 73 : 2025-12-09 09:58:10.651 Split results:
INFO  - [     MainThread] domino-.DataSplitPiece-DataSplitP_54acc3ceb29a423892a76ed1ae55c73d : 74 : 2025-12-09 09:58:10.651   - Train: 35 subjects (70.0%)
INFO  - [     MainThread] domino-.DataSplitPiece-DataSplitP_54acc3ceb29a423892a76ed1ae55c73d : 75 : 2025-12-09 09:58:10.651   - Val: 7 subjects (14.0%)
INFO  - [     MainThread] domino-.DataSplitPiece-DataSplitP_54acc3ceb29a423892a76ed1ae55c73d : 76 : 2025-12-09 09:58:10.651   - Test: 8 subjects (16.0%)
INFO  - [     MainThread] domino-.DataSplitPiece-DataSplitP_54acc3ceb29a423892a76ed1ae55c73d : 94 : 2025-12-09 09:58:10.651 Split complete: train=35, val=7, test=8
INFO  - [     MainThread] domino-.DataSplitPiece-DataSplitP_54acc3ceb29a423892a76ed1ae55c73d : 95 : 2025-12-09 09:58:10.651 ============================================================
INFO  - [     MainThread] domino-.DataSplitPiece-DataSplitP_54acc3ceb29a423892a76ed1ae55c73d : 96 : 2025-12-09 09:58:10.651 DataSplitPiece execution completed successfully
INFO  - [     MainThread] domino-.DataSplitPiece-DataSplitP_54acc3ceb29a423892a76ed1ae55c73d : 97 : 2025-12-09 09:58:10.651 ============================================================
[2025-12-09T09:58:10.659+0000] {docker.py:391} INFO - INFO  - [     MainThread] domino-.DataSplitPiece-DataSplitP_54acc3ceb29a423892a76ed1ae55c73d : 308 : 2025-12-09 09:58:10.659 Piece used 0 bytes of storage.
INFO  - [     MainThread] domino-.DataSplitPiece-DataSplitP_54acc3ceb29a423892a76ed1ae55c73d : 309 : 2025-12-09 09:58:10.659 End cut point for logger 48c94577-0225-4c3f-87c0-8add3f4e6d4b
[2025-12-09T09:58:10.950+0000] {taskinstance.py:1400} INFO - Marking task as SUCCESS. dag_id=a33b9598a8c642b7b3bd8c85a966ecf1, task_id=DataSplitP_54acc3ceb29a423892a76ed1ae55c73d, execution_date=20251209T095700, start_date=20251209T095809, end_date=20251209T095810
[2025-12-09T09:58:10.980+0000] {local_task_job_runner.py:228} INFO - Task exited with return code 0
[2025-12-09T09:58:11.004+0000] {taskinstance.py:2778} INFO - 3 downstream tasks scheduled from follow-on schedule check
